2013-12-18 12:20:24 292	support dev list ok!
2013-12-18 12:20:24 294	TYPE  NAME            SOCKET
2013-12-18 12:20:24 297	00    MingHong Dev    04
2013-12-18 12:20:24 299	02    DC D8           04
2013-12-18 12:20:24 302	03    DC T6           04
2013-12-18 12:22:46 301	config get ok!
2013-12-18 12:22:46 305	ID    TYPE  COM   SOCKET  HANDLE
2013-12-18 12:22:46 307	00    03    64    00
2013-12-18 12:22:48 709	config get ok!
2013-12-18 12:22:48 713	ID    TYPE  COM   SOCKET  HANDLE
2013-12-18 12:22:48 716	00    03    64    00
2013-12-18 12:22:48 729	config open ok!
2013-12-18 12:22:48 733	00    03    64    00      000000B4
2013-12-18 12:22:55 686	cpu reset error!: er = 11
2013-12-18 12:22:57 166	cpu set baudrate ok!
2013-12-18 12:22:58 095	cpu reset error!: er = 11
2013-12-18 12:23:06 965	cpu set baudrate ok!
2013-12-18 12:23:08 051	cpu reset ok!
2013-12-18 12:23:08 056	rsp = 3B690000574437517063022236
2017-11-08 16:40:31 693	support dev list ok!
2017-11-08 16:40:31 705	TYPE  NAME            SOCKET
2017-11-08 16:40:31 709	00    MingHong Dev    04
2017-11-08 16:40:31 711	02    DC D8           04
2017-11-08 16:40:31 714	03    DC T6           04
2017-11-08 16:40:31 716	04    WQ W1584        04
2017-11-08 16:40:38 881	config get ok!
2017-11-08 16:40:38 883	ID    TYPE  COM   SOCKET  HANDLE
2017-11-08 16:40:38 885	00    04    01    00
2017-11-08 16:40:44 688	config del ok!
2017-11-08 16:41:03 523	config add ok!
2017-11-08 16:41:05 689	config get ok!
2017-11-08 16:41:05 691	ID    TYPE  COM   SOCKET  HANDLE
2017-11-08 16:41:05 693	00    03    64    00
2017-11-08 16:41:05 702	config open ok!
2017-11-08 16:41:05 704	00    03    64    00      000000B4
2017-11-21 17:27:40 445	support dev list ok!
2017-11-21 17:27:40 466	TYPE  NAME            SOCKET
2017-11-21 17:27:40 467	00    MingHong Dev    04
2017-11-21 17:27:40 469	02    DC D8           04
2017-11-21 17:27:40 470	03    DC T6           04
2017-11-21 17:27:40 472	04    WQ W1584        04
2017-11-21 17:27:40 850	config get ok!
2017-11-21 17:27:40 852	ID    TYPE  COM   SOCKET  HANDLE
2017-11-21 17:27:40 854	00    03    64    00
2017-11-21 17:27:42 578	config get ok!
2017-11-21 17:27:42 579	ID    TYPE  COM   SOCKET  HANDLE
2017-11-21 17:27:42 580	00    03    64    00
2017-11-21 17:27:42 586	config open error!: er = 6
2017-11-21 17:46:26 173	support dev list ok!
2017-11-21 17:46:26 184	TYPE  NAME            SOCKET
2017-11-21 17:46:26 191	00    MingHong Dev    04
2017-11-21 17:46:26 196	02    DC D8           04
2017-11-21 17:46:26 201	03    DC T6           04
2017-11-21 17:46:26 207	04    WQ W1584        04
2017-11-21 17:46:26 776	config get ok!
2017-11-21 17:46:26 787	ID    TYPE  COM   SOCKET  HANDLE
2017-11-21 17:46:26 800	00    03    64    00
2017-11-21 17:46:28 899	config get ok!
2017-11-21 17:46:28 903	ID    TYPE  COM   SOCKET  HANDLE
2017-11-21 17:46:28 907	00    03    64    00
2017-11-21 17:46:28 916	config open error!: er = 6
2017-11-21 17:47:13 746	config get ok!
2017-11-21 17:47:13 764	ID    TYPE  COM   SOCKET  HANDLE
2017-11-21 17:47:13 774	00    03    64    00
2017-11-21 17:47:13 791	config open ok!
2017-11-21 17:47:13 802	00    03    64    00      000000B4
2017-11-21 17:47:16 500	cpu set baudrate ok!
2017-11-21 17:47:17 124	cpu reset error!: er = 11
2017-11-21 17:47:50 935	cpu reset ok!
2017-11-21 17:47:50 956	rsp = 3B7918000050534D5F5443313030
2017-11-21 17:47:59 648	cpu cmd ok!
2017-11-21 17:47:59 669	cmd = 00A40000021001
2017-11-21 17:47:59 679	rsp = 6F2A840A11223344556677889900A51C9F0C19011001410007310000000041000731000000002017110920279000
2017-11-21 17:48:54 872	cpu cmd ok!
2017-11-21 17:48:54 897	cmd = 80FC01010D2AAF4C8000000005338017FAA5
2017-11-21 17:48:54 908	rsp = E1238B2CFF769000
2017-11-21 17:51:46 950	cpu reset ok!
2017-11-21 17:51:46 973	rsp = 3B7918000050534D5F5443313030
2017-11-21 17:51:54 593	cpu cmd ok!
2017-11-21 17:51:54 616	cmd = 00A40000021001
2017-11-21 17:51:54 630	rsp = 6F2A840A11223344556677889900A51C9F0C19011001410007310000000041000731000000002017110920279000
2017-11-21 17:52:04 920	cpu cmd ok!
2017-11-21 17:52:04 940	cmd = 80FC01010D2AAF4C8000000005338017FAA5
2017-11-21 17:52:04 953	rsp = E1238B2CFF769000
2017-11-28 14:59:04 123	support dev list ok!
2017-11-28 14:59:04 141	TYPE  NAME            SOCKET
2017-11-28 14:59:04 142	00    MingHong Dev    04
2017-11-28 14:59:04 143	02    DC D8           04
2017-11-28 14:59:04 143	03    DC T6           04
2017-11-28 14:59:04 144	04    WQ W1584        04
2017-11-28 14:59:04 758	config get ok!
2017-11-28 14:59:04 759	ID    TYPE  COM   SOCKET  HANDLE
2017-11-28 14:59:04 760	00    03    64    00
2017-11-28 14:59:06 473	config get ok!
2017-11-28 14:59:06 474	ID    TYPE  COM   SOCKET  HANDLE
2017-11-28 14:59:06 475	00    03    64    00
2017-11-28 14:59:06 480	config open ok!
2017-11-28 14:59:06 481	00    03    64    00      000000B4
2017-11-28 14:59:09 565	cpu set baudrate ok!
2017-11-28 14:59:10 535	cpu reset ok!
2017-11-28 14:59:10 536	rsp = 3B7918000050534D5F5443313030
2017-11-28 14:59:22 398	cpu cmd ok!
2017-11-28 14:59:22 400	cmd = 00A40000021001
2017-11-28 14:59:22 401	rsp = 6F2A840A11223344556677889900A51C9F0C19011001410007310000000041000731000000002017110920279000
2017-11-28 14:59:30 956	cpu cmd ok!
2017-11-28 14:59:30 957	cmd = 0084000008
2017-11-28 14:59:30 958	rsp = 8734BB3696D4C07A9000
2017-11-28 15:02:42 074	cpu cmd ok!
2017-11-28 15:02:42 075	cmd = 0082000108C463912ACDF84CA7
2017-11-28 15:02:42 076	rsp = 63C2
2017-11-28 15:03:13 624	cpu cmd ok!
2017-11-28 15:03:13 625	cmd = 00B0960010
2017-11-28 15:03:13 626	rsp = 6C06
2017-11-28 15:03:18 581	cpu cmd ok!
2017-11-28 15:03:18 583	cmd = 00B0960006
2017-11-28 15:03:18 586	rsp = 0000000100009000
2017-11-28 15:03:39 567	cpu cmd ok!
2017-11-28 15:03:39 569	cmd = 0084000008
2017-11-28 15:03:39 570	rsp = C02651AE20A7D4BD9000
2017-11-28 15:04:50 997	cpu cmd ok!
2017-11-28 15:04:50 999	cmd = 00B0950020
2017-11-28 15:04:51 001	rsp = 6A82
2017-11-28 15:05:47 112	cpu cmd ok!
2017-11-28 15:05:47 114	cmd = 00B0960020
2017-11-28 15:05:47 115	rsp = 6C06
2017-11-28 15:05:57 862	cpu cmd ok!
2017-11-28 15:05:57 864	cmd = 00B0950020
2017-11-28 15:05:57 865	rsp = 6A82
2017-11-28 15:06:11 602	cpu reset ok!
2017-11-28 15:06:11 604	rsp = 3B7918000050534D5F5443313030
2017-11-28 15:06:13 437	cpu cmd ok!
2017-11-28 15:06:13 439	cmd = 00B0950020
2017-11-28 15:06:13 440	rsp = 6C10
2017-11-28 15:06:18 474	cpu cmd ok!
2017-11-28 15:06:18 475	cmd = 00B0950010
2017-11-28 15:06:18 477	rsp = 43538300000001E000520001000000009000
2017-11-28 15:10:05 804	cpu cmd ok!
2017-11-28 15:10:05 806	cmd = 00B0960010
2017-11-28 15:10:05 807	rsp = 6C06
2017-11-28 15:10:13 010	cpu cmd ok!
2017-11-28 15:10:13 013	cmd = 00B0960006
2017-11-28 15:10:13 021	rsp = 8300000001E09000
2017-11-28 15:13:27 367	cpu cmd ok!
2017-11-28 15:13:27 372	cmd = 0084000008
2017-11-28 15:13:27 375	rsp = C8BD5371188DE6A59000
2017-11-28 15:14:21 404	cpu cmd ok!
2017-11-28 15:14:21 406	cmd = 00A40000021001
2017-11-28 15:14:21 408	rsp = 6F2A840A11223344556677889900A51C9F0C19011001410007310000000041000731000000002017110920279000
2017-11-28 15:14:29 343	cpu cmd ok!
2017-11-28 15:14:29 345	cmd = 0084000008
2017-11-28 15:14:29 353	rsp = 6A45FB97F71852EF9000
2017-11-28 15:15:32 091	cpu cmd ok!
2017-11-28 15:15:32 094	cmd = 0082000108C25B1AF8A8B80375
2017-11-28 15:15:32 097	rsp = 9000
2017-11-28 15:23:27 373	config close ok!
2019-07-22 15:20:22 964	support dev list ok!
2019-07-22 15:20:22 967	TYPE  NAME            SOCKET
2019-07-22 15:20:22 970	00    MingHong Dev    04
2019-07-22 15:20:22 972	02    DC D8           04
2019-07-22 15:20:22 975	03    DC T6           04
2019-07-22 15:20:22 978	04    WQ W1584        04
2019-07-22 15:20:24 752	config get ok!
2019-07-22 15:20:24 754	ID    TYPE  COM   SOCKET  HANDLE
2019-07-22 15:20:24 757	00    03    64    00
2019-07-22 15:20:34 366	config get ok!
2019-07-22 15:20:34 368	ID    TYPE  COM   SOCKET  HANDLE
2019-07-22 15:20:34 371	00    03    64    00
2019-07-22 15:20:34 398	config open ok!
2019-07-22 15:20:34 400	00    03    64    00      000000B4
2019-07-22 15:20:42 645	cpu reset ok!
2019-07-22 15:20:42 649	rsp = 3B7918000050534D5F5443313030
2019-07-22 15:21:04 701	cpu cmd ok!
2019-07-22 15:21:04 704	cmd = 00A40000021001
2019-07-22 15:21:04 707	rsp = 6F2A840A11223344556677889900A51C9F0C190110FFFFFFFFFFFFFF11FFFFFFFFFFFFFF20020801200512319000
2019-07-22 15:21:15 143	cpu cmd ok!
2019-07-22 15:21:15 146	cmd = 0084000004
2019-07-22 15:21:15 149	rsp = CE700B899000
2019-07-22 15:21:21 570	cpu cmd ok!
2019-07-22 15:21:21 574	cmd = 00820000081122334455667788
2019-07-22 15:21:21 578	rsp = 6983
2019-07-22 15:24:38 115	support dev list ok!
2019-07-22 15:24:38 117	TYPE  NAME            SOCKET
2019-07-22 15:24:38 120	00    MingHong Dev    04
2019-07-22 15:24:38 123	02    DC D8           04
2019-07-22 15:24:38 126	03    DC T6           04
2019-07-22 15:24:38 129	04    WQ W1584        04
2019-07-22 15:24:39 229	config get ok!
2019-07-22 15:24:39 230	ID    TYPE  COM   SOCKET  HANDLE
2019-07-22 15:24:39 232	00    03    64    00
2019-07-22 15:24:40 579	config get ok!
2019-07-22 15:24:40 581	ID    TYPE  COM   SOCKET  HANDLE
2019-07-22 15:24:40 582	00    03    64    00
2019-07-22 15:24:40 606	config open error!: er = 6
2019-07-22 15:25:14 579	config get ok!
2019-07-22 15:25:14 583	ID    TYPE  COM   SOCKET  HANDLE
2019-07-22 15:25:14 586	00    03    64    00
2019-07-22 15:25:14 614	config open error!: er = 6
2019-07-22 15:26:01 809	support dev list ok!
2019-07-22 15:26:01 812	TYPE  NAME            SOCKET
2019-07-22 15:26:01 813	00    MingHong Dev    04
2019-07-22 15:26:01 816	02    DC D8           04
2019-07-22 15:26:01 818	03    DC T6           04
2019-07-22 15:26:01 821	04    WQ W1584        04
2019-07-22 15:26:05 516	config get ok!
2019-07-22 15:26:05 519	ID    TYPE  COM   SOCKET  HANDLE
2019-07-22 15:26:05 522	00    03    64    00
2019-07-22 15:26:08 594	config get ok!
2019-07-22 15:26:08 596	ID    TYPE  COM   SOCKET  HANDLE
2019-07-22 15:26:08 598	00    03    64    00
2019-07-22 15:26:08 618	config open ok!
2019-07-22 15:26:08 619	00    03    64    00      000000B4
2019-07-22 15:26:44 476	cpu cmd error!: er = 11
2019-07-22 15:26:59 467	config get ok!
2019-07-22 15:26:59 469	ID    TYPE  COM   SOCKET  HANDLE
2019-07-22 15:26:59 471	00    03    64    00
2019-07-22 15:26:59 503	config open ok!
2019-07-22 15:26:59 505	00    03    64    00      000000B4
2019-07-22 15:27:07 086	cpu cmd ok!
2019-07-22 15:27:07 090	cmd = 00A40000021001
2019-07-22 15:27:07 093	rsp = 6F2A840A11223344556677889900A51C9F0C190110FFFFFFFFFFFFFF11FFFFFFFFFFFFFF20020801200512319000
2019-07-22 15:27:33 259	config get ok!
2019-07-22 15:27:33 261	ID    TYPE  COM   SOCKET  HANDLE
2019-07-22 15:27:33 262	00    03    64    00
2019-07-22 15:27:33 290	config open ok!
2019-07-22 15:27:33 292	00    03    64    00      000000B4
2019-07-22 15:27:39 771	cpu cmd ok!
2019-07-22 15:27:39 775	cmd = 00A40000021001
2019-07-22 15:27:39 777	rsp = 6F2A840A11223344556677889900A51C9F0C190110FFFFFFFFFFFFFF11FFFFFFFFFFFFFF20020801200512319000
2019-07-22 15:27:46 802	cpu cmd ok!
2019-07-22 15:27:46 810	cmd = 0084000004
2019-07-22 15:27:46 813	rsp = C7BE664A9000
2019-07-22 15:27:55 657	cpu cmd ok!
2019-07-22 15:27:55 659	cmd = 00820000081122334455667788
2019-07-22 15:27:55 663	rsp = 6983
2019-07-22 17:18:56 010	support dev list ok!
2019-07-22 17:18:56 012	TYPE  NAME            SOCKET
2019-07-22 17:18:56 014	00    MingHong Dev    04
2019-07-22 17:18:56 017	02    DC D8           04
2019-07-22 17:18:56 020	03    DC T6           04
2019-07-22 17:18:56 022	04    WQ W1584        04
2019-07-22 17:19:06 539	config get ok!
2019-07-22 17:19:06 541	ID    TYPE  COM   SOCKET  HANDLE
2019-07-22 17:19:06 543	00    03    64    00
2019-07-22 17:19:08 235	config get ok!
2019-07-22 17:19:08 237	ID    TYPE  COM   SOCKET  HANDLE
2019-07-22 17:19:08 239	00    03    64    00
2019-07-22 17:19:08 265	config open ok!
2019-07-22 17:19:08 267	00    03    64    00      000000B4
