2013-08-19 14:32:25 ACCAPI_Open Finished!
2013-08-19 14:32:25 启动灯亮
2013-08-19 14:32:30 Call ACCAPI_SendCard() Status:
2013-08-19 14:32:30 Card[0].CurrSite=0; Card[0].TagSite=0; Card[0].CardNo=0; Card[0].State=0; Card[0].RecyBox=0;
2013-08-19 14:32:30 Card[1].CurrSite=0; Card[1].TagSite=0; Card[1].CardNo=0; Card[1].State=0; Card[1].RecyBox=0;
2013-08-19 14:32:30 Card[2].CurrSite=0; Card[2].TagSite=0; Card[2].CardNo=0; Card[2].State=0; Card[2].RecyBox=0;
2013-08-19 14:32:30 Card[3].CurrSite=0; Card[3].TagSite=0; Card[3].CardNo=0; Card[3].State=0; Card[3].RecyBox=0;
2013-08-19 14:32:30 Card[4].CurrSite=0; Card[4].TagSite=0; Card[4].CardNo=0; Card[4].State=0; Card[4].RecyBox=0;
2013-08-19 14:32:30 Card[5].CurrSite=0; Card[5].TagSite=0; Card[5].CardNo=0; Card[5].State=0; Card[5].RecyBox=0;
2013-08-19 14:32:30 Card[6].CurrSite=0; Card[6].TagSite=0; Card[6].CardNo=0; Card[6].State=0; Card[6].RecyBox=0;
2013-08-19 14:32:30 发卡成功
2013-08-19 14:32:30 Card[0].CurrSite=1; Card[0].TagSite=2; Card[0].CardNo=1000000; Card[0].State=1; Card[0].RecyBox=0;
2013-08-19 14:32:30 Card[1].CurrSite=0; Card[1].TagSite=0; Card[1].CardNo=0; Card[1].State=0; Card[1].RecyBox=0;
2013-08-19 14:32:30 Card[2].CurrSite=0; Card[2].TagSite=0; Card[2].CardNo=0; Card[2].State=0; Card[2].RecyBox=0;
2013-08-19 14:32:30 Card[3].CurrSite=0; Card[3].TagSite=0; Card[3].CardNo=0; Card[3].State=0; Card[3].RecyBox=0;
2013-08-19 14:32:30 Card[4].CurrSite=0; Card[4].TagSite=0; Card[4].CardNo=0; Card[4].State=0; Card[4].RecyBox=0;
2013-08-19 14:32:30 Card[5].CurrSite=0; Card[5].TagSite=0; Card[5].CardNo=0; Card[5].State=0; Card[5].RecyBox=0;
2013-08-19 14:32:30 Card[6].CurrSite=0; Card[6].TagSite=0; Card[6].CardNo=0; Card[6].State=0; Card[6].RecyBox=0;
2013-08-19 14:32:30 Call ACCAPI_MoveCard() Status:
2013-08-19 14:32:30 Card[0].CurrSite=1; Card[0].TagSite=2; Card[0].CardNo=1000000; Card[0].State=1; Card[0].RecyBox=0;
2013-08-19 14:32:30 Card[1].CurrSite=0; Card[1].TagSite=0; Card[1].CardNo=0; Card[1].State=0; Card[1].RecyBox=0;
2013-08-19 14:32:30 Card[2].CurrSite=0; Card[2].TagSite=0; Card[2].CardNo=0; Card[2].State=0; Card[2].RecyBox=0;
2013-08-19 14:32:30 Card[3].CurrSite=0; Card[3].TagSite=0; Card[3].CardNo=0; Card[3].State=0; Card[3].RecyBox=0;
2013-08-19 14:32:30 Card[4].CurrSite=0; Card[4].TagSite=0; Card[4].CardNo=0; Card[4].State=0; Card[4].RecyBox=0;
2013-08-19 14:32:30 Card[5].CurrSite=0; Card[5].TagSite=0; Card[5].CardNo=0; Card[5].State=0; Card[5].RecyBox=0;
2013-08-19 14:32:30 Card[6].CurrSite=0; Card[6].TagSite=0; Card[6].CardNo=0; Card[6].State=0; Card[6].RecyBox=0;
2013-08-19 14:32:30 走卡之前
2013-08-19 14:32:30 电磁铁状态：0x0
2013-08-19 14:32:30 走卡前开始结束状态：0x30  0x0
2013-08-19 14:32:31 走卡成功
2013-08-19 14:32:31 Card[0].CurrSite=2; Card[0].TagSite=2; Card[0].CardNo=1000000; Card[0].State=1; Card[0].RecyBox=0;
2013-08-19 14:32:31 Card[1].CurrSite=0; Card[1].TagSite=0; Card[1].CardNo=0; Card[1].State=0; Card[1].RecyBox=0;
2013-08-19 14:32:31 Card[2].CurrSite=0; Card[2].TagSite=0; Card[2].CardNo=0; Card[2].State=0; Card[2].RecyBox=0;
2013-08-19 14:32:31 Card[3].CurrSite=0; Card[3].TagSite=0; Card[3].CardNo=0; Card[3].State=0; Card[3].RecyBox=0;
2013-08-19 14:32:31 Card[4].CurrSite=0; Card[4].TagSite=0; Card[4].CardNo=0; Card[4].State=0; Card[4].RecyBox=0;
2013-08-19 14:32:31 Card[5].CurrSite=0; Card[5].TagSite=0; Card[5].CardNo=0; Card[5].State=0; Card[5].RecyBox=0;
2013-08-19 14:32:31 Card[6].CurrSite=0; Card[6].TagSite=0; Card[6].CardNo=0; Card[6].State=0; Card[6].RecyBox=0;
2013-08-19 14:32:31 走卡后开始结束状态：0x40  0x20
2013-08-19 14:33:52 Call ACCAPI_SendCard() Status:
2013-08-19 14:33:52 Card[0].CurrSite=2; Card[0].TagSite=3; Card[0].CardNo=1000000; Card[0].State=1; Card[0].RecyBox=0;
2013-08-19 14:33:52 Card[1].CurrSite=0; Card[1].TagSite=3; Card[1].CardNo=0; Card[1].State=0; Card[1].RecyBox=0;
2013-08-19 14:33:52 Card[2].CurrSite=0; Card[2].TagSite=3; Card[2].CardNo=0; Card[2].State=0; Card[2].RecyBox=0;
2013-08-19 14:33:52 Card[3].CurrSite=0; Card[3].TagSite=3; Card[3].CardNo=0; Card[3].State=0; Card[3].RecyBox=0;
2013-08-19 14:33:52 Card[4].CurrSite=0; Card[4].TagSite=3; Card[4].CardNo=0; Card[4].State=0; Card[4].RecyBox=0;
2013-08-19 14:33:52 Card[5].CurrSite=0; Card[5].TagSite=3; Card[5].CardNo=0; Card[5].State=0; Card[5].RecyBox=0;
2013-08-19 14:33:52 Card[6].CurrSite=0; Card[6].TagSite=3; Card[6].CardNo=0; Card[6].State=0; Card[6].RecyBox=0;
2013-08-19 14:33:54 发卡成功
2013-08-19 14:33:54 Card[0].CurrSite=2; Card[0].TagSite=3; Card[0].CardNo=1000000; Card[0].State=1; Card[0].RecyBox=0;
2013-08-19 14:33:54 Card[1].CurrSite=1; Card[1].TagSite=2; Card[1].CardNo=1000001; Card[1].State=1; Card[1].RecyBox=0;
2013-08-19 14:33:54 Card[2].CurrSite=0; Card[2].TagSite=3; Card[2].CardNo=0; Card[2].State=0; Card[2].RecyBox=0;
2013-08-19 14:33:54 Card[3].CurrSite=0; Card[3].TagSite=3; Card[3].CardNo=0; Card[3].State=0; Card[3].RecyBox=0;
2013-08-19 14:33:54 Card[4].CurrSite=0; Card[4].TagSite=3; Card[4].CardNo=0; Card[4].State=0; Card[4].RecyBox=0;
2013-08-19 14:33:54 Card[5].CurrSite=0; Card[5].TagSite=3; Card[5].CardNo=0; Card[5].State=0; Card[5].RecyBox=0;
2013-08-19 14:33:54 Card[6].CurrSite=0; Card[6].TagSite=3; Card[6].CardNo=0; Card[6].State=0; Card[6].RecyBox=0;
2013-08-19 14:33:54 Call ACCAPI_MoveCard() Status:
2013-08-19 14:33:54 Card[0].CurrSite=2; Card[0].TagSite=3; Card[0].CardNo=1000000; Card[0].State=1; Card[0].RecyBox=0;
2013-08-19 14:33:54 Card[1].CurrSite=1; Card[1].TagSite=2; Card[1].CardNo=1000001; Card[1].State=1; Card[1].RecyBox=0;
2013-08-19 14:33:54 Card[2].CurrSite=0; Card[2].TagSite=3; Card[2].CardNo=0; Card[2].State=0; Card[2].RecyBox=0;
2013-08-19 14:33:54 Card[3].CurrSite=0; Card[3].TagSite=3; Card[3].CardNo=0; Card[3].State=0; Card[3].RecyBox=0;
2013-08-19 14:33:54 Card[4].CurrSite=0; Card[4].TagSite=3; Card[4].CardNo=0; Card[4].State=0; Card[4].RecyBox=0;
2013-08-19 14:33:54 Card[5].CurrSite=0; Card[5].TagSite=3; Card[5].CardNo=0; Card[5].State=0; Card[5].RecyBox=0;
2013-08-19 14:33:54 Card[6].CurrSite=0; Card[6].TagSite=3; Card[6].CardNo=0; Card[6].State=0; Card[6].RecyBox=0;
2013-08-19 14:33:54 走卡之前
2013-08-19 14:33:54 电磁铁状态：0x0
2013-08-19 14:33:54 走卡前开始结束状态：0x40  0x20
2013-08-19 14:33:54 走卡成功
2013-08-19 14:33:54 Card[0].CurrSite=3; Card[0].TagSite=3; Card[0].CardNo=1000000; Card[0].State=1; Card[0].RecyBox=0;
2013-08-19 14:33:54 Card[1].CurrSite=2; Card[1].TagSite=2; Card[1].CardNo=1000001; Card[1].State=1; Card[1].RecyBox=0;
2013-08-19 14:33:54 Card[2].CurrSite=0; Card[2].TagSite=3; Card[2].CardNo=0; Card[2].State=0; Card[2].RecyBox=0;
2013-08-19 14:33:54 Card[3].CurrSite=0; Card[3].TagSite=3; Card[3].CardNo=0; Card[3].State=0; Card[3].RecyBox=0;
2013-08-19 14:33:54 Card[4].CurrSite=0; Card[4].TagSite=3; Card[4].CardNo=0; Card[4].State=0; Card[4].RecyBox=0;
2013-08-19 14:33:54 Card[5].CurrSite=0; Card[5].TagSite=3; Card[5].CardNo=0; Card[5].State=0; Card[5].RecyBox=0;
2013-08-19 14:33:54 Card[6].CurrSite=0; Card[6].TagSite=3; Card[6].CardNo=0; Card[6].State=0; Card[6].RecyBox=0;
2013-08-19 14:33:54 走卡后开始结束状态：0x60  0x30
2013-08-19 14:38:04 Call ACCAPI_SendCard() Status:
2013-08-19 14:38:04 Card[0].CurrSite=3; Card[0].TagSite=3; Card[0].CardNo=1000000; Card[0].State=1; Card[0].RecyBox=0;
2013-08-19 14:38:04 Card[1].CurrSite=2; Card[1].TagSite=3; Card[1].CardNo=1000001; Card[1].State=1; Card[1].RecyBox=0;
2013-08-19 14:38:04 Card[2].CurrSite=0; Card[2].TagSite=3; Card[2].CardNo=0; Card[2].State=0; Card[2].RecyBox=0;
2013-08-19 14:38:04 Card[3].CurrSite=0; Card[3].TagSite=3; Card[3].CardNo=0; Card[3].State=0; Card[3].RecyBox=0;
2013-08-19 14:38:04 Card[4].CurrSite=0; Card[4].TagSite=3; Card[4].CardNo=0; Card[4].State=0; Card[4].RecyBox=0;
2013-08-19 14:38:04 Card[5].CurrSite=0; Card[5].TagSite=3; Card[5].CardNo=0; Card[5].State=0; Card[5].RecyBox=0;
2013-08-19 14:38:04 Card[6].CurrSite=0; Card[6].TagSite=3; Card[6].CardNo=0; Card[6].State=0; Card[6].RecyBox=0;
2013-08-19 14:38:04 发卡箱无卡
2013-08-19 14:38:06 Call ACCAPI_MoveCard() Status:
2013-08-19 14:38:06 Card[0].CurrSite=3; Card[0].TagSite=3; Card[0].CardNo=1000000; Card[0].State=1; Card[0].RecyBox=0;
2013-08-19 14:38:06 Card[1].CurrSite=2; Card[1].TagSite=3; Card[1].CardNo=1000001; Card[1].State=1; Card[1].RecyBox=0;
2013-08-19 14:38:06 Card[2].CurrSite=0; Card[2].TagSite=3; Card[2].CardNo=0; Card[2].State=0; Card[2].RecyBox=0;
2013-08-19 14:38:06 Card[3].CurrSite=0; Card[3].TagSite=3; Card[3].CardNo=0; Card[3].State=0; Card[3].RecyBox=0;
2013-08-19 14:38:06 Card[4].CurrSite=0; Card[4].TagSite=3; Card[4].CardNo=0; Card[4].State=0; Card[4].RecyBox=0;
2013-08-19 14:38:06 Card[5].CurrSite=0; Card[5].TagSite=3; Card[5].CardNo=0; Card[5].State=0; Card[5].RecyBox=0;
2013-08-19 14:38:06 Card[6].CurrSite=0; Card[6].TagSite=3; Card[6].CardNo=0; Card[6].State=0; Card[6].RecyBox=0;
2013-08-19 14:38:06 走卡之前
2013-08-19 14:38:06 电磁铁状态：0x1
2013-08-19 14:38:06 走卡前开始结束状态：0x60  0x30
2013-08-19 14:38:06 走卡成功
2013-08-19 14:38:06 Card[0].CurrSite=0; Card[0].TagSite=0; Card[0].CardNo=1000000; Card[0].State=2; Card[0].RecyBox=1;
2013-08-19 14:38:06 Card[1].CurrSite=3; Card[1].TagSite=3; Card[1].CardNo=1000001; Card[1].State=1; Card[1].RecyBox=0;
2013-08-19 14:38:06 Card[2].CurrSite=0; Card[2].TagSite=3; Card[2].CardNo=0; Card[2].State=0; Card[2].RecyBox=0;
2013-08-19 14:38:06 Card[3].CurrSite=0; Card[3].TagSite=3; Card[3].CardNo=0; Card[3].State=0; Card[3].RecyBox=0;
2013-08-19 14:38:06 Card[4].CurrSite=0; Card[4].TagSite=3; Card[4].CardNo=0; Card[4].State=0; Card[4].RecyBox=0;
2013-08-19 14:38:06 Card[5].CurrSite=0; Card[5].TagSite=3; Card[5].CardNo=0; Card[5].State=0; Card[5].RecyBox=0;
2013-08-19 14:38:06 Card[6].CurrSite=0; Card[6].TagSite=3; Card[6].CardNo=0; Card[6].State=0; Card[6].RecyBox=0;
2013-08-19 14:38:06 走卡后开始结束状态：0x30  0x10
