2013-08-19 13:20:01 ACCAPI_Open Finished!
2013-08-19 13:20:01 启动灯亮
2013-08-19 13:20:15 Call ACCAPI_SendCard() Status:
2013-08-19 13:20:15 Card[0].CurrSite=0; Card[0].TagSite=0; Card[0].CardNo=0; Card[0].State=0; Card[0].RecyBox=0;
2013-08-19 13:20:15 Card[1].CurrSite=0; Card[1].TagSite=0; Card[1].CardNo=0; Card[1].State=0; Card[1].RecyBox=0;
2013-08-19 13:20:15 Card[2].CurrSite=0; Card[2].TagSite=0; Card[2].CardNo=0; Card[2].State=0; Card[2].RecyBox=0;
2013-08-19 13:20:15 Card[3].CurrSite=0; Card[3].TagSite=0; Card[3].CardNo=0; Card[3].State=0; Card[3].RecyBox=0;
2013-08-19 13:20:15 Card[4].CurrSite=0; Card[4].TagSite=0; Card[4].CardNo=0; Card[4].State=0; Card[4].RecyBox=0;
2013-08-19 13:20:15 Card[5].CurrSite=0; Card[5].TagSite=0; Card[5].CardNo=0; Card[5].State=0; Card[5].RecyBox=0;
2013-08-19 13:20:15 Card[6].CurrSite=0; Card[6].TagSite=0; Card[6].CardNo=0; Card[6].State=0; Card[6].RecyBox=0;
2013-08-19 13:20:16 发卡成功
2013-08-19 13:20:16 Card[0].CurrSite=1; Card[0].TagSite=2; Card[0].CardNo=1000000; Card[0].State=1; Card[0].RecyBox=0;
2013-08-19 13:20:16 Card[1].CurrSite=0; Card[1].TagSite=0; Card[1].CardNo=0; Card[1].State=0; Card[1].RecyBox=0;
2013-08-19 13:20:16 Card[2].CurrSite=0; Card[2].TagSite=0; Card[2].CardNo=0; Card[2].State=0; Card[2].RecyBox=0;
2013-08-19 13:20:16 Card[3].CurrSite=0; Card[3].TagSite=0; Card[3].CardNo=0; Card[3].State=0; Card[3].RecyBox=0;
2013-08-19 13:20:16 Card[4].CurrSite=0; Card[4].TagSite=0; Card[4].CardNo=0; Card[4].State=0; Card[4].RecyBox=0;
2013-08-19 13:20:16 Card[5].CurrSite=0; Card[5].TagSite=0; Card[5].CardNo=0; Card[5].State=0; Card[5].RecyBox=0;
2013-08-19 13:20:16 Card[6].CurrSite=0; Card[6].TagSite=0; Card[6].CardNo=0; Card[6].State=0; Card[6].RecyBox=0;
2013-08-19 13:20:16 Call ACCAPI_MoveCard() Status:
2013-08-19 13:20:16 Card[0].CurrSite=1; Card[0].TagSite=2; Card[0].CardNo=1000000; Card[0].State=1; Card[0].RecyBox=0;
2013-08-19 13:20:16 Card[1].CurrSite=0; Card[1].TagSite=0; Card[1].CardNo=0; Card[1].State=0; Card[1].RecyBox=0;
2013-08-19 13:20:16 Card[2].CurrSite=0; Card[2].TagSite=0; Card[2].CardNo=0; Card[2].State=0; Card[2].RecyBox=0;
2013-08-19 13:20:16 Card[3].CurrSite=0; Card[3].TagSite=0; Card[3].CardNo=0; Card[3].State=0; Card[3].RecyBox=0;
2013-08-19 13:20:16 Card[4].CurrSite=0; Card[4].TagSite=0; Card[4].CardNo=0; Card[4].State=0; Card[4].RecyBox=0;
2013-08-19 13:20:16 Card[5].CurrSite=0; Card[5].TagSite=0; Card[5].CardNo=0; Card[5].State=0; Card[5].RecyBox=0;
2013-08-19 13:20:16 Card[6].CurrSite=0; Card[6].TagSite=0; Card[6].CardNo=0; Card[6].State=0; Card[6].RecyBox=0;
2013-08-19 13:20:16 走卡之前
2013-08-19 13:20:16 电磁铁状态：0x0
2013-08-19 13:20:16 走卡前开始结束状态：0x78  0x0
2013-08-19 13:20:16 走卡成功
2013-08-19 13:20:16 Card[0].CurrSite=2; Card[0].TagSite=2; Card[0].CardNo=1000000; Card[0].State=1; Card[0].RecyBox=0;
2013-08-19 13:20:16 Card[1].CurrSite=0; Card[1].TagSite=0; Card[1].CardNo=0; Card[1].State=0; Card[1].RecyBox=0;
2013-08-19 13:20:16 Card[2].CurrSite=0; Card[2].TagSite=0; Card[2].CardNo=0; Card[2].State=0; Card[2].RecyBox=0;
2013-08-19 13:20:16 Card[3].CurrSite=0; Card[3].TagSite=0; Card[3].CardNo=0; Card[3].State=0; Card[3].RecyBox=0;
2013-08-19 13:20:16 Card[4].CurrSite=0; Card[4].TagSite=0; Card[4].CardNo=0; Card[4].State=0; Card[4].RecyBox=0;
2013-08-19 13:20:16 Card[5].CurrSite=0; Card[5].TagSite=0; Card[5].CardNo=0; Card[5].State=0; Card[5].RecyBox=0;
2013-08-19 13:20:16 Card[6].CurrSite=0; Card[6].TagSite=0; Card[6].CardNo=0; Card[6].State=0; Card[6].RecyBox=0;
2013-08-19 13:20:16 走卡后开始结束状态：0x40  0x20
2013-08-19 13:20:16 Call ACCAPI_SendCard() Status:
2013-08-19 13:20:16 Card[0].CurrSite=2; Card[0].TagSite=3; Card[0].CardNo=1000000; Card[0].State=1; Card[0].RecyBox=0;
2013-08-19 13:20:16 Card[1].CurrSite=0; Card[1].TagSite=3; Card[1].CardNo=0; Card[1].State=0; Card[1].RecyBox=0;
2013-08-19 13:20:16 Card[2].CurrSite=0; Card[2].TagSite=3; Card[2].CardNo=0; Card[2].State=0; Card[2].RecyBox=0;
2013-08-19 13:20:16 Card[3].CurrSite=0; Card[3].TagSite=3; Card[3].CardNo=0; Card[3].State=0; Card[3].RecyBox=0;
2013-08-19 13:20:16 Card[4].CurrSite=0; Card[4].TagSite=3; Card[4].CardNo=0; Card[4].State=0; Card[4].RecyBox=0;
2013-08-19 13:20:16 Card[5].CurrSite=0; Card[5].TagSite=3; Card[5].CardNo=0; Card[5].State=0; Card[5].RecyBox=0;
2013-08-19 13:20:16 Card[6].CurrSite=0; Card[6].TagSite=3; Card[6].CardNo=0; Card[6].State=0; Card[6].RecyBox=0;
2013-08-19 13:20:17 发卡成功
2013-08-19 13:20:17 Card[0].CurrSite=2; Card[0].TagSite=3; Card[0].CardNo=1000000; Card[0].State=1; Card[0].RecyBox=0;
2013-08-19 13:20:17 Card[1].CurrSite=1; Card[1].TagSite=2; Card[1].CardNo=1000001; Card[1].State=1; Card[1].RecyBox=0;
2013-08-19 13:20:17 Card[2].CurrSite=0; Card[2].TagSite=3; Card[2].CardNo=0; Card[2].State=0; Card[2].RecyBox=0;
2013-08-19 13:20:17 Card[3].CurrSite=0; Card[3].TagSite=3; Card[3].CardNo=0; Card[3].State=0; Card[3].RecyBox=0;
2013-08-19 13:20:17 Card[4].CurrSite=0; Card[4].TagSite=3; Card[4].CardNo=0; Card[4].State=0; Card[4].RecyBox=0;
2013-08-19 13:20:17 Card[5].CurrSite=0; Card[5].TagSite=3; Card[5].CardNo=0; Card[5].State=0; Card[5].RecyBox=0;
2013-08-19 13:20:17 Card[6].CurrSite=0; Card[6].TagSite=3; Card[6].CardNo=0; Card[6].State=0; Card[6].RecyBox=0;
2013-08-19 13:20:17 Call ACCAPI_MoveCard() Status:
2013-08-19 13:20:17 Card[0].CurrSite=2; Card[0].TagSite=3; Card[0].CardNo=1000000; Card[0].State=1; Card[0].RecyBox=0;
2013-08-19 13:20:17 Card[1].CurrSite=1; Card[1].TagSite=2; Card[1].CardNo=1000001; Card[1].State=1; Card[1].RecyBox=0;
2013-08-19 13:20:17 Card[2].CurrSite=0; Card[2].TagSite=3; Card[2].CardNo=0; Card[2].State=0; Card[2].RecyBox=0;
2013-08-19 13:20:17 Card[3].CurrSite=0; Card[3].TagSite=3; Card[3].CardNo=0; Card[3].State=0; Card[3].RecyBox=0;
2013-08-19 13:20:17 Card[4].CurrSite=0; Card[4].TagSite=3; Card[4].CardNo=0; Card[4].State=0; Card[4].RecyBox=0;
2013-08-19 13:20:17 Card[5].CurrSite=0; Card[5].TagSite=3; Card[5].CardNo=0; Card[5].State=0; Card[5].RecyBox=0;
2013-08-19 13:20:17 Card[6].CurrSite=0; Card[6].TagSite=3; Card[6].CardNo=0; Card[6].State=0; Card[6].RecyBox=0;
2013-08-19 13:20:17 走卡之前
2013-08-19 13:20:17 电磁铁状态：0x0
2013-08-19 13:20:17 走卡前开始结束状态：0x40  0x20
2013-08-19 13:20:17 走卡成功
2013-08-19 13:20:17 Card[0].CurrSite=3; Card[0].TagSite=3; Card[0].CardNo=1000000; Card[0].State=1; Card[0].RecyBox=0;
2013-08-19 13:20:17 Card[1].CurrSite=2; Card[1].TagSite=2; Card[1].CardNo=1000001; Card[1].State=1; Card[1].RecyBox=0;
2013-08-19 13:20:17 Card[2].CurrSite=0; Card[2].TagSite=3; Card[2].CardNo=0; Card[2].State=0; Card[2].RecyBox=0;
2013-08-19 13:20:17 Card[3].CurrSite=0; Card[3].TagSite=3; Card[3].CardNo=0; Card[3].State=0; Card[3].RecyBox=0;
2013-08-19 13:20:17 Card[4].CurrSite=0; Card[4].TagSite=3; Card[4].CardNo=0; Card[4].State=0; Card[4].RecyBox=0;
2013-08-19 13:20:17 Card[5].CurrSite=0; Card[5].TagSite=3; Card[5].CardNo=0; Card[5].State=0; Card[5].RecyBox=0;
2013-08-19 13:20:17 Card[6].CurrSite=0; Card[6].TagSite=3; Card[6].CardNo=0; Card[6].State=0; Card[6].RecyBox=0;
2013-08-19 13:20:17 走卡后开始结束状态：0x60  0x30
2013-08-19 13:20:17 Call ACCAPI_SendCard() Status:
2013-08-19 13:20:17 Card[0].CurrSite=3; Card[0].TagSite=3; Card[0].CardNo=1000000; Card[0].State=1; Card[0].RecyBox=0;
2013-08-19 13:20:17 Card[1].CurrSite=2; Card[1].TagSite=3; Card[1].CardNo=1000001; Card[1].State=1; Card[1].RecyBox=0;
2013-08-19 13:20:17 Card[2].CurrSite=0; Card[2].TagSite=3; Card[2].CardNo=0; Card[2].State=0; Card[2].RecyBox=0;
2013-08-19 13:20:17 Card[3].CurrSite=0; Card[3].TagSite=3; Card[3].CardNo=0; Card[3].State=0; Card[3].RecyBox=0;
2013-08-19 13:20:17 Card[4].CurrSite=0; Card[4].TagSite=3; Card[4].CardNo=0; Card[4].State=0; Card[4].RecyBox=0;
2013-08-19 13:20:17 Card[5].CurrSite=0; Card[5].TagSite=3; Card[5].CardNo=0; Card[5].State=0; Card[5].RecyBox=0;
2013-08-19 13:20:17 Card[6].CurrSite=0; Card[6].TagSite=3; Card[6].CardNo=0; Card[6].State=0; Card[6].RecyBox=0;
2013-08-19 13:20:18 发卡成功
2013-08-19 13:20:18 Card[0].CurrSite=3; Card[0].TagSite=3; Card[0].CardNo=1000000; Card[0].State=1; Card[0].RecyBox=0;
2013-08-19 13:20:18 Card[1].CurrSite=2; Card[1].TagSite=3; Card[1].CardNo=1000001; Card[1].State=1; Card[1].RecyBox=0;
2013-08-19 13:20:18 Card[2].CurrSite=1; Card[2].TagSite=2; Card[2].CardNo=1000002; Card[2].State=1; Card[2].RecyBox=0;
2013-08-19 13:20:18 Card[3].CurrSite=0; Card[3].TagSite=3; Card[3].CardNo=0; Card[3].State=0; Card[3].RecyBox=0;
2013-08-19 13:20:18 Card[4].CurrSite=0; Card[4].TagSite=3; Card[4].CardNo=0; Card[4].State=0; Card[4].RecyBox=0;
2013-08-19 13:20:18 Card[5].CurrSite=0; Card[5].TagSite=3; Card[5].CardNo=0; Card[5].State=0; Card[5].RecyBox=0;
2013-08-19 13:20:18 Card[6].CurrSite=0; Card[6].TagSite=3; Card[6].CardNo=0; Card[6].State=0; Card[6].RecyBox=0;
2013-08-19 13:20:18 Call ACCAPI_MoveCard() Status:
2013-08-19 13:20:18 Card[0].CurrSite=3; Card[0].TagSite=3; Card[0].CardNo=1000000; Card[0].State=1; Card[0].RecyBox=0;
2013-08-19 13:20:18 Card[1].CurrSite=2; Card[1].TagSite=3; Card[1].CardNo=1000001; Card[1].State=1; Card[1].RecyBox=0;
2013-08-19 13:20:18 Card[2].CurrSite=1; Card[2].TagSite=2; Card[2].CardNo=1000002; Card[2].State=1; Card[2].RecyBox=0;
2013-08-19 13:20:18 Card[3].CurrSite=0; Card[3].TagSite=3; Card[3].CardNo=0; Card[3].State=0; Card[3].RecyBox=0;
2013-08-19 13:20:18 Card[4].CurrSite=0; Card[4].TagSite=3; Card[4].CardNo=0; Card[4].State=0; Card[4].RecyBox=0;
2013-08-19 13:20:18 Card[5].CurrSite=0; Card[5].TagSite=3; Card[5].CardNo=0; Card[5].State=0; Card[5].RecyBox=0;
2013-08-19 13:20:18 Card[6].CurrSite=0; Card[6].TagSite=3; Card[6].CardNo=0; Card[6].State=0; Card[6].RecyBox=0;
2013-08-19 13:20:18 走卡之前
2013-08-19 13:20:18 电磁铁状态：0x1
2013-08-19 13:20:18 走卡前开始结束状态：0x60  0x30
2013-08-19 13:20:18 走卡成功
2013-08-19 13:20:18 Card[0].CurrSite=0; Card[0].TagSite=0; Card[0].CardNo=1000000; Card[0].State=2; Card[0].RecyBox=1;
2013-08-19 13:20:18 Card[1].CurrSite=3; Card[1].TagSite=3; Card[1].CardNo=1000001; Card[1].State=1; Card[1].RecyBox=0;
2013-08-19 13:20:18 Card[2].CurrSite=2; Card[2].TagSite=2; Card[2].CardNo=1000002; Card[2].State=1; Card[2].RecyBox=0;
2013-08-19 13:20:18 Card[3].CurrSite=0; Card[3].TagSite=3; Card[3].CardNo=0; Card[3].State=0; Card[3].RecyBox=0;
2013-08-19 13:20:18 Card[4].CurrSite=0; Card[4].TagSite=3; Card[4].CardNo=0; Card[4].State=0; Card[4].RecyBox=0;
2013-08-19 13:20:18 Card[5].CurrSite=0; Card[5].TagSite=3; Card[5].CardNo=0; Card[5].State=0; Card[5].RecyBox=0;
2013-08-19 13:20:18 Card[6].CurrSite=0; Card[6].TagSite=3; Card[6].CardNo=0; Card[6].State=0; Card[6].RecyBox=0;
2013-08-19 13:20:18 走卡后开始结束状态：0x70  0x30
2013-08-19 13:20:18 Call ACCAPI_SendCard() Status:
2013-08-19 13:20:18 Card[0].CurrSite=0; Card[0].TagSite=3; Card[0].CardNo=1000000; Card[0].State=2; Card[0].RecyBox=1;
2013-08-19 13:20:18 Card[1].CurrSite=3; Card[1].TagSite=3; Card[1].CardNo=1000001; Card[1].State=1; Card[1].RecyBox=0;
2013-08-19 13:20:18 Card[2].CurrSite=2; Card[2].TagSite=3; Card[2].CardNo=1000002; Card[2].State=1; Card[2].RecyBox=0;
2013-08-19 13:20:18 Card[3].CurrSite=0; Card[3].TagSite=3; Card[3].CardNo=0; Card[3].State=0; Card[3].RecyBox=0;
2013-08-19 13:20:18 Card[4].CurrSite=0; Card[4].TagSite=3; Card[4].CardNo=0; Card[4].State=0; Card[4].RecyBox=0;
2013-08-19 13:20:18 Card[5].CurrSite=0; Card[5].TagSite=3; Card[5].CardNo=0; Card[5].State=0; Card[5].RecyBox=0;
2013-08-19 13:20:18 Card[6].CurrSite=0; Card[6].TagSite=3; Card[6].CardNo=0; Card[6].State=0; Card[6].RecyBox=0;
2013-08-19 13:20:18 发卡成功
2013-08-19 13:20:18 Card[0].CurrSite=1; Card[0].TagSite=2; Card[0].CardNo=1000003; Card[0].State=1; Card[0].RecyBox=0;
2013-08-19 13:20:18 Card[1].CurrSite=3; Card[1].TagSite=3; Card[1].CardNo=1000001; Card[1].State=1; Card[1].RecyBox=0;
2013-08-19 13:20:18 Card[2].CurrSite=2; Card[2].TagSite=3; Card[2].CardNo=1000002; Card[2].State=1; Card[2].RecyBox=0;
2013-08-19 13:20:18 Card[3].CurrSite=0; Card[3].TagSite=3; Card[3].CardNo=0; Card[3].State=0; Card[3].RecyBox=0;
2013-08-19 13:20:18 Card[4].CurrSite=0; Card[4].TagSite=3; Card[4].CardNo=0; Card[4].State=0; Card[4].RecyBox=0;
2013-08-19 13:20:18 Card[5].CurrSite=0; Card[5].TagSite=3; Card[5].CardNo=0; Card[5].State=0; Card[5].RecyBox=0;
2013-08-19 13:20:18 Card[6].CurrSite=0; Card[6].TagSite=3; Card[6].CardNo=0; Card[6].State=0; Card[6].RecyBox=0;
2013-08-19 13:20:18 Call ACCAPI_MoveCard() Status:
2013-08-19 13:20:18 Card[0].CurrSite=1; Card[0].TagSite=2; Card[0].CardNo=1000003; Card[0].State=1; Card[0].RecyBox=0;
2013-08-19 13:20:18 Card[1].CurrSite=3; Card[1].TagSite=3; Card[1].CardNo=1000001; Card[1].State=1; Card[1].RecyBox=0;
2013-08-19 13:20:18 Card[2].CurrSite=2; Card[2].TagSite=3; Card[2].CardNo=1000002; Card[2].State=1; Card[2].RecyBox=0;
2013-08-19 13:20:18 Card[3].CurrSite=0; Card[3].TagSite=3; Card[3].CardNo=0; Card[3].State=0; Card[3].RecyBox=0;
2013-08-19 13:20:18 Card[4].CurrSite=0; Card[4].TagSite=3; Card[4].CardNo=0; Card[4].State=0; Card[4].RecyBox=0;
2013-08-19 13:20:18 Card[5].CurrSite=0; Card[5].TagSite=3; Card[5].CardNo=0; Card[5].State=0; Card[5].RecyBox=0;
2013-08-19 13:20:18 Card[6].CurrSite=0; Card[6].TagSite=3; Card[6].CardNo=0; Card[6].State=0; Card[6].RecyBox=0;
2013-08-19 13:20:18 走卡之前
2013-08-19 13:20:18 电磁铁状态：0x1
2013-08-19 13:20:18 走卡前开始结束状态：0x70  0x30
2013-08-19 13:20:19 走卡成功
2013-08-19 13:20:19 Card[0].CurrSite=2; Card[0].TagSite=2; Card[0].CardNo=1000003; Card[0].State=1; Card[0].RecyBox=0;
2013-08-19 13:20:19 Card[1].CurrSite=0; Card[1].TagSite=0; Card[1].CardNo=1000001; Card[1].State=2; Card[1].RecyBox=1;
2013-08-19 13:20:19 Card[2].CurrSite=3; Card[2].TagSite=3; Card[2].CardNo=1000002; Card[2].State=1; Card[2].RecyBox=0;
2013-08-19 13:20:19 Card[3].CurrSite=0; Card[3].TagSite=3; Card[3].CardNo=0; Card[3].State=0; Card[3].RecyBox=0;
2013-08-19 13:20:19 Card[4].CurrSite=0; Card[4].TagSite=3; Card[4].CardNo=0; Card[4].State=0; Card[4].RecyBox=0;
2013-08-19 13:20:19 Card[5].CurrSite=0; Card[5].TagSite=3; Card[5].CardNo=0; Card[5].State=0; Card[5].RecyBox=0;
2013-08-19 13:20:19 Card[6].CurrSite=0; Card[6].TagSite=3; Card[6].CardNo=0; Card[6].State=0; Card[6].RecyBox=0;
2013-08-19 13:20:19 走卡后开始结束状态：0x70  0x30
2013-08-19 13:20:19 Call ACCAPI_SendCard() Status:
2013-08-19 13:20:19 Card[0].CurrSite=2; Card[0].TagSite=3; Card[0].CardNo=1000003; Card[0].State=1; Card[0].RecyBox=0;
2013-08-19 13:20:19 Card[1].CurrSite=0; Card[1].TagSite=3; Card[1].CardNo=1000001; Card[1].State=2; Card[1].RecyBox=1;
2013-08-19 13:20:19 Card[2].CurrSite=3; Card[2].TagSite=3; Card[2].CardNo=1000002; Card[2].State=1; Card[2].RecyBox=0;
2013-08-19 13:20:19 Card[3].CurrSite=0; Card[3].TagSite=3; Card[3].CardNo=0; Card[3].State=0; Card[3].RecyBox=0;
2013-08-19 13:20:19 Card[4].CurrSite=0; Card[4].TagSite=3; Card[4].CardNo=0; Card[4].State=0; Card[4].RecyBox=0;
2013-08-19 13:20:19 Card[5].CurrSite=0; Card[5].TagSite=3; Card[5].CardNo=0; Card[5].State=0; Card[5].RecyBox=0;
2013-08-19 13:20:19 Card[6].CurrSite=0; Card[6].TagSite=3; Card[6].CardNo=0; Card[6].State=0; Card[6].RecyBox=0;
2013-08-19 13:20:19 发卡成功
2013-08-19 13:20:19 Card[0].CurrSite=2; Card[0].TagSite=3; Card[0].CardNo=1000003; Card[0].State=1; Card[0].RecyBox=0;
2013-08-19 13:20:19 Card[1].CurrSite=1; Card[1].TagSite=2; Card[1].CardNo=1000004; Card[1].State=1; Card[1].RecyBox=0;
2013-08-19 13:20:19 Card[2].CurrSite=3; Card[2].TagSite=3; Card[2].CardNo=1000002; Card[2].State=1; Card[2].RecyBox=0;
2013-08-19 13:20:19 Card[3].CurrSite=0; Card[3].TagSite=3; Card[3].CardNo=0; Card[3].State=0; Card[3].RecyBox=0;
2013-08-19 13:20:19 Card[4].CurrSite=0; Card[4].TagSite=3; Card[4].CardNo=0; Card[4].State=0; Card[4].RecyBox=0;
2013-08-19 13:20:19 Card[5].CurrSite=0; Card[5].TagSite=3; Card[5].CardNo=0; Card[5].State=0; Card[5].RecyBox=0;
2013-08-19 13:20:19 Card[6].CurrSite=0; Card[6].TagSite=3; Card[6].CardNo=0; Card[6].State=0; Card[6].RecyBox=0;
2013-08-19 13:20:19 Call ACCAPI_MoveCard() Status:
2013-08-19 13:20:19 Card[0].CurrSite=2; Card[0].TagSite=3; Card[0].CardNo=1000003; Card[0].State=1; Card[0].RecyBox=0;
2013-08-19 13:20:19 Card[1].CurrSite=1; Card[1].TagSite=2; Card[1].CardNo=1000004; Card[1].State=1; Card[1].RecyBox=0;
2013-08-19 13:20:19 Card[2].CurrSite=3; Card[2].TagSite=3; Card[2].CardNo=1000002; Card[2].State=1; Card[2].RecyBox=0;
2013-08-19 13:20:19 Card[3].CurrSite=0; Card[3].TagSite=3; Card[3].CardNo=0; Card[3].State=0; Card[3].RecyBox=0;
2013-08-19 13:20:19 Card[4].CurrSite=0; Card[4].TagSite=3; Card[4].CardNo=0; Card[4].State=0; Card[4].RecyBox=0;
2013-08-19 13:20:19 Card[5].CurrSite=0; Card[5].TagSite=3; Card[5].CardNo=0; Card[5].State=0; Card[5].RecyBox=0;
2013-08-19 13:20:19 Card[6].CurrSite=0; Card[6].TagSite=3; Card[6].CardNo=0; Card[6].State=0; Card[6].RecyBox=0;
2013-08-19 13:20:19 走卡之前
2013-08-19 13:20:19 电磁铁状态：0x1
2013-08-19 13:20:19 走卡前开始结束状态：0x70  0x30
2013-08-19 13:20:20 走卡成功
2013-08-19 13:20:20 Card[0].CurrSite=3; Card[0].TagSite=3; Card[0].CardNo=1000003; Card[0].State=1; Card[0].RecyBox=0;
2013-08-19 13:20:20 Card[1].CurrSite=2; Card[1].TagSite=2; Card[1].CardNo=1000004; Card[1].State=1; Card[1].RecyBox=0;
2013-08-19 13:20:20 Card[2].CurrSite=0; Card[2].TagSite=0; Card[2].CardNo=1000002; Card[2].State=2; Card[2].RecyBox=1;
2013-08-19 13:20:20 Card[3].CurrSite=0; Card[3].TagSite=3; Card[3].CardNo=0; Card[3].State=0; Card[3].RecyBox=0;
2013-08-19 13:20:20 Card[4].CurrSite=0; Card[4].TagSite=3; Card[4].CardNo=0; Card[4].State=0; Card[4].RecyBox=0;
2013-08-19 13:20:20 Card[5].CurrSite=0; Card[5].TagSite=3; Card[5].CardNo=0; Card[5].State=0; Card[5].RecyBox=0;
2013-08-19 13:20:20 Card[6].CurrSite=0; Card[6].TagSite=3; Card[6].CardNo=0; Card[6].State=0; Card[6].RecyBox=0;
2013-08-19 13:20:20 走卡后开始结束状态：0x70  0x30
2013-08-19 13:20:20 Call ACCAPI_SendCard() Status:
2013-08-19 13:20:20 Card[0].CurrSite=3; Card[0].TagSite=3; Card[0].CardNo=1000003; Card[0].State=1; Card[0].RecyBox=0;
2013-08-19 13:20:20 Card[1].CurrSite=2; Card[1].TagSite=3; Card[1].CardNo=1000004; Card[1].State=1; Card[1].RecyBox=0;
2013-08-19 13:20:20 Card[2].CurrSite=0; Card[2].TagSite=3; Card[2].CardNo=1000002; Card[2].State=2; Card[2].RecyBox=1;
2013-08-19 13:20:20 Card[3].CurrSite=0; Card[3].TagSite=3; Card[3].CardNo=0; Card[3].State=0; Card[3].RecyBox=0;
2013-08-19 13:20:20 Card[4].CurrSite=0; Card[4].TagSite=3; Card[4].CardNo=0; Card[4].State=0; Card[4].RecyBox=0;
2013-08-19 13:20:20 Card[5].CurrSite=0; Card[5].TagSite=3; Card[5].CardNo=0; Card[5].State=0; Card[5].RecyBox=0;
2013-08-19 13:20:20 Card[6].CurrSite=0; Card[6].TagSite=3; Card[6].CardNo=0; Card[6].State=0; Card[6].RecyBox=0;
2013-08-19 13:20:20 发卡成功
2013-08-19 13:20:20 Card[0].CurrSite=3; Card[0].TagSite=3; Card[0].CardNo=1000003; Card[0].State=1; Card[0].RecyBox=0;
2013-08-19 13:20:20 Card[1].CurrSite=2; Card[1].TagSite=3; Card[1].CardNo=1000004; Card[1].State=1; Card[1].RecyBox=0;
2013-08-19 13:20:20 Card[2].CurrSite=1; Card[2].TagSite=2; Card[2].CardNo=1000005; Card[2].State=1; Card[2].RecyBox=0;
2013-08-19 13:20:20 Card[3].CurrSite=0; Card[3].TagSite=3; Card[3].CardNo=0; Card[3].State=0; Card[3].RecyBox=0;
2013-08-19 13:20:20 Card[4].CurrSite=0; Card[4].TagSite=3; Card[4].CardNo=0; Card[4].State=0; Card[4].RecyBox=0;
2013-08-19 13:20:20 Card[5].CurrSite=0; Card[5].TagSite=3; Card[5].CardNo=0; Card[5].State=0; Card[5].RecyBox=0;
2013-08-19 13:20:20 Card[6].CurrSite=0; Card[6].TagSite=3; Card[6].CardNo=0; Card[6].State=0; Card[6].RecyBox=0;
2013-08-19 13:20:20 Call ACCAPI_MoveCard() Status:
2013-08-19 13:20:20 Card[0].CurrSite=3; Card[0].TagSite=3; Card[0].CardNo=1000003; Card[0].State=1; Card[0].RecyBox=0;
2013-08-19 13:20:20 Card[1].CurrSite=2; Card[1].TagSite=3; Card[1].CardNo=1000004; Card[1].State=1; Card[1].RecyBox=0;
2013-08-19 13:20:20 Card[2].CurrSite=1; Card[2].TagSite=2; Card[2].CardNo=1000005; Card[2].State=1; Card[2].RecyBox=0;
2013-08-19 13:20:20 Card[3].CurrSite=0; Card[3].TagSite=3; Card[3].CardNo=0; Card[3].State=0; Card[3].RecyBox=0;
2013-08-19 13:20:20 Card[4].CurrSite=0; Card[4].TagSite=3; Card[4].CardNo=0; Card[4].State=0; Card[4].RecyBox=0;
2013-08-19 13:20:20 Card[5].CurrSite=0; Card[5].TagSite=3; Card[5].CardNo=0; Card[5].State=0; Card[5].RecyBox=0;
2013-08-19 13:20:20 Card[6].CurrSite=0; Card[6].TagSite=3; Card[6].CardNo=0; Card[6].State=0; Card[6].RecyBox=0;
2013-08-19 13:20:20 走卡之前
2013-08-19 13:20:20 电磁铁状态：0x1
2013-08-19 13:20:20 走卡前开始结束状态：0x70  0x30
2013-08-19 13:20:21 走卡成功
2013-08-19 13:20:21 Card[0].CurrSite=0; Card[0].TagSite=0; Card[0].CardNo=1000003; Card[0].State=2; Card[0].RecyBox=1;
2013-08-19 13:20:21 Card[1].CurrSite=3; Card[1].TagSite=3; Card[1].CardNo=1000004; Card[1].State=1; Card[1].RecyBox=0;
2013-08-19 13:20:21 Card[2].CurrSite=2; Card[2].TagSite=2; Card[2].CardNo=1000005; Card[2].State=1; Card[2].RecyBox=0;
2013-08-19 13:20:21 Card[3].CurrSite=0; Card[3].TagSite=3; Card[3].CardNo=0; Card[3].State=0; Card[3].RecyBox=0;
2013-08-19 13:20:21 Card[4].CurrSite=0; Card[4].TagSite=3; Card[4].CardNo=0; Card[4].State=0; Card[4].RecyBox=0;
2013-08-19 13:20:21 Card[5].CurrSite=0; Card[5].TagSite=3; Card[5].CardNo=0; Card[5].State=0; Card[5].RecyBox=0;
2013-08-19 13:20:21 Card[6].CurrSite=0; Card[6].TagSite=3; Card[6].CardNo=0; Card[6].State=0; Card[6].RecyBox=0;
2013-08-19 13:20:21 走卡后开始结束状态：0x70  0x30
2013-08-19 13:20:21 Call ACCAPI_SendCard() Status:
2013-08-19 13:20:21 Card[0].CurrSite=0; Card[0].TagSite=3; Card[0].CardNo=1000003; Card[0].State=2; Card[0].RecyBox=1;
2013-08-19 13:20:21 Card[1].CurrSite=3; Card[1].TagSite=3; Card[1].CardNo=1000004; Card[1].State=1; Card[1].RecyBox=0;
2013-08-19 13:20:21 Card[2].CurrSite=2; Card[2].TagSite=3; Card[2].CardNo=1000005; Card[2].State=1; Card[2].RecyBox=0;
2013-08-19 13:20:21 Card[3].CurrSite=0; Card[3].TagSite=3; Card[3].CardNo=0; Card[3].State=0; Card[3].RecyBox=0;
2013-08-19 13:20:21 Card[4].CurrSite=0; Card[4].TagSite=3; Card[4].CardNo=0; Card[4].State=0; Card[4].RecyBox=0;
2013-08-19 13:20:21 Card[5].CurrSite=0; Card[5].TagSite=3; Card[5].CardNo=0; Card[5].State=0; Card[5].RecyBox=0;
2013-08-19 13:20:21 Card[6].CurrSite=0; Card[6].TagSite=3; Card[6].CardNo=0; Card[6].State=0; Card[6].RecyBox=0;
2013-08-19 13:20:22 发卡成功
2013-08-19 13:20:22 Card[0].CurrSite=1; Card[0].TagSite=2; Card[0].CardNo=1000006; Card[0].State=1; Card[0].RecyBox=0;
2013-08-19 13:20:22 Card[1].CurrSite=3; Card[1].TagSite=3; Card[1].CardNo=1000004; Card[1].State=1; Card[1].RecyBox=0;
2013-08-19 13:20:22 Card[2].CurrSite=2; Card[2].TagSite=3; Card[2].CardNo=1000005; Card[2].State=1; Card[2].RecyBox=0;
2013-08-19 13:20:22 Card[3].CurrSite=0; Card[3].TagSite=3; Card[3].CardNo=0; Card[3].State=0; Card[3].RecyBox=0;
2013-08-19 13:20:22 Card[4].CurrSite=0; Card[4].TagSite=3; Card[4].CardNo=0; Card[4].State=0; Card[4].RecyBox=0;
2013-08-19 13:20:22 Card[5].CurrSite=0; Card[5].TagSite=3; Card[5].CardNo=0; Card[5].State=0; Card[5].RecyBox=0;
2013-08-19 13:20:22 Card[6].CurrSite=0; Card[6].TagSite=3; Card[6].CardNo=0; Card[6].State=0; Card[6].RecyBox=0;
2013-08-19 13:20:22 Call ACCAPI_MoveCard() Status:
2013-08-19 13:20:22 Card[0].CurrSite=1; Card[0].TagSite=2; Card[0].CardNo=1000006; Card[0].State=1; Card[0].RecyBox=0;
2013-08-19 13:20:22 Card[1].CurrSite=3; Card[1].TagSite=3; Card[1].CardNo=1000004; Card[1].State=1; Card[1].RecyBox=0;
2013-08-19 13:20:22 Card[2].CurrSite=2; Card[2].TagSite=3; Card[2].CardNo=1000005; Card[2].State=1; Card[2].RecyBox=0;
2013-08-19 13:20:22 Card[3].CurrSite=0; Card[3].TagSite=3; Card[3].CardNo=0; Card[3].State=0; Card[3].RecyBox=0;
2013-08-19 13:20:22 Card[4].CurrSite=0; Card[4].TagSite=3; Card[4].CardNo=0; Card[4].State=0; Card[4].RecyBox=0;
2013-08-19 13:20:22 Card[5].CurrSite=0; Card[5].TagSite=3; Card[5].CardNo=0; Card[5].State=0; Card[5].RecyBox=0;
2013-08-19 13:20:22 Card[6].CurrSite=0; Card[6].TagSite=3; Card[6].CardNo=0; Card[6].State=0; Card[6].RecyBox=0;
2013-08-19 13:20:22 走卡之前
2013-08-19 13:20:22 电磁铁状态：0x1
2013-08-19 13:20:22 走卡前开始结束状态：0x70  0x30
2013-08-19 13:20:22 走卡成功
2013-08-19 13:20:22 Card[0].CurrSite=2; Card[0].TagSite=2; Card[0].CardNo=1000006; Card[0].State=1; Card[0].RecyBox=0;
2013-08-19 13:20:22 Card[1].CurrSite=0; Card[1].TagSite=0; Card[1].CardNo=1000004; Card[1].State=2; Card[1].RecyBox=1;
2013-08-19 13:20:22 Card[2].CurrSite=3; Card[2].TagSite=3; Card[2].CardNo=1000005; Card[2].State=1; Card[2].RecyBox=0;
2013-08-19 13:20:22 Card[3].CurrSite=0; Card[3].TagSite=3; Card[3].CardNo=0; Card[3].State=0; Card[3].RecyBox=0;
2013-08-19 13:20:22 Card[4].CurrSite=0; Card[4].TagSite=3; Card[4].CardNo=0; Card[4].State=0; Card[4].RecyBox=0;
2013-08-19 13:20:22 Card[5].CurrSite=0; Card[5].TagSite=3; Card[5].CardNo=0; Card[5].State=0; Card[5].RecyBox=0;
2013-08-19 13:20:22 Card[6].CurrSite=0; Card[6].TagSite=3; Card[6].CardNo=0; Card[6].State=0; Card[6].RecyBox=0;
2013-08-19 13:20:22 走卡后开始结束状态：0x70  0x30
2013-08-19 13:20:22 Call ACCAPI_SendCard() Status:
2013-08-19 13:20:22 Card[0].CurrSite=2; Card[0].TagSite=3; Card[0].CardNo=1000006; Card[0].State=1; Card[0].RecyBox=0;
2013-08-19 13:20:22 Card[1].CurrSite=0; Card[1].TagSite=3; Card[1].CardNo=1000004; Card[1].State=2; Card[1].RecyBox=1;
2013-08-19 13:20:22 Card[2].CurrSite=3; Card[2].TagSite=3; Card[2].CardNo=1000005; Card[2].State=1; Card[2].RecyBox=0;
2013-08-19 13:20:22 Card[3].CurrSite=0; Card[3].TagSite=3; Card[3].CardNo=0; Card[3].State=0; Card[3].RecyBox=0;
2013-08-19 13:20:22 Card[4].CurrSite=0; Card[4].TagSite=3; Card[4].CardNo=0; Card[4].State=0; Card[4].RecyBox=0;
2013-08-19 13:20:22 Card[5].CurrSite=0; Card[5].TagSite=3; Card[5].CardNo=0; Card[5].State=0; Card[5].RecyBox=0;
2013-08-19 13:20:22 Card[6].CurrSite=0; Card[6].TagSite=3; Card[6].CardNo=0; Card[6].State=0; Card[6].RecyBox=0;
2013-08-19 13:20:23 发卡成功
2013-08-19 13:20:23 Card[0].CurrSite=2; Card[0].TagSite=3; Card[0].CardNo=1000006; Card[0].State=1; Card[0].RecyBox=0;
2013-08-19 13:20:23 Card[1].CurrSite=1; Card[1].TagSite=2; Card[1].CardNo=1000007; Card[1].State=1; Card[1].RecyBox=0;
2013-08-19 13:20:23 Card[2].CurrSite=3; Card[2].TagSite=3; Card[2].CardNo=1000005; Card[2].State=1; Card[2].RecyBox=0;
2013-08-19 13:20:23 Card[3].CurrSite=0; Card[3].TagSite=3; Card[3].CardNo=0; Card[3].State=0; Card[3].RecyBox=0;
2013-08-19 13:20:23 Card[4].CurrSite=0; Card[4].TagSite=3; Card[4].CardNo=0; Card[4].State=0; Card[4].RecyBox=0;
2013-08-19 13:20:23 Card[5].CurrSite=0; Card[5].TagSite=3; Card[5].CardNo=0; Card[5].State=0; Card[5].RecyBox=0;
2013-08-19 13:20:23 Card[6].CurrSite=0; Card[6].TagSite=3; Card[6].CardNo=0; Card[6].State=0; Card[6].RecyBox=0;
2013-08-19 13:20:23 Call ACCAPI_MoveCard() Status:
2013-08-19 13:20:23 Card[0].CurrSite=2; Card[0].TagSite=3; Card[0].CardNo=1000006; Card[0].State=1; Card[0].RecyBox=0;
2013-08-19 13:20:23 Card[1].CurrSite=1; Card[1].TagSite=2; Card[1].CardNo=1000007; Card[1].State=1; Card[1].RecyBox=0;
2013-08-19 13:20:23 Card[2].CurrSite=3; Card[2].TagSite=3; Card[2].CardNo=1000005; Card[2].State=1; Card[2].RecyBox=0;
2013-08-19 13:20:23 Card[3].CurrSite=0; Card[3].TagSite=3; Card[3].CardNo=0; Card[3].State=0; Card[3].RecyBox=0;
2013-08-19 13:20:23 Card[4].CurrSite=0; Card[4].TagSite=3; Card[4].CardNo=0; Card[4].State=0; Card[4].RecyBox=0;
2013-08-19 13:20:23 Card[5].CurrSite=0; Card[5].TagSite=3; Card[5].CardNo=0; Card[5].State=0; Card[5].RecyBox=0;
2013-08-19 13:20:23 Card[6].CurrSite=0; Card[6].TagSite=3; Card[6].CardNo=0; Card[6].State=0; Card[6].RecyBox=0;
2013-08-19 13:20:23 走卡之前
2013-08-19 13:20:23 电磁铁状态：0x1
2013-08-19 13:20:23 走卡前开始结束状态：0x70  0x30
2013-08-19 13:20:23 走卡成功
2013-08-19 13:20:23 Card[0].CurrSite=3; Card[0].TagSite=3; Card[0].CardNo=1000006; Card[0].State=1; Card[0].RecyBox=0;
2013-08-19 13:20:23 Card[1].CurrSite=2; Card[1].TagSite=2; Card[1].CardNo=1000007; Card[1].State=1; Card[1].RecyBox=0;
2013-08-19 13:20:23 Card[2].CurrSite=0; Card[2].TagSite=0; Card[2].CardNo=1000005; Card[2].State=2; Card[2].RecyBox=1;
2013-08-19 13:20:23 Card[3].CurrSite=0; Card[3].TagSite=3; Card[3].CardNo=0; Card[3].State=0; Card[3].RecyBox=0;
2013-08-19 13:20:23 Card[4].CurrSite=0; Card[4].TagSite=3; Card[4].CardNo=0; Card[4].State=0; Card[4].RecyBox=0;
2013-08-19 13:20:23 Card[5].CurrSite=0; Card[5].TagSite=3; Card[5].CardNo=0; Card[5].State=0; Card[5].RecyBox=0;
2013-08-19 13:20:23 Card[6].CurrSite=0; Card[6].TagSite=3; Card[6].CardNo=0; Card[6].State=0; Card[6].RecyBox=0;
2013-08-19 13:20:23 走卡后开始结束状态：0x70  0x30
2013-08-19 13:20:23 Call ACCAPI_SendCard() Status:
2013-08-19 13:20:23 Card[0].CurrSite=3; Card[0].TagSite=3; Card[0].CardNo=1000006; Card[0].State=1; Card[0].RecyBox=0;
2013-08-19 13:20:23 Card[1].CurrSite=2; Card[1].TagSite=3; Card[1].CardNo=1000007; Card[1].State=1; Card[1].RecyBox=0;
2013-08-19 13:20:23 Card[2].CurrSite=0; Card[2].TagSite=3; Card[2].CardNo=1000005; Card[2].State=2; Card[2].RecyBox=1;
2013-08-19 13:20:23 Card[3].CurrSite=0; Card[3].TagSite=3; Card[3].CardNo=0; Card[3].State=0; Card[3].RecyBox=0;
2013-08-19 13:20:23 Card[4].CurrSite=0; Card[4].TagSite=3; Card[4].CardNo=0; Card[4].State=0; Card[4].RecyBox=0;
2013-08-19 13:20:23 Card[5].CurrSite=0; Card[5].TagSite=3; Card[5].CardNo=0; Card[5].State=0; Card[5].RecyBox=0;
2013-08-19 13:20:23 Card[6].CurrSite=0; Card[6].TagSite=3; Card[6].CardNo=0; Card[6].State=0; Card[6].RecyBox=0;
2013-08-19 13:20:24 发卡成功
2013-08-19 13:20:24 Card[0].CurrSite=3; Card[0].TagSite=3; Card[0].CardNo=1000006; Card[0].State=1; Card[0].RecyBox=0;
2013-08-19 13:20:24 Card[1].CurrSite=2; Card[1].TagSite=3; Card[1].CardNo=1000007; Card[1].State=1; Card[1].RecyBox=0;
2013-08-19 13:20:24 Card[2].CurrSite=1; Card[2].TagSite=2; Card[2].CardNo=1000008; Card[2].State=1; Card[2].RecyBox=0;
2013-08-19 13:20:24 Card[3].CurrSite=0; Card[3].TagSite=3; Card[3].CardNo=0; Card[3].State=0; Card[3].RecyBox=0;
2013-08-19 13:20:24 Card[4].CurrSite=0; Card[4].TagSite=3; Card[4].CardNo=0; Card[4].State=0; Card[4].RecyBox=0;
2013-08-19 13:20:24 Card[5].CurrSite=0; Card[5].TagSite=3; Card[5].CardNo=0; Card[5].State=0; Card[5].RecyBox=0;
2013-08-19 13:20:24 Card[6].CurrSite=0; Card[6].TagSite=3; Card[6].CardNo=0; Card[6].State=0; Card[6].RecyBox=0;
2013-08-19 13:20:24 Call ACCAPI_MoveCard() Status:
2013-08-19 13:20:24 Card[0].CurrSite=3; Card[0].TagSite=3; Card[0].CardNo=1000006; Card[0].State=1; Card[0].RecyBox=0;
2013-08-19 13:20:24 Card[1].CurrSite=2; Card[1].TagSite=3; Card[1].CardNo=1000007; Card[1].State=1; Card[1].RecyBox=0;
2013-08-19 13:20:24 Card[2].CurrSite=1; Card[2].TagSite=2; Card[2].CardNo=1000008; Card[2].State=1; Card[2].RecyBox=0;
2013-08-19 13:20:24 Card[3].CurrSite=0; Card[3].TagSite=3; Card[3].CardNo=0; Card[3].State=0; Card[3].RecyBox=0;
2013-08-19 13:20:24 Card[4].CurrSite=0; Card[4].TagSite=3; Card[4].CardNo=0; Card[4].State=0; Card[4].RecyBox=0;
2013-08-19 13:20:24 Card[5].CurrSite=0; Card[5].TagSite=3; Card[5].CardNo=0; Card[5].State=0; Card[5].RecyBox=0;
2013-08-19 13:20:24 Card[6].CurrSite=0; Card[6].TagSite=3; Card[6].CardNo=0; Card[6].State=0; Card[6].RecyBox=0;
2013-08-19 13:20:24 走卡之前
2013-08-19 13:20:24 电磁铁状态：0x1
2013-08-19 13:20:24 走卡前开始结束状态：0x70  0x30
2013-08-19 13:20:24 走卡成功
2013-08-19 13:20:24 Card[0].CurrSite=0; Card[0].TagSite=0; Card[0].CardNo=1000006; Card[0].State=2; Card[0].RecyBox=1;
2013-08-19 13:20:24 Card[1].CurrSite=3; Card[1].TagSite=3; Card[1].CardNo=1000007; Card[1].State=1; Card[1].RecyBox=0;
2013-08-19 13:20:24 Card[2].CurrSite=2; Card[2].TagSite=2; Card[2].CardNo=1000008; Card[2].State=1; Card[2].RecyBox=0;
2013-08-19 13:20:24 Card[3].CurrSite=0; Card[3].TagSite=3; Card[3].CardNo=0; Card[3].State=0; Card[3].RecyBox=0;
2013-08-19 13:20:24 Card[4].CurrSite=0; Card[4].TagSite=3; Card[4].CardNo=0; Card[4].State=0; Card[4].RecyBox=0;
2013-08-19 13:20:24 Card[5].CurrSite=0; Card[5].TagSite=3; Card[5].CardNo=0; Card[5].State=0; Card[5].RecyBox=0;
2013-08-19 13:20:24 Card[6].CurrSite=0; Card[6].TagSite=3; Card[6].CardNo=0; Card[6].State=0; Card[6].RecyBox=0;
2013-08-19 13:20:24 走卡后开始结束状态：0x70  0x30
2013-08-19 13:20:24 Call ACCAPI_SendCard() Status:
2013-08-19 13:20:24 Card[0].CurrSite=0; Card[0].TagSite=3; Card[0].CardNo=1000006; Card[0].State=2; Card[0].RecyBox=1;
2013-08-19 13:20:24 Card[1].CurrSite=3; Card[1].TagSite=3; Card[1].CardNo=1000007; Card[1].State=1; Card[1].RecyBox=0;
2013-08-19 13:20:24 Card[2].CurrSite=2; Card[2].TagSite=3; Card[2].CardNo=1000008; Card[2].State=1; Card[2].RecyBox=0;
2013-08-19 13:20:24 Card[3].CurrSite=0; Card[3].TagSite=3; Card[3].CardNo=0; Card[3].State=0; Card[3].RecyBox=0;
2013-08-19 13:20:24 Card[4].CurrSite=0; Card[4].TagSite=3; Card[4].CardNo=0; Card[4].State=0; Card[4].RecyBox=0;
2013-08-19 13:20:24 Card[5].CurrSite=0; Card[5].TagSite=3; Card[5].CardNo=0; Card[5].State=0; Card[5].RecyBox=0;
2013-08-19 13:20:24 Card[6].CurrSite=0; Card[6].TagSite=3; Card[6].CardNo=0; Card[6].State=0; Card[6].RecyBox=0;
2013-08-19 13:20:24 发卡箱无卡
2013-08-19 13:20:27 Call ACCAPI_MoveCard() Status:
2013-08-19 13:20:27 Card[0].CurrSite=0; Card[0].TagSite=3; Card[0].CardNo=1000006; Card[0].State=2; Card[0].RecyBox=1;
2013-08-19 13:20:27 Card[1].CurrSite=3; Card[1].TagSite=3; Card[1].CardNo=1000007; Card[1].State=1; Card[1].RecyBox=0;
2013-08-19 13:20:27 Card[2].CurrSite=2; Card[2].TagSite=3; Card[2].CardNo=1000008; Card[2].State=1; Card[2].RecyBox=0;
2013-08-19 13:20:27 Card[3].CurrSite=0; Card[3].TagSite=3; Card[3].CardNo=0; Card[3].State=0; Card[3].RecyBox=0;
2013-08-19 13:20:27 Card[4].CurrSite=0; Card[4].TagSite=3; Card[4].CardNo=0; Card[4].State=0; Card[4].RecyBox=0;
2013-08-19 13:20:27 Card[5].CurrSite=0; Card[5].TagSite=3; Card[5].CardNo=0; Card[5].State=0; Card[5].RecyBox=0;
2013-08-19 13:20:27 Card[6].CurrSite=0; Card[6].TagSite=3; Card[6].CardNo=0; Card[6].State=0; Card[6].RecyBox=0;
2013-08-19 13:20:27 走卡之前
2013-08-19 13:20:27 电磁铁状态：0x1
2013-08-19 13:20:27 走卡前开始结束状态：0x70  0x30
2013-08-19 13:20:27 走卡成功
2013-08-19 13:20:27 Card[0].CurrSite=0; Card[0].TagSite=3; Card[0].CardNo=1000006; Card[0].State=2; Card[0].RecyBox=1;
2013-08-19 13:20:27 Card[1].CurrSite=0; Card[1].TagSite=0; Card[1].CardNo=1000007; Card[1].State=2; Card[1].RecyBox=1;
2013-08-19 13:20:27 Card[2].CurrSite=3; Card[2].TagSite=3; Card[2].CardNo=1000008; Card[2].State=1; Card[2].RecyBox=0;
2013-08-19 13:20:27 Card[3].CurrSite=0; Card[3].TagSite=3; Card[3].CardNo=0; Card[3].State=0; Card[3].RecyBox=0;
2013-08-19 13:20:27 Card[4].CurrSite=0; Card[4].TagSite=3; Card[4].CardNo=0; Card[4].State=0; Card[4].RecyBox=0;
2013-08-19 13:20:27 Card[5].CurrSite=0; Card[5].TagSite=3; Card[5].CardNo=0; Card[5].State=0; Card[5].RecyBox=0;
2013-08-19 13:20:27 Card[6].CurrSite=0; Card[6].TagSite=3; Card[6].CardNo=0; Card[6].State=0; Card[6].RecyBox=0;
2013-08-19 13:20:27 走卡后开始结束状态：0x30  0x10
