2017-12-28 11:36:01 ACCAPI_Open Finished!
2017-12-28 11:36:01 启动灯亮
2017-12-28 11:36:33 Call ACCAPI_SendCard() Status:
2017-12-28 11:36:33 Card[0].CurrSite=0; Card[0].TagSite=0; Card[0].CardNo=0; Card[0].State=0; Card[0].RecyBox=0;
2017-12-28 11:36:33 Card[1].CurrSite=0; Card[1].TagSite=0; Card[1].CardNo=0; Card[1].State=0; Card[1].RecyBox=0;
2017-12-28 11:36:33 Card[2].CurrSite=0; Card[2].TagSite=0; Card[2].CardNo=0; Card[2].State=0; Card[2].RecyBox=0;
2017-12-28 11:36:33 Card[3].CurrSite=0; Card[3].TagSite=0; Card[3].CardNo=0; Card[3].State=0; Card[3].RecyBox=0;
2017-12-28 11:36:33 Card[4].CurrSite=0; Card[4].TagSite=0; Card[4].CardNo=0; Card[4].State=0; Card[4].RecyBox=0;
2017-12-28 11:36:33 Card[5].CurrSite=0; Card[5].TagSite=0; Card[5].CardNo=0; Card[5].State=0; Card[5].RecyBox=0;
2017-12-28 11:36:33 Card[6].CurrSite=0; Card[6].TagSite=0; Card[6].CardNo=0; Card[6].State=0; Card[6].RecyBox=0;
2017-12-28 11:36:34 发卡成功
2017-12-28 11:36:34 Card[0].CurrSite=1; Card[0].TagSite=2; Card[0].CardNo=1000000; Card[0].State=1; Card[0].RecyBox=0;
2017-12-28 11:36:34 Card[1].CurrSite=0; Card[1].TagSite=0; Card[1].CardNo=0; Card[1].State=0; Card[1].RecyBox=0;
2017-12-28 11:36:34 Card[2].CurrSite=0; Card[2].TagSite=0; Card[2].CardNo=0; Card[2].State=0; Card[2].RecyBox=0;
2017-12-28 11:36:34 Card[3].CurrSite=0; Card[3].TagSite=0; Card[3].CardNo=0; Card[3].State=0; Card[3].RecyBox=0;
2017-12-28 11:36:34 Card[4].CurrSite=0; Card[4].TagSite=0; Card[4].CardNo=0; Card[4].State=0; Card[4].RecyBox=0;
2017-12-28 11:36:34 Card[5].CurrSite=0; Card[5].TagSite=0; Card[5].CardNo=0; Card[5].State=0; Card[5].RecyBox=0;
2017-12-28 11:36:34 Card[6].CurrSite=0; Card[6].TagSite=0; Card[6].CardNo=0; Card[6].State=0; Card[6].RecyBox=0;
2017-12-28 11:36:34 Call ACCAPI_MoveCard() Status:
2017-12-28 11:36:34 Card[0].CurrSite=1; Card[0].TagSite=2; Card[0].CardNo=1000000; Card[0].State=1; Card[0].RecyBox=0;
2017-12-28 11:36:34 Card[1].CurrSite=0; Card[1].TagSite=0; Card[1].CardNo=0; Card[1].State=0; Card[1].RecyBox=0;
2017-12-28 11:36:34 Card[2].CurrSite=0; Card[2].TagSite=0; Card[2].CardNo=0; Card[2].State=0; Card[2].RecyBox=0;
2017-12-28 11:36:34 Card[3].CurrSite=0; Card[3].TagSite=0; Card[3].CardNo=0; Card[3].State=0; Card[3].RecyBox=0;
2017-12-28 11:36:34 Card[4].CurrSite=0; Card[4].TagSite=0; Card[4].CardNo=0; Card[4].State=0; Card[4].RecyBox=0;
2017-12-28 11:36:34 Card[5].CurrSite=0; Card[5].TagSite=0; Card[5].CardNo=0; Card[5].State=0; Card[5].RecyBox=0;
2017-12-28 11:36:34 Card[6].CurrSite=0; Card[6].TagSite=0; Card[6].CardNo=0; Card[6].State=0; Card[6].RecyBox=0;
2017-12-28 11:36:34 走卡之前
2017-12-28 11:36:34 电磁铁状态：0x0
2017-12-28 11:36:34 走卡前开始结束状态：0x40  0x0
2017-12-28 11:36:35 走卡成功
2017-12-28 11:36:35 Card[0].CurrSite=2; Card[0].TagSite=2; Card[0].CardNo=1000000; Card[0].State=1; Card[0].RecyBox=0;
2017-12-28 11:36:35 Card[1].CurrSite=0; Card[1].TagSite=0; Card[1].CardNo=0; Card[1].State=0; Card[1].RecyBox=0;
2017-12-28 11:36:35 Card[2].CurrSite=0; Card[2].TagSite=0; Card[2].CardNo=0; Card[2].State=0; Card[2].RecyBox=0;
2017-12-28 11:36:35 Card[3].CurrSite=0; Card[3].TagSite=0; Card[3].CardNo=0; Card[3].State=0; Card[3].RecyBox=0;
2017-12-28 11:36:35 Card[4].CurrSite=0; Card[4].TagSite=0; Card[4].CardNo=0; Card[4].State=0; Card[4].RecyBox=0;
2017-12-28 11:36:35 Card[5].CurrSite=0; Card[5].TagSite=0; Card[5].CardNo=0; Card[5].State=0; Card[5].RecyBox=0;
2017-12-28 11:36:35 Card[6].CurrSite=0; Card[6].TagSite=0; Card[6].CardNo=0; Card[6].State=0; Card[6].RecyBox=0;
2017-12-28 11:36:35 走卡后开始结束状态：0x40  0x20
2017-12-28 11:36:37 Call ACCAPI_SendCard() Status:
2017-12-28 11:36:37 Card[0].CurrSite=2; Card[0].TagSite=3; Card[0].CardNo=1000000; Card[0].State=1; Card[0].RecyBox=0;
2017-12-28 11:36:37 Card[1].CurrSite=0; Card[1].TagSite=3; Card[1].CardNo=0; Card[1].State=0; Card[1].RecyBox=0;
2017-12-28 11:36:37 Card[2].CurrSite=0; Card[2].TagSite=3; Card[2].CardNo=0; Card[2].State=0; Card[2].RecyBox=0;
2017-12-28 11:36:37 Card[3].CurrSite=0; Card[3].TagSite=3; Card[3].CardNo=0; Card[3].State=0; Card[3].RecyBox=0;
2017-12-28 11:36:37 Card[4].CurrSite=0; Card[4].TagSite=3; Card[4].CardNo=0; Card[4].State=0; Card[4].RecyBox=0;
2017-12-28 11:36:37 Card[5].CurrSite=0; Card[5].TagSite=3; Card[5].CardNo=0; Card[5].State=0; Card[5].RecyBox=0;
2017-12-28 11:36:37 Card[6].CurrSite=0; Card[6].TagSite=3; Card[6].CardNo=0; Card[6].State=0; Card[6].RecyBox=0;
2017-12-28 11:36:37 发卡成功
2017-12-28 11:36:37 Card[0].CurrSite=2; Card[0].TagSite=3; Card[0].CardNo=1000000; Card[0].State=1; Card[0].RecyBox=0;
2017-12-28 11:36:37 Card[1].CurrSite=1; Card[1].TagSite=2; Card[1].CardNo=1000001; Card[1].State=1; Card[1].RecyBox=0;
2017-12-28 11:36:37 Card[2].CurrSite=0; Card[2].TagSite=3; Card[2].CardNo=0; Card[2].State=0; Card[2].RecyBox=0;
2017-12-28 11:36:37 Card[3].CurrSite=0; Card[3].TagSite=3; Card[3].CardNo=0; Card[3].State=0; Card[3].RecyBox=0;
2017-12-28 11:36:37 Card[4].CurrSite=0; Card[4].TagSite=3; Card[4].CardNo=0; Card[4].State=0; Card[4].RecyBox=0;
2017-12-28 11:36:37 Card[5].CurrSite=0; Card[5].TagSite=3; Card[5].CardNo=0; Card[5].State=0; Card[5].RecyBox=0;
2017-12-28 11:36:37 Card[6].CurrSite=0; Card[6].TagSite=3; Card[6].CardNo=0; Card[6].State=0; Card[6].RecyBox=0;
2017-12-28 11:36:39 Call ACCAPI_MoveCard() Status:
2017-12-28 11:36:39 Card[0].CurrSite=2; Card[0].TagSite=3; Card[0].CardNo=1000000; Card[0].State=1; Card[0].RecyBox=0;
2017-12-28 11:36:39 Card[1].CurrSite=1; Card[1].TagSite=2; Card[1].CardNo=1000001; Card[1].State=1; Card[1].RecyBox=0;
2017-12-28 11:36:39 Card[2].CurrSite=0; Card[2].TagSite=3; Card[2].CardNo=0; Card[2].State=0; Card[2].RecyBox=0;
2017-12-28 11:36:39 Card[3].CurrSite=0; Card[3].TagSite=3; Card[3].CardNo=0; Card[3].State=0; Card[3].RecyBox=0;
2017-12-28 11:36:39 Card[4].CurrSite=0; Card[4].TagSite=3; Card[4].CardNo=0; Card[4].State=0; Card[4].RecyBox=0;
2017-12-28 11:36:39 Card[5].CurrSite=0; Card[5].TagSite=3; Card[5].CardNo=0; Card[5].State=0; Card[5].RecyBox=0;
2017-12-28 11:36:39 Card[6].CurrSite=0; Card[6].TagSite=3; Card[6].CardNo=0; Card[6].State=0; Card[6].RecyBox=0;
2017-12-28 11:36:39 走卡之前
2017-12-28 11:36:39 电磁铁状态：0x0
2017-12-28 11:36:39 走卡前开始结束状态：0x40  0x20
2017-12-28 11:36:39 走卡成功
2017-12-28 11:36:39 Card[0].CurrSite=3; Card[0].TagSite=3; Card[0].CardNo=1000000; Card[0].State=1; Card[0].RecyBox=0;
2017-12-28 11:36:39 Card[1].CurrSite=2; Card[1].TagSite=2; Card[1].CardNo=1000001; Card[1].State=1; Card[1].RecyBox=0;
2017-12-28 11:36:39 Card[2].CurrSite=0; Card[2].TagSite=3; Card[2].CardNo=0; Card[2].State=0; Card[2].RecyBox=0;
2017-12-28 11:36:39 Card[3].CurrSite=0; Card[3].TagSite=3; Card[3].CardNo=0; Card[3].State=0; Card[3].RecyBox=0;
2017-12-28 11:36:39 Card[4].CurrSite=0; Card[4].TagSite=3; Card[4].CardNo=0; Card[4].State=0; Card[4].RecyBox=0;
2017-12-28 11:36:39 Card[5].CurrSite=0; Card[5].TagSite=3; Card[5].CardNo=0; Card[5].State=0; Card[5].RecyBox=0;
2017-12-28 11:36:39 Card[6].CurrSite=0; Card[6].TagSite=3; Card[6].CardNo=0; Card[6].State=0; Card[6].RecyBox=0;
2017-12-28 11:36:39 走卡后开始结束状态：0x60  0x30
2017-12-28 11:36:49 Call ACCAPI_SendCard() Status:
2017-12-28 11:36:49 Card[0].CurrSite=3; Card[0].TagSite=3; Card[0].CardNo=1000000; Card[0].State=1; Card[0].RecyBox=0;
2017-12-28 11:36:49 Card[1].CurrSite=2; Card[1].TagSite=3; Card[1].CardNo=1000001; Card[1].State=1; Card[1].RecyBox=0;
2017-12-28 11:36:49 Card[2].CurrSite=0; Card[2].TagSite=3; Card[2].CardNo=0; Card[2].State=0; Card[2].RecyBox=0;
2017-12-28 11:36:49 Card[3].CurrSite=0; Card[3].TagSite=3; Card[3].CardNo=0; Card[3].State=0; Card[3].RecyBox=0;
2017-12-28 11:36:49 Card[4].CurrSite=0; Card[4].TagSite=3; Card[4].CardNo=0; Card[4].State=0; Card[4].RecyBox=0;
2017-12-28 11:36:49 Card[5].CurrSite=0; Card[5].TagSite=3; Card[5].CardNo=0; Card[5].State=0; Card[5].RecyBox=0;
2017-12-28 11:36:49 Card[6].CurrSite=0; Card[6].TagSite=3; Card[6].CardNo=0; Card[6].State=0; Card[6].RecyBox=0;
2017-12-28 11:36:49 发卡成功
2017-12-28 11:36:49 Card[0].CurrSite=3; Card[0].TagSite=3; Card[0].CardNo=1000000; Card[0].State=1; Card[0].RecyBox=0;
2017-12-28 11:36:49 Card[1].CurrSite=2; Card[1].TagSite=3; Card[1].CardNo=1000001; Card[1].State=1; Card[1].RecyBox=0;
2017-12-28 11:36:49 Card[2].CurrSite=1; Card[2].TagSite=2; Card[2].CardNo=1000002; Card[2].State=1; Card[2].RecyBox=0;
2017-12-28 11:36:49 Card[3].CurrSite=0; Card[3].TagSite=3; Card[3].CardNo=0; Card[3].State=0; Card[3].RecyBox=0;
2017-12-28 11:36:49 Card[4].CurrSite=0; Card[4].TagSite=3; Card[4].CardNo=0; Card[4].State=0; Card[4].RecyBox=0;
2017-12-28 11:36:49 Card[5].CurrSite=0; Card[5].TagSite=3; Card[5].CardNo=0; Card[5].State=0; Card[5].RecyBox=0;
2017-12-28 11:36:49 Card[6].CurrSite=0; Card[6].TagSite=3; Card[6].CardNo=0; Card[6].State=0; Card[6].RecyBox=0;
2017-12-28 11:36:49 Call ACCAPI_MoveCard() Status:
2017-12-28 11:36:49 Card[0].CurrSite=3; Card[0].TagSite=3; Card[0].CardNo=1000000; Card[0].State=1; Card[0].RecyBox=0;
2017-12-28 11:36:49 Card[1].CurrSite=2; Card[1].TagSite=3; Card[1].CardNo=1000001; Card[1].State=1; Card[1].RecyBox=0;
2017-12-28 11:36:49 Card[2].CurrSite=1; Card[2].TagSite=2; Card[2].CardNo=1000002; Card[2].State=1; Card[2].RecyBox=0;
2017-12-28 11:36:49 Card[3].CurrSite=0; Card[3].TagSite=3; Card[3].CardNo=0; Card[3].State=0; Card[3].RecyBox=0;
2017-12-28 11:36:49 Card[4].CurrSite=0; Card[4].TagSite=3; Card[4].CardNo=0; Card[4].State=0; Card[4].RecyBox=0;
2017-12-28 11:36:49 Card[5].CurrSite=0; Card[5].TagSite=3; Card[5].CardNo=0; Card[5].State=0; Card[5].RecyBox=0;
2017-12-28 11:36:49 Card[6].CurrSite=0; Card[6].TagSite=3; Card[6].CardNo=0; Card[6].State=0; Card[6].RecyBox=0;
2017-12-28 11:36:49 走卡之前
2017-12-28 11:36:49 电磁铁状态：0x1
2017-12-28 11:36:49 走卡前开始结束状态：0x60  0x30
2017-12-28 11:36:50 走卡成功
2017-12-28 11:36:50 Card[0].CurrSite=0; Card[0].TagSite=0; Card[0].CardNo=1000000; Card[0].State=2; Card[0].RecyBox=1;
2017-12-28 11:36:50 Card[1].CurrSite=3; Card[1].TagSite=3; Card[1].CardNo=1000001; Card[1].State=1; Card[1].RecyBox=0;
2017-12-28 11:36:50 Card[2].CurrSite=2; Card[2].TagSite=2; Card[2].CardNo=1000002; Card[2].State=1; Card[2].RecyBox=0;
2017-12-28 11:36:50 Card[3].CurrSite=0; Card[3].TagSite=3; Card[3].CardNo=0; Card[3].State=0; Card[3].RecyBox=0;
2017-12-28 11:36:50 Card[4].CurrSite=0; Card[4].TagSite=3; Card[4].CardNo=0; Card[4].State=0; Card[4].RecyBox=0;
2017-12-28 11:36:50 Card[5].CurrSite=0; Card[5].TagSite=3; Card[5].CardNo=0; Card[5].State=0; Card[5].RecyBox=0;
2017-12-28 11:36:50 Card[6].CurrSite=0; Card[6].TagSite=3; Card[6].CardNo=0; Card[6].State=0; Card[6].RecyBox=0;
2017-12-28 11:36:50 走卡后开始结束状态：0x70  0x30
2017-12-28 11:36:50 Call ACCAPI_SendCard() Status:
2017-12-28 11:36:50 Card[0].CurrSite=0; Card[0].TagSite=3; Card[0].CardNo=1000000; Card[0].State=2; Card[0].RecyBox=1;
2017-12-28 11:36:50 Card[1].CurrSite=3; Card[1].TagSite=3; Card[1].CardNo=1000001; Card[1].State=1; Card[1].RecyBox=0;
2017-12-28 11:36:50 Card[2].CurrSite=2; Card[2].TagSite=3; Card[2].CardNo=1000002; Card[2].State=1; Card[2].RecyBox=0;
2017-12-28 11:36:50 Card[3].CurrSite=0; Card[3].TagSite=3; Card[3].CardNo=0; Card[3].State=0; Card[3].RecyBox=0;
2017-12-28 11:36:50 Card[4].CurrSite=0; Card[4].TagSite=3; Card[4].CardNo=0; Card[4].State=0; Card[4].RecyBox=0;
2017-12-28 11:36:50 Card[5].CurrSite=0; Card[5].TagSite=3; Card[5].CardNo=0; Card[5].State=0; Card[5].RecyBox=0;
2017-12-28 11:36:50 Card[6].CurrSite=0; Card[6].TagSite=3; Card[6].CardNo=0; Card[6].State=0; Card[6].RecyBox=0;
2017-12-28 11:36:50 发卡成功
2017-12-28 11:36:50 Card[0].CurrSite=1; Card[0].TagSite=2; Card[0].CardNo=1000003; Card[0].State=1; Card[0].RecyBox=0;
2017-12-28 11:36:50 Card[1].CurrSite=3; Card[1].TagSite=3; Card[1].CardNo=1000001; Card[1].State=1; Card[1].RecyBox=0;
2017-12-28 11:36:50 Card[2].CurrSite=2; Card[2].TagSite=3; Card[2].CardNo=1000002; Card[2].State=1; Card[2].RecyBox=0;
2017-12-28 11:36:50 Card[3].CurrSite=0; Card[3].TagSite=3; Card[3].CardNo=0; Card[3].State=0; Card[3].RecyBox=0;
2017-12-28 11:36:50 Card[4].CurrSite=0; Card[4].TagSite=3; Card[4].CardNo=0; Card[4].State=0; Card[4].RecyBox=0;
2017-12-28 11:36:50 Card[5].CurrSite=0; Card[5].TagSite=3; Card[5].CardNo=0; Card[5].State=0; Card[5].RecyBox=0;
2017-12-28 11:36:50 Card[6].CurrSite=0; Card[6].TagSite=3; Card[6].CardNo=0; Card[6].State=0; Card[6].RecyBox=0;
2017-12-28 11:36:50 Call ACCAPI_MoveCard() Status:
2017-12-28 11:36:50 Card[0].CurrSite=1; Card[0].TagSite=2; Card[0].CardNo=1000003; Card[0].State=1; Card[0].RecyBox=0;
2017-12-28 11:36:50 Card[1].CurrSite=3; Card[1].TagSite=3; Card[1].CardNo=1000001; Card[1].State=1; Card[1].RecyBox=0;
2017-12-28 11:36:50 Card[2].CurrSite=2; Card[2].TagSite=3; Card[2].CardNo=1000002; Card[2].State=1; Card[2].RecyBox=0;
2017-12-28 11:36:50 Card[3].CurrSite=0; Card[3].TagSite=3; Card[3].CardNo=0; Card[3].State=0; Card[3].RecyBox=0;
2017-12-28 11:36:50 Card[4].CurrSite=0; Card[4].TagSite=3; Card[4].CardNo=0; Card[4].State=0; Card[4].RecyBox=0;
2017-12-28 11:36:50 Card[5].CurrSite=0; Card[5].TagSite=3; Card[5].CardNo=0; Card[5].State=0; Card[5].RecyBox=0;
2017-12-28 11:36:50 Card[6].CurrSite=0; Card[6].TagSite=3; Card[6].CardNo=0; Card[6].State=0; Card[6].RecyBox=0;
2017-12-28 11:36:50 走卡之前
2017-12-28 11:36:50 电磁铁状态：0x1
2017-12-28 11:36:50 走卡前开始结束状态：0x70  0x30
2017-12-28 11:36:51 走卡成功
2017-12-28 11:36:51 Card[0].CurrSite=2; Card[0].TagSite=2; Card[0].CardNo=1000003; Card[0].State=1; Card[0].RecyBox=0;
2017-12-28 11:36:51 Card[1].CurrSite=0; Card[1].TagSite=0; Card[1].CardNo=1000001; Card[1].State=2; Card[1].RecyBox=1;
2017-12-28 11:36:51 Card[2].CurrSite=3; Card[2].TagSite=3; Card[2].CardNo=1000002; Card[2].State=1; Card[2].RecyBox=0;
2017-12-28 11:36:51 Card[3].CurrSite=0; Card[3].TagSite=3; Card[3].CardNo=0; Card[3].State=0; Card[3].RecyBox=0;
2017-12-28 11:36:51 Card[4].CurrSite=0; Card[4].TagSite=3; Card[4].CardNo=0; Card[4].State=0; Card[4].RecyBox=0;
2017-12-28 11:36:51 Card[5].CurrSite=0; Card[5].TagSite=3; Card[5].CardNo=0; Card[5].State=0; Card[5].RecyBox=0;
2017-12-28 11:36:51 Card[6].CurrSite=0; Card[6].TagSite=3; Card[6].CardNo=0; Card[6].State=0; Card[6].RecyBox=0;
2017-12-28 11:36:51 走卡后开始结束状态：0x70  0x30
2017-12-28 11:36:51 Call ACCAPI_SendCard() Status:
2017-12-28 11:36:51 Card[0].CurrSite=2; Card[0].TagSite=3; Card[0].CardNo=1000003; Card[0].State=1; Card[0].RecyBox=0;
2017-12-28 11:36:51 Card[1].CurrSite=0; Card[1].TagSite=3; Card[1].CardNo=1000001; Card[1].State=2; Card[1].RecyBox=1;
2017-12-28 11:36:51 Card[2].CurrSite=3; Card[2].TagSite=3; Card[2].CardNo=1000002; Card[2].State=1; Card[2].RecyBox=0;
2017-12-28 11:36:51 Card[3].CurrSite=0; Card[3].TagSite=3; Card[3].CardNo=0; Card[3].State=0; Card[3].RecyBox=0;
2017-12-28 11:36:51 Card[4].CurrSite=0; Card[4].TagSite=3; Card[4].CardNo=0; Card[4].State=0; Card[4].RecyBox=0;
2017-12-28 11:36:51 Card[5].CurrSite=0; Card[5].TagSite=3; Card[5].CardNo=0; Card[5].State=0; Card[5].RecyBox=0;
2017-12-28 11:36:51 Card[6].CurrSite=0; Card[6].TagSite=3; Card[6].CardNo=0; Card[6].State=0; Card[6].RecyBox=0;
2017-12-28 11:36:51 发卡成功
2017-12-28 11:36:51 Card[0].CurrSite=2; Card[0].TagSite=3; Card[0].CardNo=1000003; Card[0].State=1; Card[0].RecyBox=0;
2017-12-28 11:36:51 Card[1].CurrSite=1; Card[1].TagSite=2; Card[1].CardNo=1000004; Card[1].State=1; Card[1].RecyBox=0;
2017-12-28 11:36:51 Card[2].CurrSite=3; Card[2].TagSite=3; Card[2].CardNo=1000002; Card[2].State=1; Card[2].RecyBox=0;
2017-12-28 11:36:51 Card[3].CurrSite=0; Card[3].TagSite=3; Card[3].CardNo=0; Card[3].State=0; Card[3].RecyBox=0;
2017-12-28 11:36:51 Card[4].CurrSite=0; Card[4].TagSite=3; Card[4].CardNo=0; Card[4].State=0; Card[4].RecyBox=0;
2017-12-28 11:36:51 Card[5].CurrSite=0; Card[5].TagSite=3; Card[5].CardNo=0; Card[5].State=0; Card[5].RecyBox=0;
2017-12-28 11:36:51 Card[6].CurrSite=0; Card[6].TagSite=3; Card[6].CardNo=0; Card[6].State=0; Card[6].RecyBox=0;
2017-12-28 11:36:51 Call ACCAPI_MoveCard() Status:
2017-12-28 11:36:51 Card[0].CurrSite=2; Card[0].TagSite=3; Card[0].CardNo=1000003; Card[0].State=1; Card[0].RecyBox=0;
2017-12-28 11:36:51 Card[1].CurrSite=1; Card[1].TagSite=2; Card[1].CardNo=1000004; Card[1].State=1; Card[1].RecyBox=0;
2017-12-28 11:36:51 Card[2].CurrSite=3; Card[2].TagSite=3; Card[2].CardNo=1000002; Card[2].State=1; Card[2].RecyBox=0;
2017-12-28 11:36:51 Card[3].CurrSite=0; Card[3].TagSite=3; Card[3].CardNo=0; Card[3].State=0; Card[3].RecyBox=0;
2017-12-28 11:36:51 Card[4].CurrSite=0; Card[4].TagSite=3; Card[4].CardNo=0; Card[4].State=0; Card[4].RecyBox=0;
2017-12-28 11:36:51 Card[5].CurrSite=0; Card[5].TagSite=3; Card[5].CardNo=0; Card[5].State=0; Card[5].RecyBox=0;
2017-12-28 11:36:51 Card[6].CurrSite=0; Card[6].TagSite=3; Card[6].CardNo=0; Card[6].State=0; Card[6].RecyBox=0;
2017-12-28 11:36:51 走卡之前
2017-12-28 11:36:51 电磁铁状态：0x1
2017-12-28 11:36:51 走卡前开始结束状态：0x70  0x30
2017-12-28 11:36:52 走卡成功
2017-12-28 11:36:52 Card[0].CurrSite=3; Card[0].TagSite=3; Card[0].CardNo=1000003; Card[0].State=1; Card[0].RecyBox=0;
2017-12-28 11:36:52 Card[1].CurrSite=2; Card[1].TagSite=2; Card[1].CardNo=1000004; Card[1].State=1; Card[1].RecyBox=0;
2017-12-28 11:36:52 Card[2].CurrSite=0; Card[2].TagSite=0; Card[2].CardNo=1000002; Card[2].State=2; Card[2].RecyBox=1;
2017-12-28 11:36:52 Card[3].CurrSite=0; Card[3].TagSite=3; Card[3].CardNo=0; Card[3].State=0; Card[3].RecyBox=0;
2017-12-28 11:36:52 Card[4].CurrSite=0; Card[4].TagSite=3; Card[4].CardNo=0; Card[4].State=0; Card[4].RecyBox=0;
2017-12-28 11:36:52 Card[5].CurrSite=0; Card[5].TagSite=3; Card[5].CardNo=0; Card[5].State=0; Card[5].RecyBox=0;
2017-12-28 11:36:52 Card[6].CurrSite=0; Card[6].TagSite=3; Card[6].CardNo=0; Card[6].State=0; Card[6].RecyBox=0;
2017-12-28 11:36:52 走卡后开始结束状态：0x70  0x30
2017-12-28 11:36:52 Call ACCAPI_SendCard() Status:
2017-12-28 11:36:52 Card[0].CurrSite=3; Card[0].TagSite=3; Card[0].CardNo=1000003; Card[0].State=1; Card[0].RecyBox=0;
2017-12-28 11:36:52 Card[1].CurrSite=2; Card[1].TagSite=3; Card[1].CardNo=1000004; Card[1].State=1; Card[1].RecyBox=0;
2017-12-28 11:36:52 Card[2].CurrSite=0; Card[2].TagSite=3; Card[2].CardNo=1000002; Card[2].State=2; Card[2].RecyBox=1;
2017-12-28 11:36:52 Card[3].CurrSite=0; Card[3].TagSite=3; Card[3].CardNo=0; Card[3].State=0; Card[3].RecyBox=0;
2017-12-28 11:36:52 Card[4].CurrSite=0; Card[4].TagSite=3; Card[4].CardNo=0; Card[4].State=0; Card[4].RecyBox=0;
2017-12-28 11:36:52 Card[5].CurrSite=0; Card[5].TagSite=3; Card[5].CardNo=0; Card[5].State=0; Card[5].RecyBox=0;
2017-12-28 11:36:52 Card[6].CurrSite=0; Card[6].TagSite=3; Card[6].CardNo=0; Card[6].State=0; Card[6].RecyBox=0;
2017-12-28 11:36:52 发卡成功
2017-12-28 11:36:52 Card[0].CurrSite=3; Card[0].TagSite=3; Card[0].CardNo=1000003; Card[0].State=1; Card[0].RecyBox=0;
2017-12-28 11:36:52 Card[1].CurrSite=2; Card[1].TagSite=3; Card[1].CardNo=1000004; Card[1].State=1; Card[1].RecyBox=0;
2017-12-28 11:36:52 Card[2].CurrSite=1; Card[2].TagSite=2; Card[2].CardNo=1000005; Card[2].State=1; Card[2].RecyBox=0;
2017-12-28 11:36:52 Card[3].CurrSite=0; Card[3].TagSite=3; Card[3].CardNo=0; Card[3].State=0; Card[3].RecyBox=0;
2017-12-28 11:36:52 Card[4].CurrSite=0; Card[4].TagSite=3; Card[4].CardNo=0; Card[4].State=0; Card[4].RecyBox=0;
2017-12-28 11:36:52 Card[5].CurrSite=0; Card[5].TagSite=3; Card[5].CardNo=0; Card[5].State=0; Card[5].RecyBox=0;
2017-12-28 11:36:52 Card[6].CurrSite=0; Card[6].TagSite=3; Card[6].CardNo=0; Card[6].State=0; Card[6].RecyBox=0;
2017-12-28 11:36:52 Call ACCAPI_MoveCard() Status:
2017-12-28 11:36:52 Card[0].CurrSite=3; Card[0].TagSite=3; Card[0].CardNo=1000003; Card[0].State=1; Card[0].RecyBox=0;
2017-12-28 11:36:52 Card[1].CurrSite=2; Card[1].TagSite=3; Card[1].CardNo=1000004; Card[1].State=1; Card[1].RecyBox=0;
2017-12-28 11:36:52 Card[2].CurrSite=1; Card[2].TagSite=2; Card[2].CardNo=1000005; Card[2].State=1; Card[2].RecyBox=0;
2017-12-28 11:36:52 Card[3].CurrSite=0; Card[3].TagSite=3; Card[3].CardNo=0; Card[3].State=0; Card[3].RecyBox=0;
2017-12-28 11:36:52 Card[4].CurrSite=0; Card[4].TagSite=3; Card[4].CardNo=0; Card[4].State=0; Card[4].RecyBox=0;
2017-12-28 11:36:52 Card[5].CurrSite=0; Card[5].TagSite=3; Card[5].CardNo=0; Card[5].State=0; Card[5].RecyBox=0;
2017-12-28 11:36:52 Card[6].CurrSite=0; Card[6].TagSite=3; Card[6].CardNo=0; Card[6].State=0; Card[6].RecyBox=0;
2017-12-28 11:36:52 走卡之前
2017-12-28 11:36:52 电磁铁状态：0x1
2017-12-28 11:36:52 走卡前开始结束状态：0x70  0x30
2017-12-28 11:36:52 走卡成功
2017-12-28 11:36:52 Card[0].CurrSite=0; Card[0].TagSite=0; Card[0].CardNo=1000003; Card[0].State=2; Card[0].RecyBox=1;
2017-12-28 11:36:52 Card[1].CurrSite=3; Card[1].TagSite=3; Card[1].CardNo=1000004; Card[1].State=1; Card[1].RecyBox=0;
2017-12-28 11:36:52 Card[2].CurrSite=2; Card[2].TagSite=2; Card[2].CardNo=1000005; Card[2].State=1; Card[2].RecyBox=0;
2017-12-28 11:36:52 Card[3].CurrSite=0; Card[3].TagSite=3; Card[3].CardNo=0; Card[3].State=0; Card[3].RecyBox=0;
2017-12-28 11:36:52 Card[4].CurrSite=0; Card[4].TagSite=3; Card[4].CardNo=0; Card[4].State=0; Card[4].RecyBox=0;
2017-12-28 11:36:52 Card[5].CurrSite=0; Card[5].TagSite=3; Card[5].CardNo=0; Card[5].State=0; Card[5].RecyBox=0;
2017-12-28 11:36:52 Card[6].CurrSite=0; Card[6].TagSite=3; Card[6].CardNo=0; Card[6].State=0; Card[6].RecyBox=0;
2017-12-28 11:36:52 走卡后开始结束状态：0x70  0x30
2017-12-28 11:36:52 Call ACCAPI_SendCard() Status:
2017-12-28 11:36:52 Card[0].CurrSite=0; Card[0].TagSite=3; Card[0].CardNo=1000003; Card[0].State=2; Card[0].RecyBox=1;
2017-12-28 11:36:52 Card[1].CurrSite=3; Card[1].TagSite=3; Card[1].CardNo=1000004; Card[1].State=1; Card[1].RecyBox=0;
2017-12-28 11:36:52 Card[2].CurrSite=2; Card[2].TagSite=3; Card[2].CardNo=1000005; Card[2].State=1; Card[2].RecyBox=0;
2017-12-28 11:36:52 Card[3].CurrSite=0; Card[3].TagSite=3; Card[3].CardNo=0; Card[3].State=0; Card[3].RecyBox=0;
2017-12-28 11:36:52 Card[4].CurrSite=0; Card[4].TagSite=3; Card[4].CardNo=0; Card[4].State=0; Card[4].RecyBox=0;
2017-12-28 11:36:52 Card[5].CurrSite=0; Card[5].TagSite=3; Card[5].CardNo=0; Card[5].State=0; Card[5].RecyBox=0;
2017-12-28 11:36:52 Card[6].CurrSite=0; Card[6].TagSite=3; Card[6].CardNo=0; Card[6].State=0; Card[6].RecyBox=0;
2017-12-28 11:36:53 发卡成功
2017-12-28 11:36:53 Card[0].CurrSite=1; Card[0].TagSite=2; Card[0].CardNo=1000006; Card[0].State=1; Card[0].RecyBox=0;
2017-12-28 11:36:53 Card[1].CurrSite=3; Card[1].TagSite=3; Card[1].CardNo=1000004; Card[1].State=1; Card[1].RecyBox=0;
2017-12-28 11:36:53 Card[2].CurrSite=2; Card[2].TagSite=3; Card[2].CardNo=1000005; Card[2].State=1; Card[2].RecyBox=0;
2017-12-28 11:36:53 Card[3].CurrSite=0; Card[3].TagSite=3; Card[3].CardNo=0; Card[3].State=0; Card[3].RecyBox=0;
2017-12-28 11:36:53 Card[4].CurrSite=0; Card[4].TagSite=3; Card[4].CardNo=0; Card[4].State=0; Card[4].RecyBox=0;
2017-12-28 11:36:53 Card[5].CurrSite=0; Card[5].TagSite=3; Card[5].CardNo=0; Card[5].State=0; Card[5].RecyBox=0;
2017-12-28 11:36:53 Card[6].CurrSite=0; Card[6].TagSite=3; Card[6].CardNo=0; Card[6].State=0; Card[6].RecyBox=0;
2017-12-28 11:36:53 Call ACCAPI_MoveCard() Status:
2017-12-28 11:36:53 Card[0].CurrSite=1; Card[0].TagSite=2; Card[0].CardNo=1000006; Card[0].State=1; Card[0].RecyBox=0;
2017-12-28 11:36:53 Card[1].CurrSite=3; Card[1].TagSite=3; Card[1].CardNo=1000004; Card[1].State=1; Card[1].RecyBox=0;
2017-12-28 11:36:53 Card[2].CurrSite=2; Card[2].TagSite=3; Card[2].CardNo=1000005; Card[2].State=1; Card[2].RecyBox=0;
2017-12-28 11:36:53 Card[3].CurrSite=0; Card[3].TagSite=3; Card[3].CardNo=0; Card[3].State=0; Card[3].RecyBox=0;
2017-12-28 11:36:53 Card[4].CurrSite=0; Card[4].TagSite=3; Card[4].CardNo=0; Card[4].State=0; Card[4].RecyBox=0;
2017-12-28 11:36:53 Card[5].CurrSite=0; Card[5].TagSite=3; Card[5].CardNo=0; Card[5].State=0; Card[5].RecyBox=0;
2017-12-28 11:36:53 Card[6].CurrSite=0; Card[6].TagSite=3; Card[6].CardNo=0; Card[6].State=0; Card[6].RecyBox=0;
2017-12-28 11:36:53 走卡之前
2017-12-28 11:36:53 电磁铁状态：0x1
2017-12-28 11:36:53 走卡前开始结束状态：0x70  0x30
2017-12-28 11:36:53 走卡成功
2017-12-28 11:36:53 Card[0].CurrSite=2; Card[0].TagSite=2; Card[0].CardNo=1000006; Card[0].State=1; Card[0].RecyBox=0;
2017-12-28 11:36:53 Card[1].CurrSite=0; Card[1].TagSite=0; Card[1].CardNo=1000004; Card[1].State=2; Card[1].RecyBox=1;
2017-12-28 11:36:53 Card[2].CurrSite=3; Card[2].TagSite=3; Card[2].CardNo=1000005; Card[2].State=1; Card[2].RecyBox=0;
2017-12-28 11:36:53 Card[3].CurrSite=0; Card[3].TagSite=3; Card[3].CardNo=0; Card[3].State=0; Card[3].RecyBox=0;
2017-12-28 11:36:53 Card[4].CurrSite=0; Card[4].TagSite=3; Card[4].CardNo=0; Card[4].State=0; Card[4].RecyBox=0;
2017-12-28 11:36:53 Card[5].CurrSite=0; Card[5].TagSite=3; Card[5].CardNo=0; Card[5].State=0; Card[5].RecyBox=0;
2017-12-28 11:36:53 Card[6].CurrSite=0; Card[6].TagSite=3; Card[6].CardNo=0; Card[6].State=0; Card[6].RecyBox=0;
2017-12-28 11:36:53 走卡后开始结束状态：0x70  0x30
2017-12-28 11:36:53 Call ACCAPI_SendCard() Status:
2017-12-28 11:36:53 Card[0].CurrSite=2; Card[0].TagSite=3; Card[0].CardNo=1000006; Card[0].State=1; Card[0].RecyBox=0;
2017-12-28 11:36:53 Card[1].CurrSite=0; Card[1].TagSite=3; Card[1].CardNo=1000004; Card[1].State=2; Card[1].RecyBox=1;
2017-12-28 11:36:53 Card[2].CurrSite=3; Card[2].TagSite=3; Card[2].CardNo=1000005; Card[2].State=1; Card[2].RecyBox=0;
2017-12-28 11:36:53 Card[3].CurrSite=0; Card[3].TagSite=3; Card[3].CardNo=0; Card[3].State=0; Card[3].RecyBox=0;
2017-12-28 11:36:53 Card[4].CurrSite=0; Card[4].TagSite=3; Card[4].CardNo=0; Card[4].State=0; Card[4].RecyBox=0;
2017-12-28 11:36:53 Card[5].CurrSite=0; Card[5].TagSite=3; Card[5].CardNo=0; Card[5].State=0; Card[5].RecyBox=0;
2017-12-28 11:36:53 Card[6].CurrSite=0; Card[6].TagSite=3; Card[6].CardNo=0; Card[6].State=0; Card[6].RecyBox=0;
2017-12-28 11:36:54 发卡成功
2017-12-28 11:36:54 Card[0].CurrSite=2; Card[0].TagSite=3; Card[0].CardNo=1000006; Card[0].State=1; Card[0].RecyBox=0;
2017-12-28 11:36:54 Card[1].CurrSite=1; Card[1].TagSite=2; Card[1].CardNo=1000007; Card[1].State=1; Card[1].RecyBox=0;
2017-12-28 11:36:54 Card[2].CurrSite=3; Card[2].TagSite=3; Card[2].CardNo=1000005; Card[2].State=1; Card[2].RecyBox=0;
2017-12-28 11:36:54 Card[3].CurrSite=0; Card[3].TagSite=3; Card[3].CardNo=0; Card[3].State=0; Card[3].RecyBox=0;
2017-12-28 11:36:54 Card[4].CurrSite=0; Card[4].TagSite=3; Card[4].CardNo=0; Card[4].State=0; Card[4].RecyBox=0;
2017-12-28 11:36:54 Card[5].CurrSite=0; Card[5].TagSite=3; Card[5].CardNo=0; Card[5].State=0; Card[5].RecyBox=0;
2017-12-28 11:36:54 Card[6].CurrSite=0; Card[6].TagSite=3; Card[6].CardNo=0; Card[6].State=0; Card[6].RecyBox=0;
2017-12-28 11:36:54 Call ACCAPI_MoveCard() Status:
2017-12-28 11:36:54 Card[0].CurrSite=2; Card[0].TagSite=3; Card[0].CardNo=1000006; Card[0].State=1; Card[0].RecyBox=0;
2017-12-28 11:36:54 Card[1].CurrSite=1; Card[1].TagSite=2; Card[1].CardNo=1000007; Card[1].State=1; Card[1].RecyBox=0;
2017-12-28 11:36:54 Card[2].CurrSite=3; Card[2].TagSite=3; Card[2].CardNo=1000005; Card[2].State=1; Card[2].RecyBox=0;
2017-12-28 11:36:54 Card[3].CurrSite=0; Card[3].TagSite=3; Card[3].CardNo=0; Card[3].State=0; Card[3].RecyBox=0;
2017-12-28 11:36:54 Card[4].CurrSite=0; Card[4].TagSite=3; Card[4].CardNo=0; Card[4].State=0; Card[4].RecyBox=0;
2017-12-28 11:36:54 Card[5].CurrSite=0; Card[5].TagSite=3; Card[5].CardNo=0; Card[5].State=0; Card[5].RecyBox=0;
2017-12-28 11:36:54 Card[6].CurrSite=0; Card[6].TagSite=3; Card[6].CardNo=0; Card[6].State=0; Card[6].RecyBox=0;
2017-12-28 11:36:54 走卡之前
2017-12-28 11:36:54 电磁铁状态：0x1
2017-12-28 11:36:54 走卡前开始结束状态：0x70  0x30
2017-12-28 11:36:54 走卡成功
2017-12-28 11:36:54 Card[0].CurrSite=3; Card[0].TagSite=3; Card[0].CardNo=1000006; Card[0].State=1; Card[0].RecyBox=0;
2017-12-28 11:36:54 Card[1].CurrSite=2; Card[1].TagSite=2; Card[1].CardNo=1000007; Card[1].State=1; Card[1].RecyBox=0;
2017-12-28 11:36:54 Card[2].CurrSite=0; Card[2].TagSite=0; Card[2].CardNo=1000005; Card[2].State=2; Card[2].RecyBox=1;
2017-12-28 11:36:54 Card[3].CurrSite=0; Card[3].TagSite=3; Card[3].CardNo=0; Card[3].State=0; Card[3].RecyBox=0;
2017-12-28 11:36:54 Card[4].CurrSite=0; Card[4].TagSite=3; Card[4].CardNo=0; Card[4].State=0; Card[4].RecyBox=0;
2017-12-28 11:36:54 Card[5].CurrSite=0; Card[5].TagSite=3; Card[5].CardNo=0; Card[5].State=0; Card[5].RecyBox=0;
2017-12-28 11:36:54 Card[6].CurrSite=0; Card[6].TagSite=3; Card[6].CardNo=0; Card[6].State=0; Card[6].RecyBox=0;
2017-12-28 11:36:54 走卡后开始结束状态：0x70  0x30
2017-12-28 11:36:54 Call ACCAPI_SendCard() Status:
2017-12-28 11:36:54 Card[0].CurrSite=3; Card[0].TagSite=3; Card[0].CardNo=1000006; Card[0].State=1; Card[0].RecyBox=0;
2017-12-28 11:36:54 Card[1].CurrSite=2; Card[1].TagSite=3; Card[1].CardNo=1000007; Card[1].State=1; Card[1].RecyBox=0;
2017-12-28 11:36:54 Card[2].CurrSite=0; Card[2].TagSite=3; Card[2].CardNo=1000005; Card[2].State=2; Card[2].RecyBox=1;
2017-12-28 11:36:54 Card[3].CurrSite=0; Card[3].TagSite=3; Card[3].CardNo=0; Card[3].State=0; Card[3].RecyBox=0;
2017-12-28 11:36:54 Card[4].CurrSite=0; Card[4].TagSite=3; Card[4].CardNo=0; Card[4].State=0; Card[4].RecyBox=0;
2017-12-28 11:36:54 Card[5].CurrSite=0; Card[5].TagSite=3; Card[5].CardNo=0; Card[5].State=0; Card[5].RecyBox=0;
2017-12-28 11:36:54 Card[6].CurrSite=0; Card[6].TagSite=3; Card[6].CardNo=0; Card[6].State=0; Card[6].RecyBox=0;
2017-12-28 11:36:55 发卡成功
2017-12-28 11:36:55 Card[0].CurrSite=3; Card[0].TagSite=3; Card[0].CardNo=1000006; Card[0].State=1; Card[0].RecyBox=0;
2017-12-28 11:36:55 Card[1].CurrSite=2; Card[1].TagSite=3; Card[1].CardNo=1000007; Card[1].State=1; Card[1].RecyBox=0;
2017-12-28 11:36:55 Card[2].CurrSite=1; Card[2].TagSite=2; Card[2].CardNo=1000008; Card[2].State=1; Card[2].RecyBox=0;
2017-12-28 11:36:55 Card[3].CurrSite=0; Card[3].TagSite=3; Card[3].CardNo=0; Card[3].State=0; Card[3].RecyBox=0;
2017-12-28 11:36:55 Card[4].CurrSite=0; Card[4].TagSite=3; Card[4].CardNo=0; Card[4].State=0; Card[4].RecyBox=0;
2017-12-28 11:36:55 Card[5].CurrSite=0; Card[5].TagSite=3; Card[5].CardNo=0; Card[5].State=0; Card[5].RecyBox=0;
2017-12-28 11:36:55 Card[6].CurrSite=0; Card[6].TagSite=3; Card[6].CardNo=0; Card[6].State=0; Card[6].RecyBox=0;
2017-12-28 11:36:55 Call ACCAPI_MoveCard() Status:
2017-12-28 11:36:55 Card[0].CurrSite=3; Card[0].TagSite=3; Card[0].CardNo=1000006; Card[0].State=1; Card[0].RecyBox=0;
2017-12-28 11:36:55 Card[1].CurrSite=2; Card[1].TagSite=3; Card[1].CardNo=1000007; Card[1].State=1; Card[1].RecyBox=0;
2017-12-28 11:36:55 Card[2].CurrSite=1; Card[2].TagSite=2; Card[2].CardNo=1000008; Card[2].State=1; Card[2].RecyBox=0;
2017-12-28 11:36:55 Card[3].CurrSite=0; Card[3].TagSite=3; Card[3].CardNo=0; Card[3].State=0; Card[3].RecyBox=0;
2017-12-28 11:36:55 Card[4].CurrSite=0; Card[4].TagSite=3; Card[4].CardNo=0; Card[4].State=0; Card[4].RecyBox=0;
2017-12-28 11:36:55 Card[5].CurrSite=0; Card[5].TagSite=3; Card[5].CardNo=0; Card[5].State=0; Card[5].RecyBox=0;
2017-12-28 11:36:55 Card[6].CurrSite=0; Card[6].TagSite=3; Card[6].CardNo=0; Card[6].State=0; Card[6].RecyBox=0;
2017-12-28 11:36:55 走卡之前
2017-12-28 11:36:55 电磁铁状态：0x1
2017-12-28 11:36:55 走卡前开始结束状态：0x70  0x30
