2017-12-28 13:18:11 ACCAPI_Open Finished!
2017-12-28 13:18:11 启动灯亮
2017-12-28 13:18:15 Call ACCAPI_SendCard() Status:
2017-12-28 13:18:15 Card[0].CurrSite=0; Card[0].TagSite=0; Card[0].CardNo=0; Card[0].State=0; Card[0].RecyBox=0;
2017-12-28 13:18:15 Card[1].CurrSite=0; Card[1].TagSite=0; Card[1].CardNo=0; Card[1].State=0; Card[1].RecyBox=0;
2017-12-28 13:18:15 Card[2].CurrSite=0; Card[2].TagSite=0; Card[2].CardNo=0; Card[2].State=0; Card[2].RecyBox=0;
2017-12-28 13:18:15 Card[3].CurrSite=0; Card[3].TagSite=0; Card[3].CardNo=0; Card[3].State=0; Card[3].RecyBox=0;
2017-12-28 13:18:15 Card[4].CurrSite=0; Card[4].TagSite=0; Card[4].CardNo=0; Card[4].State=0; Card[4].RecyBox=0;
2017-12-28 13:18:15 Card[5].CurrSite=0; Card[5].TagSite=0; Card[5].CardNo=0; Card[5].State=0; Card[5].RecyBox=0;
2017-12-28 13:18:15 Card[6].CurrSite=0; Card[6].TagSite=0; Card[6].CardNo=0; Card[6].State=0; Card[6].RecyBox=0;
2017-12-28 13:18:15 发卡成功
2017-12-28 13:18:15 Card[0].CurrSite=1; Card[0].TagSite=2; Card[0].CardNo=1000000; Card[0].State=1; Card[0].RecyBox=0;
2017-12-28 13:18:15 Card[1].CurrSite=0; Card[1].TagSite=0; Card[1].CardNo=0; Card[1].State=0; Card[1].RecyBox=0;
2017-12-28 13:18:15 Card[2].CurrSite=0; Card[2].TagSite=0; Card[2].CardNo=0; Card[2].State=0; Card[2].RecyBox=0;
2017-12-28 13:18:15 Card[3].CurrSite=0; Card[3].TagSite=0; Card[3].CardNo=0; Card[3].State=0; Card[3].RecyBox=0;
2017-12-28 13:18:15 Card[4].CurrSite=0; Card[4].TagSite=0; Card[4].CardNo=0; Card[4].State=0; Card[4].RecyBox=0;
2017-12-28 13:18:15 Card[5].CurrSite=0; Card[5].TagSite=0; Card[5].CardNo=0; Card[5].State=0; Card[5].RecyBox=0;
2017-12-28 13:18:15 Card[6].CurrSite=0; Card[6].TagSite=0; Card[6].CardNo=0; Card[6].State=0; Card[6].RecyBox=0;
2017-12-28 13:18:15 Call ACCAPI_MoveCard() Status:
2017-12-28 13:18:15 Card[0].CurrSite=1; Card[0].TagSite=2; Card[0].CardNo=1000000; Card[0].State=1; Card[0].RecyBox=0;
2017-12-28 13:18:15 Card[1].CurrSite=0; Card[1].TagSite=0; Card[1].CardNo=0; Card[1].State=0; Card[1].RecyBox=0;
2017-12-28 13:18:15 Card[2].CurrSite=0; Card[2].TagSite=0; Card[2].CardNo=0; Card[2].State=0; Card[2].RecyBox=0;
2017-12-28 13:18:15 Card[3].CurrSite=0; Card[3].TagSite=0; Card[3].CardNo=0; Card[3].State=0; Card[3].RecyBox=0;
2017-12-28 13:18:15 Card[4].CurrSite=0; Card[4].TagSite=0; Card[4].CardNo=0; Card[4].State=0; Card[4].RecyBox=0;
2017-12-28 13:18:15 Card[5].CurrSite=0; Card[5].TagSite=0; Card[5].CardNo=0; Card[5].State=0; Card[5].RecyBox=0;
2017-12-28 13:18:15 Card[6].CurrSite=0; Card[6].TagSite=0; Card[6].CardNo=0; Card[6].State=0; Card[6].RecyBox=0;
2017-12-28 13:18:15 走卡之前
2017-12-28 13:18:15 电磁铁状态：0x0
2017-12-28 13:18:15 走卡前开始结束状态：0x70  0x0
2017-12-28 13:18:15 走卡成功
2017-12-28 13:18:15 Card[0].CurrSite=2; Card[0].TagSite=2; Card[0].CardNo=1000000; Card[0].State=1; Card[0].RecyBox=0;
2017-12-28 13:18:15 Card[1].CurrSite=0; Card[1].TagSite=0; Card[1].CardNo=0; Card[1].State=0; Card[1].RecyBox=0;
2017-12-28 13:18:15 Card[2].CurrSite=0; Card[2].TagSite=0; Card[2].CardNo=0; Card[2].State=0; Card[2].RecyBox=0;
2017-12-28 13:18:15 Card[3].CurrSite=0; Card[3].TagSite=0; Card[3].CardNo=0; Card[3].State=0; Card[3].RecyBox=0;
2017-12-28 13:18:15 Card[4].CurrSite=0; Card[4].TagSite=0; Card[4].CardNo=0; Card[4].State=0; Card[4].RecyBox=0;
2017-12-28 13:18:15 Card[5].CurrSite=0; Card[5].TagSite=0; Card[5].CardNo=0; Card[5].State=0; Card[5].RecyBox=0;
2017-12-28 13:18:15 Card[6].CurrSite=0; Card[6].TagSite=0; Card[6].CardNo=0; Card[6].State=0; Card[6].RecyBox=0;
2017-12-28 13:18:15 走卡后开始结束状态：0x40  0x20
2017-12-28 13:18:16 Call ACCAPI_SendCard() Status:
2017-12-28 13:18:16 Card[0].CurrSite=2; Card[0].TagSite=3; Card[0].CardNo=1000000; Card[0].State=1; Card[0].RecyBox=0;
2017-12-28 13:18:16 Card[1].CurrSite=0; Card[1].TagSite=4; Card[1].CardNo=0; Card[1].State=0; Card[1].RecyBox=0;
2017-12-28 13:18:16 Card[2].CurrSite=0; Card[2].TagSite=5; Card[2].CardNo=0; Card[2].State=0; Card[2].RecyBox=0;
2017-12-28 13:18:16 Card[3].CurrSite=0; Card[3].TagSite=6; Card[3].CardNo=0; Card[3].State=0; Card[3].RecyBox=0;
2017-12-28 13:18:16 Card[4].CurrSite=0; Card[4].TagSite=3; Card[4].CardNo=0; Card[4].State=0; Card[4].RecyBox=0;
2017-12-28 13:18:16 Card[5].CurrSite=0; Card[5].TagSite=4; Card[5].CardNo=0; Card[5].State=0; Card[5].RecyBox=0;
2017-12-28 13:18:16 Card[6].CurrSite=0; Card[6].TagSite=5; Card[6].CardNo=0; Card[6].State=0; Card[6].RecyBox=0;
2017-12-28 13:18:16 发卡成功
2017-12-28 13:18:16 Card[0].CurrSite=2; Card[0].TagSite=3; Card[0].CardNo=1000000; Card[0].State=1; Card[0].RecyBox=0;
2017-12-28 13:18:16 Card[1].CurrSite=1; Card[1].TagSite=2; Card[1].CardNo=1000001; Card[1].State=1; Card[1].RecyBox=0;
2017-12-28 13:18:16 Card[2].CurrSite=0; Card[2].TagSite=5; Card[2].CardNo=0; Card[2].State=0; Card[2].RecyBox=0;
2017-12-28 13:18:16 Card[3].CurrSite=0; Card[3].TagSite=6; Card[3].CardNo=0; Card[3].State=0; Card[3].RecyBox=0;
2017-12-28 13:18:16 Card[4].CurrSite=0; Card[4].TagSite=3; Card[4].CardNo=0; Card[4].State=0; Card[4].RecyBox=0;
2017-12-28 13:18:16 Card[5].CurrSite=0; Card[5].TagSite=4; Card[5].CardNo=0; Card[5].State=0; Card[5].RecyBox=0;
2017-12-28 13:18:16 Card[6].CurrSite=0; Card[6].TagSite=5; Card[6].CardNo=0; Card[6].State=0; Card[6].RecyBox=0;
2017-12-28 13:18:16 Call ACCAPI_MoveCard() Status:
2017-12-28 13:18:16 Card[0].CurrSite=2; Card[0].TagSite=3; Card[0].CardNo=1000000; Card[0].State=1; Card[0].RecyBox=0;
2017-12-28 13:18:16 Card[1].CurrSite=1; Card[1].TagSite=2; Card[1].CardNo=1000001; Card[1].State=1; Card[1].RecyBox=0;
2017-12-28 13:18:16 Card[2].CurrSite=0; Card[2].TagSite=5; Card[2].CardNo=0; Card[2].State=0; Card[2].RecyBox=0;
2017-12-28 13:18:16 Card[3].CurrSite=0; Card[3].TagSite=6; Card[3].CardNo=0; Card[3].State=0; Card[3].RecyBox=0;
2017-12-28 13:18:16 Card[4].CurrSite=0; Card[4].TagSite=3; Card[4].CardNo=0; Card[4].State=0; Card[4].RecyBox=0;
2017-12-28 13:18:16 Card[5].CurrSite=0; Card[5].TagSite=4; Card[5].CardNo=0; Card[5].State=0; Card[5].RecyBox=0;
2017-12-28 13:18:16 Card[6].CurrSite=0; Card[6].TagSite=5; Card[6].CardNo=0; Card[6].State=0; Card[6].RecyBox=0;
2017-12-28 13:18:16 走卡之前
2017-12-28 13:18:16 电磁铁状态：0x0
2017-12-28 13:18:16 走卡前开始结束状态：0x40  0x20
2017-12-28 13:18:16 走卡成功
2017-12-28 13:18:16 Card[0].CurrSite=3; Card[0].TagSite=3; Card[0].CardNo=1000000; Card[0].State=1; Card[0].RecyBox=0;
2017-12-28 13:18:16 Card[1].CurrSite=2; Card[1].TagSite=2; Card[1].CardNo=1000001; Card[1].State=1; Card[1].RecyBox=0;
2017-12-28 13:18:16 Card[2].CurrSite=0; Card[2].TagSite=5; Card[2].CardNo=0; Card[2].State=0; Card[2].RecyBox=0;
2017-12-28 13:18:16 Card[3].CurrSite=0; Card[3].TagSite=6; Card[3].CardNo=0; Card[3].State=0; Card[3].RecyBox=0;
2017-12-28 13:18:16 Card[4].CurrSite=0; Card[4].TagSite=3; Card[4].CardNo=0; Card[4].State=0; Card[4].RecyBox=0;
2017-12-28 13:18:16 Card[5].CurrSite=0; Card[5].TagSite=4; Card[5].CardNo=0; Card[5].State=0; Card[5].RecyBox=0;
2017-12-28 13:18:16 Card[6].CurrSite=0; Card[6].TagSite=5; Card[6].CardNo=0; Card[6].State=0; Card[6].RecyBox=0;
2017-12-28 13:18:16 走卡后开始结束状态：0x60  0x30
2017-12-28 13:18:16 Call ACCAPI_SendCard() Status:
2017-12-28 13:18:16 Card[0].CurrSite=3; Card[0].TagSite=6; Card[0].CardNo=1000000; Card[0].State=1; Card[0].RecyBox=0;
2017-12-28 13:18:16 Card[1].CurrSite=2; Card[1].TagSite=3; Card[1].CardNo=1000001; Card[1].State=1; Card[1].RecyBox=0;
2017-12-28 13:18:16 Card[2].CurrSite=0; Card[2].TagSite=4; Card[2].CardNo=0; Card[2].State=0; Card[2].RecyBox=0;
2017-12-28 13:18:16 Card[3].CurrSite=0; Card[3].TagSite=5; Card[3].CardNo=0; Card[3].State=0; Card[3].RecyBox=0;
2017-12-28 13:18:16 Card[4].CurrSite=0; Card[4].TagSite=6; Card[4].CardNo=0; Card[4].State=0; Card[4].RecyBox=0;
2017-12-28 13:18:16 Card[5].CurrSite=0; Card[5].TagSite=3; Card[5].CardNo=0; Card[5].State=0; Card[5].RecyBox=0;
2017-12-28 13:18:16 Card[6].CurrSite=0; Card[6].TagSite=4; Card[6].CardNo=0; Card[6].State=0; Card[6].RecyBox=0;
2017-12-28 13:18:17 发卡成功
2017-12-28 13:18:17 Card[0].CurrSite=3; Card[0].TagSite=6; Card[0].CardNo=1000000; Card[0].State=1; Card[0].RecyBox=0;
2017-12-28 13:18:17 Card[1].CurrSite=2; Card[1].TagSite=3; Card[1].CardNo=1000001; Card[1].State=1; Card[1].RecyBox=0;
2017-12-28 13:18:17 Card[2].CurrSite=1; Card[2].TagSite=2; Card[2].CardNo=1000002; Card[2].State=1; Card[2].RecyBox=0;
2017-12-28 13:18:17 Card[3].CurrSite=0; Card[3].TagSite=5; Card[3].CardNo=0; Card[3].State=0; Card[3].RecyBox=0;
2017-12-28 13:18:17 Card[4].CurrSite=0; Card[4].TagSite=6; Card[4].CardNo=0; Card[4].State=0; Card[4].RecyBox=0;
2017-12-28 13:18:17 Card[5].CurrSite=0; Card[5].TagSite=3; Card[5].CardNo=0; Card[5].State=0; Card[5].RecyBox=0;
2017-12-28 13:18:17 Card[6].CurrSite=0; Card[6].TagSite=4; Card[6].CardNo=0; Card[6].State=0; Card[6].RecyBox=0;
2017-12-28 13:18:17 Call ACCAPI_MoveCard() Status:
2017-12-28 13:18:17 Card[0].CurrSite=3; Card[0].TagSite=6; Card[0].CardNo=1000000; Card[0].State=1; Card[0].RecyBox=0;
2017-12-28 13:18:17 Card[1].CurrSite=2; Card[1].TagSite=3; Card[1].CardNo=1000001; Card[1].State=1; Card[1].RecyBox=0;
2017-12-28 13:18:17 Card[2].CurrSite=1; Card[2].TagSite=2; Card[2].CardNo=1000002; Card[2].State=1; Card[2].RecyBox=0;
2017-12-28 13:18:17 Card[3].CurrSite=0; Card[3].TagSite=5; Card[3].CardNo=0; Card[3].State=0; Card[3].RecyBox=0;
2017-12-28 13:18:17 Card[4].CurrSite=0; Card[4].TagSite=6; Card[4].CardNo=0; Card[4].State=0; Card[4].RecyBox=0;
2017-12-28 13:18:17 Card[5].CurrSite=0; Card[5].TagSite=3; Card[5].CardNo=0; Card[5].State=0; Card[5].RecyBox=0;
2017-12-28 13:18:17 Card[6].CurrSite=0; Card[6].TagSite=4; Card[6].CardNo=0; Card[6].State=0; Card[6].RecyBox=0;
2017-12-28 13:18:17 走卡之前
2017-12-28 13:18:17 电磁铁状态：0x0
2017-12-28 13:18:17 走卡前开始结束状态：0x60  0x30
2017-12-28 13:18:17 走卡成功
2017-12-28 13:18:17 Card[0].CurrSite=4; Card[0].TagSite=6; Card[0].CardNo=1000000; Card[0].State=1; Card[0].RecyBox=0;
2017-12-28 13:18:17 Card[1].CurrSite=3; Card[1].TagSite=3; Card[1].CardNo=1000001; Card[1].State=1; Card[1].RecyBox=0;
2017-12-28 13:18:17 Card[2].CurrSite=2; Card[2].TagSite=2; Card[2].CardNo=1000002; Card[2].State=1; Card[2].RecyBox=0;
2017-12-28 13:18:17 Card[3].CurrSite=0; Card[3].TagSite=5; Card[3].CardNo=0; Card[3].State=0; Card[3].RecyBox=0;
2017-12-28 13:18:17 Card[4].CurrSite=0; Card[4].TagSite=6; Card[4].CardNo=0; Card[4].State=0; Card[4].RecyBox=0;
2017-12-28 13:18:17 Card[5].CurrSite=0; Card[5].TagSite=3; Card[5].CardNo=0; Card[5].State=0; Card[5].RecyBox=0;
2017-12-28 13:18:17 Card[6].CurrSite=0; Card[6].TagSite=4; Card[6].CardNo=0; Card[6].State=0; Card[6].RecyBox=0;
2017-12-28 13:18:17 走卡后开始结束状态：0x70  0x38
2017-12-28 13:18:17 Call ACCAPI_SendCard() Status:
2017-12-28 13:18:17 Card[0].CurrSite=4; Card[0].TagSite=5; Card[0].CardNo=1000000; Card[0].State=1; Card[0].RecyBox=0;
2017-12-28 13:18:17 Card[1].CurrSite=3; Card[1].TagSite=6; Card[1].CardNo=1000001; Card[1].State=1; Card[1].RecyBox=0;
2017-12-28 13:18:17 Card[2].CurrSite=2; Card[2].TagSite=3; Card[2].CardNo=1000002; Card[2].State=1; Card[2].RecyBox=0;
2017-12-28 13:18:17 Card[3].CurrSite=0; Card[3].TagSite=4; Card[3].CardNo=0; Card[3].State=0; Card[3].RecyBox=0;
2017-12-28 13:18:17 Card[4].CurrSite=0; Card[4].TagSite=5; Card[4].CardNo=0; Card[4].State=0; Card[4].RecyBox=0;
2017-12-28 13:18:17 Card[5].CurrSite=0; Card[5].TagSite=6; Card[5].CardNo=0; Card[5].State=0; Card[5].RecyBox=0;
2017-12-28 13:18:17 Card[6].CurrSite=0; Card[6].TagSite=3; Card[6].CardNo=0; Card[6].State=0; Card[6].RecyBox=0;
2017-12-28 13:18:18 发卡成功
2017-12-28 13:18:18 Card[0].CurrSite=4; Card[0].TagSite=5; Card[0].CardNo=1000000; Card[0].State=1; Card[0].RecyBox=0;
2017-12-28 13:18:18 Card[1].CurrSite=3; Card[1].TagSite=6; Card[1].CardNo=1000001; Card[1].State=1; Card[1].RecyBox=0;
2017-12-28 13:18:18 Card[2].CurrSite=2; Card[2].TagSite=3; Card[2].CardNo=1000002; Card[2].State=1; Card[2].RecyBox=0;
2017-12-28 13:18:18 Card[3].CurrSite=1; Card[3].TagSite=2; Card[3].CardNo=1000003; Card[3].State=1; Card[3].RecyBox=0;
2017-12-28 13:18:18 Card[4].CurrSite=0; Card[4].TagSite=5; Card[4].CardNo=0; Card[4].State=0; Card[4].RecyBox=0;
2017-12-28 13:18:18 Card[5].CurrSite=0; Card[5].TagSite=6; Card[5].CardNo=0; Card[5].State=0; Card[5].RecyBox=0;
2017-12-28 13:18:18 Card[6].CurrSite=0; Card[6].TagSite=3; Card[6].CardNo=0; Card[6].State=0; Card[6].RecyBox=0;
2017-12-28 13:18:18 Call ACCAPI_MoveCard() Status:
2017-12-28 13:18:18 Card[0].CurrSite=4; Card[0].TagSite=5; Card[0].CardNo=1000000; Card[0].State=1; Card[0].RecyBox=0;
2017-12-28 13:18:18 Card[1].CurrSite=3; Card[1].TagSite=6; Card[1].CardNo=1000001; Card[1].State=1; Card[1].RecyBox=0;
2017-12-28 13:18:18 Card[2].CurrSite=2; Card[2].TagSite=3; Card[2].CardNo=1000002; Card[2].State=1; Card[2].RecyBox=0;
2017-12-28 13:18:18 Card[3].CurrSite=1; Card[3].TagSite=2; Card[3].CardNo=1000003; Card[3].State=1; Card[3].RecyBox=0;
2017-12-28 13:18:18 Card[4].CurrSite=0; Card[4].TagSite=5; Card[4].CardNo=0; Card[4].State=0; Card[4].RecyBox=0;
2017-12-28 13:18:18 Card[5].CurrSite=0; Card[5].TagSite=6; Card[5].CardNo=0; Card[5].State=0; Card[5].RecyBox=0;
2017-12-28 13:18:18 Card[6].CurrSite=0; Card[6].TagSite=3; Card[6].CardNo=0; Card[6].State=0; Card[6].RecyBox=0;
2017-12-28 13:18:18 走卡之前
2017-12-28 13:18:18 电磁铁状态：0x0
2017-12-28 13:18:18 走卡前开始结束状态：0x70  0x38
2017-12-28 13:18:18 走卡成功
2017-12-28 13:18:18 Card[0].CurrSite=5; Card[0].TagSite=5; Card[0].CardNo=1000000; Card[0].State=1; Card[0].RecyBox=0;
2017-12-28 13:18:18 Card[1].CurrSite=4; Card[1].TagSite=6; Card[1].CardNo=1000001; Card[1].State=1; Card[1].RecyBox=0;
2017-12-28 13:18:18 Card[2].CurrSite=3; Card[2].TagSite=3; Card[2].CardNo=1000002; Card[2].State=1; Card[2].RecyBox=0;
2017-12-28 13:18:18 Card[3].CurrSite=2; Card[3].TagSite=2; Card[3].CardNo=1000003; Card[3].State=1; Card[3].RecyBox=0;
2017-12-28 13:18:18 Card[4].CurrSite=0; Card[4].TagSite=5; Card[4].CardNo=0; Card[4].State=0; Card[4].RecyBox=0;
2017-12-28 13:18:18 Card[5].CurrSite=0; Card[5].TagSite=6; Card[5].CardNo=0; Card[5].State=0; Card[5].RecyBox=0;
2017-12-28 13:18:18 Card[6].CurrSite=0; Card[6].TagSite=3; Card[6].CardNo=0; Card[6].State=0; Card[6].RecyBox=0;
2017-12-28 13:18:18 走卡后开始结束状态：0x78  0x3C
2017-12-28 13:18:18 Call ACCAPI_SendCard() Status:
2017-12-28 13:18:18 Card[0].CurrSite=5; Card[0].TagSite=4; Card[0].CardNo=1000000; Card[0].State=1; Card[0].RecyBox=0;
2017-12-28 13:18:18 Card[1].CurrSite=4; Card[1].TagSite=5; Card[1].CardNo=1000001; Card[1].State=1; Card[1].RecyBox=0;
2017-12-28 13:18:18 Card[2].CurrSite=3; Card[2].TagSite=6; Card[2].CardNo=1000002; Card[2].State=1; Card[2].RecyBox=0;
2017-12-28 13:18:18 Card[3].CurrSite=2; Card[3].TagSite=3; Card[3].CardNo=1000003; Card[3].State=1; Card[3].RecyBox=0;
2017-12-28 13:18:18 Card[4].CurrSite=0; Card[4].TagSite=4; Card[4].CardNo=0; Card[4].State=0; Card[4].RecyBox=0;
2017-12-28 13:18:18 Card[5].CurrSite=0; Card[5].TagSite=5; Card[5].CardNo=0; Card[5].State=0; Card[5].RecyBox=0;
2017-12-28 13:18:18 Card[6].CurrSite=0; Card[6].TagSite=6; Card[6].CardNo=0; Card[6].State=0; Card[6].RecyBox=0;
2017-12-28 13:18:19 发卡成功
2017-12-28 13:18:19 Card[0].CurrSite=5; Card[0].TagSite=4; Card[0].CardNo=1000000; Card[0].State=1; Card[0].RecyBox=0;
2017-12-28 13:18:19 Card[1].CurrSite=4; Card[1].TagSite=5; Card[1].CardNo=1000001; Card[1].State=1; Card[1].RecyBox=0;
2017-12-28 13:18:19 Card[2].CurrSite=3; Card[2].TagSite=6; Card[2].CardNo=1000002; Card[2].State=1; Card[2].RecyBox=0;
2017-12-28 13:18:19 Card[3].CurrSite=2; Card[3].TagSite=3; Card[3].CardNo=1000003; Card[3].State=1; Card[3].RecyBox=0;
2017-12-28 13:18:19 Card[4].CurrSite=1; Card[4].TagSite=2; Card[4].CardNo=1000004; Card[4].State=1; Card[4].RecyBox=0;
2017-12-28 13:18:19 Card[5].CurrSite=0; Card[5].TagSite=5; Card[5].CardNo=0; Card[5].State=0; Card[5].RecyBox=0;
2017-12-28 13:18:19 Card[6].CurrSite=0; Card[6].TagSite=6; Card[6].CardNo=0; Card[6].State=0; Card[6].RecyBox=0;
2017-12-28 13:18:19 Call ACCAPI_MoveCard() Status:
2017-12-28 13:18:19 Card[0].CurrSite=5; Card[0].TagSite=4; Card[0].CardNo=1000000; Card[0].State=1; Card[0].RecyBox=0;
2017-12-28 13:18:19 Card[1].CurrSite=4; Card[1].TagSite=5; Card[1].CardNo=1000001; Card[1].State=1; Card[1].RecyBox=0;
2017-12-28 13:18:19 Card[2].CurrSite=3; Card[2].TagSite=6; Card[2].CardNo=1000002; Card[2].State=1; Card[2].RecyBox=0;
2017-12-28 13:18:19 Card[3].CurrSite=2; Card[3].TagSite=3; Card[3].CardNo=1000003; Card[3].State=1; Card[3].RecyBox=0;
2017-12-28 13:18:19 Card[4].CurrSite=1; Card[4].TagSite=2; Card[4].CardNo=1000004; Card[4].State=1; Card[4].RecyBox=0;
2017-12-28 13:18:19 Card[5].CurrSite=0; Card[5].TagSite=5; Card[5].CardNo=0; Card[5].State=0; Card[5].RecyBox=0;
2017-12-28 13:18:19 Card[6].CurrSite=0; Card[6].TagSite=6; Card[6].CardNo=0; Card[6].State=0; Card[6].RecyBox=0;
2017-12-28 13:18:19 走卡之前
2017-12-28 13:18:19 当前位错误
2017-12-28 13:18:27 ACCAPI_Open Finished!
2017-12-28 13:18:32 ACCAPI_Init Machine Fault!
2017-12-28 13:18:40 ACCAPI_Open Finished!
2017-12-28 13:18:44 ACCAPI_Open Finished!
2017-12-28 13:19:37 启动灯亮
2017-12-28 13:19:37 SendMessage WM_CONTINUE
2017-12-28 13:19:37 SendMessage WM_CONTINUE
