2017-12-28 13:21:05 ACCAPI_Open Finished!
2017-12-28 13:21:05 启动灯亮
2017-12-28 13:21:12 Call ACCAPI_SendCard() Status:
2017-12-28 13:21:12 Card[0].CurrSite=0; Card[0].TagSite=0; Card[0].CardNo=0; Card[0].State=0; Card[0].RecyBox=0;
2017-12-28 13:21:12 Card[1].CurrSite=0; Card[1].TagSite=0; Card[1].CardNo=0; Card[1].State=0; Card[1].RecyBox=0;
2017-12-28 13:21:12 Card[2].CurrSite=0; Card[2].TagSite=0; Card[2].CardNo=0; Card[2].State=0; Card[2].RecyBox=0;
2017-12-28 13:21:12 Card[3].CurrSite=0; Card[3].TagSite=0; Card[3].CardNo=0; Card[3].State=0; Card[3].RecyBox=0;
2017-12-28 13:21:12 Card[4].CurrSite=0; Card[4].TagSite=0; Card[4].CardNo=0; Card[4].State=0; Card[4].RecyBox=0;
2017-12-28 13:21:12 Card[5].CurrSite=0; Card[5].TagSite=0; Card[5].CardNo=0; Card[5].State=0; Card[5].RecyBox=0;
2017-12-28 13:21:12 Card[6].CurrSite=0; Card[6].TagSite=0; Card[6].CardNo=0; Card[6].State=0; Card[6].RecyBox=0;
2017-12-28 13:21:13 发卡成功
2017-12-28 13:21:13 Card[0].CurrSite=1; Card[0].TagSite=2; Card[0].CardNo=1000000; Card[0].State=1; Card[0].RecyBox=0;
2017-12-28 13:21:13 Card[1].CurrSite=0; Card[1].TagSite=0; Card[1].CardNo=0; Card[1].State=0; Card[1].RecyBox=0;
2017-12-28 13:21:13 Card[2].CurrSite=0; Card[2].TagSite=0; Card[2].CardNo=0; Card[2].State=0; Card[2].RecyBox=0;
2017-12-28 13:21:13 Card[3].CurrSite=0; Card[3].TagSite=0; Card[3].CardNo=0; Card[3].State=0; Card[3].RecyBox=0;
2017-12-28 13:21:13 Card[4].CurrSite=0; Card[4].TagSite=0; Card[4].CardNo=0; Card[4].State=0; Card[4].RecyBox=0;
2017-12-28 13:21:13 Card[5].CurrSite=0; Card[5].TagSite=0; Card[5].CardNo=0; Card[5].State=0; Card[5].RecyBox=0;
2017-12-28 13:21:13 Card[6].CurrSite=0; Card[6].TagSite=0; Card[6].CardNo=0; Card[6].State=0; Card[6].RecyBox=0;
2017-12-28 13:21:13 Call ACCAPI_MoveCard() Status:
2017-12-28 13:21:13 Card[0].CurrSite=1; Card[0].TagSite=2; Card[0].CardNo=1000000; Card[0].State=1; Card[0].RecyBox=0;
2017-12-28 13:21:13 Card[1].CurrSite=0; Card[1].TagSite=0; Card[1].CardNo=0; Card[1].State=0; Card[1].RecyBox=0;
2017-12-28 13:21:13 Card[2].CurrSite=0; Card[2].TagSite=0; Card[2].CardNo=0; Card[2].State=0; Card[2].RecyBox=0;
2017-12-28 13:21:13 Card[3].CurrSite=0; Card[3].TagSite=0; Card[3].CardNo=0; Card[3].State=0; Card[3].RecyBox=0;
2017-12-28 13:21:13 Card[4].CurrSite=0; Card[4].TagSite=0; Card[4].CardNo=0; Card[4].State=0; Card[4].RecyBox=0;
2017-12-28 13:21:13 Card[5].CurrSite=0; Card[5].TagSite=0; Card[5].CardNo=0; Card[5].State=0; Card[5].RecyBox=0;
2017-12-28 13:21:13 Card[6].CurrSite=0; Card[6].TagSite=0; Card[6].CardNo=0; Card[6].State=0; Card[6].RecyBox=0;
2017-12-28 13:21:13 走卡之前
2017-12-28 13:21:13 电磁铁状态：0x0
2017-12-28 13:21:13 走卡前开始结束状态：0x78  0x0
2017-12-28 13:21:13 走卡成功
2017-12-28 13:21:13 Card[0].CurrSite=2; Card[0].TagSite=2; Card[0].CardNo=1000000; Card[0].State=1; Card[0].RecyBox=0;
2017-12-28 13:21:13 Card[1].CurrSite=0; Card[1].TagSite=0; Card[1].CardNo=0; Card[1].State=0; Card[1].RecyBox=0;
2017-12-28 13:21:13 Card[2].CurrSite=0; Card[2].TagSite=0; Card[2].CardNo=0; Card[2].State=0; Card[2].RecyBox=0;
2017-12-28 13:21:13 Card[3].CurrSite=0; Card[3].TagSite=0; Card[3].CardNo=0; Card[3].State=0; Card[3].RecyBox=0;
2017-12-28 13:21:13 Card[4].CurrSite=0; Card[4].TagSite=0; Card[4].CardNo=0; Card[4].State=0; Card[4].RecyBox=0;
2017-12-28 13:21:13 Card[5].CurrSite=0; Card[5].TagSite=0; Card[5].CardNo=0; Card[5].State=0; Card[5].RecyBox=0;
2017-12-28 13:21:13 Card[6].CurrSite=0; Card[6].TagSite=0; Card[6].CardNo=0; Card[6].State=0; Card[6].RecyBox=0;
2017-12-28 13:21:13 走卡后开始结束状态：0x40  0x20
2017-12-28 13:21:13 Call ACCAPI_SendCard() Status:
2017-12-28 13:21:13 Card[0].CurrSite=2; Card[0].TagSite=3; Card[0].CardNo=1000000; Card[0].State=1; Card[0].RecyBox=0;
2017-12-28 13:21:13 Card[1].CurrSite=0; Card[1].TagSite=4; Card[1].CardNo=0; Card[1].State=0; Card[1].RecyBox=0;
2017-12-28 13:21:13 Card[2].CurrSite=0; Card[2].TagSite=5; Card[2].CardNo=0; Card[2].State=0; Card[2].RecyBox=0;
2017-12-28 13:21:13 Card[3].CurrSite=0; Card[3].TagSite=6; Card[3].CardNo=0; Card[3].State=0; Card[3].RecyBox=0;
2017-12-28 13:21:13 Card[4].CurrSite=0; Card[4].TagSite=3; Card[4].CardNo=0; Card[4].State=0; Card[4].RecyBox=0;
2017-12-28 13:21:13 Card[5].CurrSite=0; Card[5].TagSite=4; Card[5].CardNo=0; Card[5].State=0; Card[5].RecyBox=0;
2017-12-28 13:21:13 Card[6].CurrSite=0; Card[6].TagSite=5; Card[6].CardNo=0; Card[6].State=0; Card[6].RecyBox=0;
2017-12-28 13:21:14 发卡成功
2017-12-28 13:21:14 Card[0].CurrSite=2; Card[0].TagSite=3; Card[0].CardNo=1000000; Card[0].State=1; Card[0].RecyBox=0;
2017-12-28 13:21:14 Card[1].CurrSite=1; Card[1].TagSite=2; Card[1].CardNo=1000001; Card[1].State=1; Card[1].RecyBox=0;
2017-12-28 13:21:14 Card[2].CurrSite=0; Card[2].TagSite=5; Card[2].CardNo=0; Card[2].State=0; Card[2].RecyBox=0;
2017-12-28 13:21:14 Card[3].CurrSite=0; Card[3].TagSite=6; Card[3].CardNo=0; Card[3].State=0; Card[3].RecyBox=0;
2017-12-28 13:21:14 Card[4].CurrSite=0; Card[4].TagSite=3; Card[4].CardNo=0; Card[4].State=0; Card[4].RecyBox=0;
2017-12-28 13:21:14 Card[5].CurrSite=0; Card[5].TagSite=4; Card[5].CardNo=0; Card[5].State=0; Card[5].RecyBox=0;
2017-12-28 13:21:14 Card[6].CurrSite=0; Card[6].TagSite=5; Card[6].CardNo=0; Card[6].State=0; Card[6].RecyBox=0;
2017-12-28 13:21:14 Call ACCAPI_MoveCard() Status:
2017-12-28 13:21:14 Card[0].CurrSite=2; Card[0].TagSite=3; Card[0].CardNo=1000000; Card[0].State=1; Card[0].RecyBox=0;
2017-12-28 13:21:14 Card[1].CurrSite=1; Card[1].TagSite=2; Card[1].CardNo=1000001; Card[1].State=1; Card[1].RecyBox=0;
2017-12-28 13:21:14 Card[2].CurrSite=0; Card[2].TagSite=5; Card[2].CardNo=0; Card[2].State=0; Card[2].RecyBox=0;
2017-12-28 13:21:14 Card[3].CurrSite=0; Card[3].TagSite=6; Card[3].CardNo=0; Card[3].State=0; Card[3].RecyBox=0;
2017-12-28 13:21:14 Card[4].CurrSite=0; Card[4].TagSite=3; Card[4].CardNo=0; Card[4].State=0; Card[4].RecyBox=0;
2017-12-28 13:21:14 Card[5].CurrSite=0; Card[5].TagSite=4; Card[5].CardNo=0; Card[5].State=0; Card[5].RecyBox=0;
2017-12-28 13:21:14 Card[6].CurrSite=0; Card[6].TagSite=5; Card[6].CardNo=0; Card[6].State=0; Card[6].RecyBox=0;
2017-12-28 13:21:14 走卡之前
2017-12-28 13:21:14 电磁铁状态：0x0
2017-12-28 13:21:14 走卡前开始结束状态：0x40  0x20
2017-12-28 13:21:14 走卡成功
2017-12-28 13:21:14 Card[0].CurrSite=3; Card[0].TagSite=3; Card[0].CardNo=1000000; Card[0].State=1; Card[0].RecyBox=0;
2017-12-28 13:21:14 Card[1].CurrSite=2; Card[1].TagSite=2; Card[1].CardNo=1000001; Card[1].State=1; Card[1].RecyBox=0;
2017-12-28 13:21:14 Card[2].CurrSite=0; Card[2].TagSite=5; Card[2].CardNo=0; Card[2].State=0; Card[2].RecyBox=0;
2017-12-28 13:21:14 Card[3].CurrSite=0; Card[3].TagSite=6; Card[3].CardNo=0; Card[3].State=0; Card[3].RecyBox=0;
2017-12-28 13:21:14 Card[4].CurrSite=0; Card[4].TagSite=3; Card[4].CardNo=0; Card[4].State=0; Card[4].RecyBox=0;
2017-12-28 13:21:14 Card[5].CurrSite=0; Card[5].TagSite=4; Card[5].CardNo=0; Card[5].State=0; Card[5].RecyBox=0;
2017-12-28 13:21:14 Card[6].CurrSite=0; Card[6].TagSite=5; Card[6].CardNo=0; Card[6].State=0; Card[6].RecyBox=0;
2017-12-28 13:21:14 走卡后开始结束状态：0x60  0x30
2017-12-28 13:21:14 Call ACCAPI_SendCard() Status:
2017-12-28 13:21:14 Card[0].CurrSite=3; Card[0].TagSite=6; Card[0].CardNo=1000000; Card[0].State=1; Card[0].RecyBox=0;
2017-12-28 13:21:14 Card[1].CurrSite=2; Card[1].TagSite=3; Card[1].CardNo=1000001; Card[1].State=1; Card[1].RecyBox=0;
2017-12-28 13:21:14 Card[2].CurrSite=0; Card[2].TagSite=4; Card[2].CardNo=0; Card[2].State=0; Card[2].RecyBox=0;
2017-12-28 13:21:14 Card[3].CurrSite=0; Card[3].TagSite=5; Card[3].CardNo=0; Card[3].State=0; Card[3].RecyBox=0;
2017-12-28 13:21:14 Card[4].CurrSite=0; Card[4].TagSite=6; Card[4].CardNo=0; Card[4].State=0; Card[4].RecyBox=0;
2017-12-28 13:21:14 Card[5].CurrSite=0; Card[5].TagSite=3; Card[5].CardNo=0; Card[5].State=0; Card[5].RecyBox=0;
2017-12-28 13:21:14 Card[6].CurrSite=0; Card[6].TagSite=4; Card[6].CardNo=0; Card[6].State=0; Card[6].RecyBox=0;
2017-12-28 13:21:15 发卡成功
2017-12-28 13:21:15 Card[0].CurrSite=3; Card[0].TagSite=6; Card[0].CardNo=1000000; Card[0].State=1; Card[0].RecyBox=0;
2017-12-28 13:21:15 Card[1].CurrSite=2; Card[1].TagSite=3; Card[1].CardNo=1000001; Card[1].State=1; Card[1].RecyBox=0;
2017-12-28 13:21:15 Card[2].CurrSite=1; Card[2].TagSite=2; Card[2].CardNo=1000002; Card[2].State=1; Card[2].RecyBox=0;
2017-12-28 13:21:15 Card[3].CurrSite=0; Card[3].TagSite=5; Card[3].CardNo=0; Card[3].State=0; Card[3].RecyBox=0;
2017-12-28 13:21:15 Card[4].CurrSite=0; Card[4].TagSite=6; Card[4].CardNo=0; Card[4].State=0; Card[4].RecyBox=0;
2017-12-28 13:21:15 Card[5].CurrSite=0; Card[5].TagSite=3; Card[5].CardNo=0; Card[5].State=0; Card[5].RecyBox=0;
2017-12-28 13:21:15 Card[6].CurrSite=0; Card[6].TagSite=4; Card[6].CardNo=0; Card[6].State=0; Card[6].RecyBox=0;
2017-12-28 13:21:15 Call ACCAPI_MoveCard() Status:
2017-12-28 13:21:15 Card[0].CurrSite=3; Card[0].TagSite=6; Card[0].CardNo=1000000; Card[0].State=1; Card[0].RecyBox=0;
2017-12-28 13:21:15 Card[1].CurrSite=2; Card[1].TagSite=3; Card[1].CardNo=1000001; Card[1].State=1; Card[1].RecyBox=0;
2017-12-28 13:21:15 Card[2].CurrSite=1; Card[2].TagSite=2; Card[2].CardNo=1000002; Card[2].State=1; Card[2].RecyBox=0;
2017-12-28 13:21:15 Card[3].CurrSite=0; Card[3].TagSite=5; Card[3].CardNo=0; Card[3].State=0; Card[3].RecyBox=0;
2017-12-28 13:21:15 Card[4].CurrSite=0; Card[4].TagSite=6; Card[4].CardNo=0; Card[4].State=0; Card[4].RecyBox=0;
2017-12-28 13:21:15 Card[5].CurrSite=0; Card[5].TagSite=3; Card[5].CardNo=0; Card[5].State=0; Card[5].RecyBox=0;
2017-12-28 13:21:15 Card[6].CurrSite=0; Card[6].TagSite=4; Card[6].CardNo=0; Card[6].State=0; Card[6].RecyBox=0;
2017-12-28 13:21:15 走卡之前
2017-12-28 13:21:15 电磁铁状态：0x0
2017-12-28 13:21:15 走卡前开始结束状态：0x60  0x30
2017-12-28 13:21:15 走卡成功
2017-12-28 13:21:15 Card[0].CurrSite=4; Card[0].TagSite=6; Card[0].CardNo=1000000; Card[0].State=1; Card[0].RecyBox=0;
2017-12-28 13:21:15 Card[1].CurrSite=3; Card[1].TagSite=3; Card[1].CardNo=1000001; Card[1].State=1; Card[1].RecyBox=0;
2017-12-28 13:21:15 Card[2].CurrSite=2; Card[2].TagSite=2; Card[2].CardNo=1000002; Card[2].State=1; Card[2].RecyBox=0;
2017-12-28 13:21:15 Card[3].CurrSite=0; Card[3].TagSite=5; Card[3].CardNo=0; Card[3].State=0; Card[3].RecyBox=0;
2017-12-28 13:21:15 Card[4].CurrSite=0; Card[4].TagSite=6; Card[4].CardNo=0; Card[4].State=0; Card[4].RecyBox=0;
2017-12-28 13:21:15 Card[5].CurrSite=0; Card[5].TagSite=3; Card[5].CardNo=0; Card[5].State=0; Card[5].RecyBox=0;
2017-12-28 13:21:15 Card[6].CurrSite=0; Card[6].TagSite=4; Card[6].CardNo=0; Card[6].State=0; Card[6].RecyBox=0;
2017-12-28 13:21:15 走卡后开始结束状态：0x70  0x38
2017-12-28 13:21:15 Call ACCAPI_SendCard() Status:
2017-12-28 13:21:15 Card[0].CurrSite=4; Card[0].TagSite=5; Card[0].CardNo=1000000; Card[0].State=1; Card[0].RecyBox=0;
2017-12-28 13:21:15 Card[1].CurrSite=3; Card[1].TagSite=6; Card[1].CardNo=1000001; Card[1].State=1; Card[1].RecyBox=0;
2017-12-28 13:21:15 Card[2].CurrSite=2; Card[2].TagSite=3; Card[2].CardNo=1000002; Card[2].State=1; Card[2].RecyBox=0;
2017-12-28 13:21:15 Card[3].CurrSite=0; Card[3].TagSite=4; Card[3].CardNo=0; Card[3].State=0; Card[3].RecyBox=0;
2017-12-28 13:21:15 Card[4].CurrSite=0; Card[4].TagSite=5; Card[4].CardNo=0; Card[4].State=0; Card[4].RecyBox=0;
2017-12-28 13:21:15 Card[5].CurrSite=0; Card[5].TagSite=6; Card[5].CardNo=0; Card[5].State=0; Card[5].RecyBox=0;
2017-12-28 13:21:15 Card[6].CurrSite=0; Card[6].TagSite=3; Card[6].CardNo=0; Card[6].State=0; Card[6].RecyBox=0;
2017-12-28 13:21:15 发卡成功
2017-12-28 13:21:15 Card[0].CurrSite=4; Card[0].TagSite=5; Card[0].CardNo=1000000; Card[0].State=1; Card[0].RecyBox=0;
2017-12-28 13:21:15 Card[1].CurrSite=3; Card[1].TagSite=6; Card[1].CardNo=1000001; Card[1].State=1; Card[1].RecyBox=0;
2017-12-28 13:21:15 Card[2].CurrSite=2; Card[2].TagSite=3; Card[2].CardNo=1000002; Card[2].State=1; Card[2].RecyBox=0;
2017-12-28 13:21:15 Card[3].CurrSite=1; Card[3].TagSite=2; Card[3].CardNo=1000003; Card[3].State=1; Card[3].RecyBox=0;
2017-12-28 13:21:15 Card[4].CurrSite=0; Card[4].TagSite=5; Card[4].CardNo=0; Card[4].State=0; Card[4].RecyBox=0;
2017-12-28 13:21:15 Card[5].CurrSite=0; Card[5].TagSite=6; Card[5].CardNo=0; Card[5].State=0; Card[5].RecyBox=0;
2017-12-28 13:21:15 Card[6].CurrSite=0; Card[6].TagSite=3; Card[6].CardNo=0; Card[6].State=0; Card[6].RecyBox=0;
2017-12-28 13:21:15 Call ACCAPI_MoveCard() Status:
2017-12-28 13:21:15 Card[0].CurrSite=4; Card[0].TagSite=5; Card[0].CardNo=1000000; Card[0].State=1; Card[0].RecyBox=0;
2017-12-28 13:21:15 Card[1].CurrSite=3; Card[1].TagSite=6; Card[1].CardNo=1000001; Card[1].State=1; Card[1].RecyBox=0;
2017-12-28 13:21:15 Card[2].CurrSite=2; Card[2].TagSite=3; Card[2].CardNo=1000002; Card[2].State=1; Card[2].RecyBox=0;
2017-12-28 13:21:15 Card[3].CurrSite=1; Card[3].TagSite=2; Card[3].CardNo=1000003; Card[3].State=1; Card[3].RecyBox=0;
2017-12-28 13:21:15 Card[4].CurrSite=0; Card[4].TagSite=5; Card[4].CardNo=0; Card[4].State=0; Card[4].RecyBox=0;
2017-12-28 13:21:15 Card[5].CurrSite=0; Card[5].TagSite=6; Card[5].CardNo=0; Card[5].State=0; Card[5].RecyBox=0;
2017-12-28 13:21:15 Card[6].CurrSite=0; Card[6].TagSite=3; Card[6].CardNo=0; Card[6].State=0; Card[6].RecyBox=0;
2017-12-28 13:21:15 走卡之前
2017-12-28 13:21:15 电磁铁状态：0x0
2017-12-28 13:21:15 走卡前开始结束状态：0x70  0x38
2017-12-28 13:21:16 走卡成功
2017-12-28 13:21:16 Card[0].CurrSite=5; Card[0].TagSite=5; Card[0].CardNo=1000000; Card[0].State=1; Card[0].RecyBox=0;
2017-12-28 13:21:16 Card[1].CurrSite=4; Card[1].TagSite=6; Card[1].CardNo=1000001; Card[1].State=1; Card[1].RecyBox=0;
2017-12-28 13:21:16 Card[2].CurrSite=3; Card[2].TagSite=3; Card[2].CardNo=1000002; Card[2].State=1; Card[2].RecyBox=0;
2017-12-28 13:21:16 Card[3].CurrSite=2; Card[3].TagSite=2; Card[3].CardNo=1000003; Card[3].State=1; Card[3].RecyBox=0;
2017-12-28 13:21:16 Card[4].CurrSite=0; Card[4].TagSite=5; Card[4].CardNo=0; Card[4].State=0; Card[4].RecyBox=0;
2017-12-28 13:21:16 Card[5].CurrSite=0; Card[5].TagSite=6; Card[5].CardNo=0; Card[5].State=0; Card[5].RecyBox=0;
2017-12-28 13:21:16 Card[6].CurrSite=0; Card[6].TagSite=3; Card[6].CardNo=0; Card[6].State=0; Card[6].RecyBox=0;
2017-12-28 13:21:16 走卡后开始结束状态：0x78  0x3C
2017-12-28 13:21:16 Call ACCAPI_SendCard() Status:
2017-12-28 13:21:16 Card[0].CurrSite=5; Card[0].TagSite=4; Card[0].CardNo=1000000; Card[0].State=1; Card[0].RecyBox=0;
2017-12-28 13:21:16 Card[1].CurrSite=4; Card[1].TagSite=5; Card[1].CardNo=1000001; Card[1].State=1; Card[1].RecyBox=0;
2017-12-28 13:21:16 Card[2].CurrSite=3; Card[2].TagSite=6; Card[2].CardNo=1000002; Card[2].State=1; Card[2].RecyBox=0;
2017-12-28 13:21:16 Card[3].CurrSite=2; Card[3].TagSite=3; Card[3].CardNo=1000003; Card[3].State=1; Card[3].RecyBox=0;
2017-12-28 13:21:16 Card[4].CurrSite=0; Card[4].TagSite=4; Card[4].CardNo=0; Card[4].State=0; Card[4].RecyBox=0;
2017-12-28 13:21:16 Card[5].CurrSite=0; Card[5].TagSite=5; Card[5].CardNo=0; Card[5].State=0; Card[5].RecyBox=0;
2017-12-28 13:21:16 Card[6].CurrSite=0; Card[6].TagSite=6; Card[6].CardNo=0; Card[6].State=0; Card[6].RecyBox=0;
2017-12-28 13:21:16 发卡成功
2017-12-28 13:21:16 Card[0].CurrSite=5; Card[0].TagSite=4; Card[0].CardNo=1000000; Card[0].State=1; Card[0].RecyBox=0;
2017-12-28 13:21:16 Card[1].CurrSite=4; Card[1].TagSite=5; Card[1].CardNo=1000001; Card[1].State=1; Card[1].RecyBox=0;
2017-12-28 13:21:16 Card[2].CurrSite=3; Card[2].TagSite=6; Card[2].CardNo=1000002; Card[2].State=1; Card[2].RecyBox=0;
2017-12-28 13:21:16 Card[3].CurrSite=2; Card[3].TagSite=3; Card[3].CardNo=1000003; Card[3].State=1; Card[3].RecyBox=0;
2017-12-28 13:21:16 Card[4].CurrSite=1; Card[4].TagSite=2; Card[4].CardNo=1000004; Card[4].State=1; Card[4].RecyBox=0;
2017-12-28 13:21:16 Card[5].CurrSite=0; Card[5].TagSite=5; Card[5].CardNo=0; Card[5].State=0; Card[5].RecyBox=0;
2017-12-28 13:21:16 Card[6].CurrSite=0; Card[6].TagSite=6; Card[6].CardNo=0; Card[6].State=0; Card[6].RecyBox=0;
2017-12-28 13:21:16 Call ACCAPI_MoveCard() Status:
2017-12-28 13:21:16 Card[0].CurrSite=5; Card[0].TagSite=4; Card[0].CardNo=1000000; Card[0].State=1; Card[0].RecyBox=0;
2017-12-28 13:21:16 Card[1].CurrSite=4; Card[1].TagSite=5; Card[1].CardNo=1000001; Card[1].State=1; Card[1].RecyBox=0;
2017-12-28 13:21:16 Card[2].CurrSite=3; Card[2].TagSite=6; Card[2].CardNo=1000002; Card[2].State=1; Card[2].RecyBox=0;
2017-12-28 13:21:16 Card[3].CurrSite=2; Card[3].TagSite=3; Card[3].CardNo=1000003; Card[3].State=1; Card[3].RecyBox=0;
2017-12-28 13:21:16 Card[4].CurrSite=1; Card[4].TagSite=2; Card[4].CardNo=1000004; Card[4].State=1; Card[4].RecyBox=0;
2017-12-28 13:21:16 Card[5].CurrSite=0; Card[5].TagSite=5; Card[5].CardNo=0; Card[5].State=0; Card[5].RecyBox=0;
2017-12-28 13:21:16 Card[6].CurrSite=0; Card[6].TagSite=6; Card[6].CardNo=0; Card[6].State=0; Card[6].RecyBox=0;
2017-12-28 13:21:16 走卡之前
2017-12-28 13:21:16 当前位错误
