2017-12-28 09:59:12 ACCAPI_Open Finished!
2017-12-28 09:59:12 启动灯亮
2017-12-28 10:03:02 Call ACCAPI_SendCard() Status:
2017-12-28 10:03:02 Card[0].CurrSite=0; Card[0].TagSite=0; Card[0].CardNo=0; Card[0].State=0; Card[0].RecyBox=0;
2017-12-28 10:03:02 Card[1].CurrSite=0; Card[1].TagSite=0; Card[1].CardNo=0; Card[1].State=0; Card[1].RecyBox=0;
2017-12-28 10:03:02 Card[2].CurrSite=0; Card[2].TagSite=0; Card[2].CardNo=0; Card[2].State=0; Card[2].RecyBox=0;
2017-12-28 10:03:02 Card[3].CurrSite=0; Card[3].TagSite=0; Card[3].CardNo=0; Card[3].State=0; Card[3].RecyBox=0;
2017-12-28 10:03:02 Card[4].CurrSite=0; Card[4].TagSite=0; Card[4].CardNo=0; Card[4].State=0; Card[4].RecyBox=0;
2017-12-28 10:03:02 Card[5].CurrSite=0; Card[5].TagSite=0; Card[5].CardNo=0; Card[5].State=0; Card[5].RecyBox=0;
2017-12-28 10:03:02 Card[6].CurrSite=0; Card[6].TagSite=0; Card[6].CardNo=0; Card[6].State=0; Card[6].RecyBox=0;
2017-12-28 10:03:03 发卡成功
2017-12-28 10:03:03 Card[0].CurrSite=1; Card[0].TagSite=2; Card[0].CardNo=1000000; Card[0].State=1; Card[0].RecyBox=0;
2017-12-28 10:03:03 Card[1].CurrSite=0; Card[1].TagSite=0; Card[1].CardNo=0; Card[1].State=0; Card[1].RecyBox=0;
2017-12-28 10:03:03 Card[2].CurrSite=0; Card[2].TagSite=0; Card[2].CardNo=0; Card[2].State=0; Card[2].RecyBox=0;
2017-12-28 10:03:03 Card[3].CurrSite=0; Card[3].TagSite=0; Card[3].CardNo=0; Card[3].State=0; Card[3].RecyBox=0;
2017-12-28 10:03:03 Card[4].CurrSite=0; Card[4].TagSite=0; Card[4].CardNo=0; Card[4].State=0; Card[4].RecyBox=0;
2017-12-28 10:03:03 Card[5].CurrSite=0; Card[5].TagSite=0; Card[5].CardNo=0; Card[5].State=0; Card[5].RecyBox=0;
2017-12-28 10:03:03 Card[6].CurrSite=0; Card[6].TagSite=0; Card[6].CardNo=0; Card[6].State=0; Card[6].RecyBox=0;
2017-12-28 10:03:03 Call ACCAPI_MoveCard() Status:
2017-12-28 10:03:03 Card[0].CurrSite=1; Card[0].TagSite=2; Card[0].CardNo=1000000; Card[0].State=1; Card[0].RecyBox=0;
2017-12-28 10:03:03 Card[1].CurrSite=0; Card[1].TagSite=0; Card[1].CardNo=0; Card[1].State=0; Card[1].RecyBox=0;
2017-12-28 10:03:03 Card[2].CurrSite=0; Card[2].TagSite=0; Card[2].CardNo=0; Card[2].State=0; Card[2].RecyBox=0;
2017-12-28 10:03:03 Card[3].CurrSite=0; Card[3].TagSite=0; Card[3].CardNo=0; Card[3].State=0; Card[3].RecyBox=0;
2017-12-28 10:03:03 Card[4].CurrSite=0; Card[4].TagSite=0; Card[4].CardNo=0; Card[4].State=0; Card[4].RecyBox=0;
2017-12-28 10:03:03 Card[5].CurrSite=0; Card[5].TagSite=0; Card[5].CardNo=0; Card[5].State=0; Card[5].RecyBox=0;
2017-12-28 10:03:03 Card[6].CurrSite=0; Card[6].TagSite=0; Card[6].CardNo=0; Card[6].State=0; Card[6].RecyBox=0;
2017-12-28 10:03:03 走卡之前
2017-12-28 10:03:03 电磁铁状态：0x0
2017-12-28 10:03:03 走卡前开始结束状态：0x70  0x0
2017-12-28 10:03:03 走卡成功
2017-12-28 10:03:03 Card[0].CurrSite=2; Card[0].TagSite=2; Card[0].CardNo=1000000; Card[0].State=1; Card[0].RecyBox=0;
2017-12-28 10:03:03 Card[1].CurrSite=0; Card[1].TagSite=0; Card[1].CardNo=0; Card[1].State=0; Card[1].RecyBox=0;
2017-12-28 10:03:03 Card[2].CurrSite=0; Card[2].TagSite=0; Card[2].CardNo=0; Card[2].State=0; Card[2].RecyBox=0;
2017-12-28 10:03:03 Card[3].CurrSite=0; Card[3].TagSite=0; Card[3].CardNo=0; Card[3].State=0; Card[3].RecyBox=0;
2017-12-28 10:03:03 Card[4].CurrSite=0; Card[4].TagSite=0; Card[4].CardNo=0; Card[4].State=0; Card[4].RecyBox=0;
2017-12-28 10:03:03 Card[5].CurrSite=0; Card[5].TagSite=0; Card[5].CardNo=0; Card[5].State=0; Card[5].RecyBox=0;
2017-12-28 10:03:03 Card[6].CurrSite=0; Card[6].TagSite=0; Card[6].CardNo=0; Card[6].State=0; Card[6].RecyBox=0;
2017-12-28 10:03:03 走卡后开始结束状态：0x40  0x20
2017-12-28 10:03:03 Call ACCAPI_SendCard() Status:
2017-12-28 10:03:03 Card[0].CurrSite=2; Card[0].TagSite=3; Card[0].CardNo=1000000; Card[0].State=1; Card[0].RecyBox=0;
2017-12-28 10:03:03 Card[1].CurrSite=0; Card[1].TagSite=3; Card[1].CardNo=0; Card[1].State=0; Card[1].RecyBox=0;
2017-12-28 10:03:03 Card[2].CurrSite=0; Card[2].TagSite=3; Card[2].CardNo=0; Card[2].State=0; Card[2].RecyBox=0;
2017-12-28 10:03:03 Card[3].CurrSite=0; Card[3].TagSite=3; Card[3].CardNo=0; Card[3].State=0; Card[3].RecyBox=0;
2017-12-28 10:03:03 Card[4].CurrSite=0; Card[4].TagSite=3; Card[4].CardNo=0; Card[4].State=0; Card[4].RecyBox=0;
2017-12-28 10:03:03 Card[5].CurrSite=0; Card[5].TagSite=3; Card[5].CardNo=0; Card[5].State=0; Card[5].RecyBox=0;
2017-12-28 10:03:03 Card[6].CurrSite=0; Card[6].TagSite=3; Card[6].CardNo=0; Card[6].State=0; Card[6].RecyBox=0;
2017-12-28 10:03:04 发卡成功
2017-12-28 10:03:04 Card[0].CurrSite=2; Card[0].TagSite=3; Card[0].CardNo=1000000; Card[0].State=1; Card[0].RecyBox=0;
2017-12-28 10:03:04 Card[1].CurrSite=1; Card[1].TagSite=2; Card[1].CardNo=1000001; Card[1].State=1; Card[1].RecyBox=0;
2017-12-28 10:03:04 Card[2].CurrSite=0; Card[2].TagSite=3; Card[2].CardNo=0; Card[2].State=0; Card[2].RecyBox=0;
2017-12-28 10:03:04 Card[3].CurrSite=0; Card[3].TagSite=3; Card[3].CardNo=0; Card[3].State=0; Card[3].RecyBox=0;
2017-12-28 10:03:04 Card[4].CurrSite=0; Card[4].TagSite=3; Card[4].CardNo=0; Card[4].State=0; Card[4].RecyBox=0;
2017-12-28 10:03:04 Card[5].CurrSite=0; Card[5].TagSite=3; Card[5].CardNo=0; Card[5].State=0; Card[5].RecyBox=0;
2017-12-28 10:03:04 Card[6].CurrSite=0; Card[6].TagSite=3; Card[6].CardNo=0; Card[6].State=0; Card[6].RecyBox=0;
2017-12-28 10:03:04 Call ACCAPI_MoveCard() Status:
2017-12-28 10:03:04 Card[0].CurrSite=2; Card[0].TagSite=3; Card[0].CardNo=1000000; Card[0].State=1; Card[0].RecyBox=0;
2017-12-28 10:03:04 Card[1].CurrSite=1; Card[1].TagSite=2; Card[1].CardNo=1000001; Card[1].State=1; Card[1].RecyBox=0;
2017-12-28 10:03:04 Card[2].CurrSite=0; Card[2].TagSite=3; Card[2].CardNo=0; Card[2].State=0; Card[2].RecyBox=0;
2017-12-28 10:03:04 Card[3].CurrSite=0; Card[3].TagSite=3; Card[3].CardNo=0; Card[3].State=0; Card[3].RecyBox=0;
2017-12-28 10:03:04 Card[4].CurrSite=0; Card[4].TagSite=3; Card[4].CardNo=0; Card[4].State=0; Card[4].RecyBox=0;
2017-12-28 10:03:04 Card[5].CurrSite=0; Card[5].TagSite=3; Card[5].CardNo=0; Card[5].State=0; Card[5].RecyBox=0;
2017-12-28 10:03:04 Card[6].CurrSite=0; Card[6].TagSite=3; Card[6].CardNo=0; Card[6].State=0; Card[6].RecyBox=0;
2017-12-28 10:03:04 走卡之前
2017-12-28 10:03:04 电磁铁状态：0x0
2017-12-28 10:03:04 走卡前开始结束状态：0x40  0x20
2017-12-28 10:03:04 走卡成功
2017-12-28 10:03:04 Card[0].CurrSite=3; Card[0].TagSite=3; Card[0].CardNo=1000000; Card[0].State=1; Card[0].RecyBox=0;
2017-12-28 10:03:04 Card[1].CurrSite=2; Card[1].TagSite=2; Card[1].CardNo=1000001; Card[1].State=1; Card[1].RecyBox=0;
2017-12-28 10:03:04 Card[2].CurrSite=0; Card[2].TagSite=3; Card[2].CardNo=0; Card[2].State=0; Card[2].RecyBox=0;
2017-12-28 10:03:04 Card[3].CurrSite=0; Card[3].TagSite=3; Card[3].CardNo=0; Card[3].State=0; Card[3].RecyBox=0;
2017-12-28 10:03:04 Card[4].CurrSite=0; Card[4].TagSite=3; Card[4].CardNo=0; Card[4].State=0; Card[4].RecyBox=0;
2017-12-28 10:03:04 Card[5].CurrSite=0; Card[5].TagSite=3; Card[5].CardNo=0; Card[5].State=0; Card[5].RecyBox=0;
2017-12-28 10:03:04 Card[6].CurrSite=0; Card[6].TagSite=3; Card[6].CardNo=0; Card[6].State=0; Card[6].RecyBox=0;
2017-12-28 10:03:04 走卡后开始结束状态：0x60  0x30
2017-12-28 10:03:04 Call ACCAPI_SendCard() Status:
2017-12-28 10:03:04 Card[0].CurrSite=3; Card[0].TagSite=3; Card[0].CardNo=1000000; Card[0].State=1; Card[0].RecyBox=0;
2017-12-28 10:03:04 Card[1].CurrSite=2; Card[1].TagSite=3; Card[1].CardNo=1000001; Card[1].State=1; Card[1].RecyBox=0;
2017-12-28 10:03:04 Card[2].CurrSite=0; Card[2].TagSite=3; Card[2].CardNo=0; Card[2].State=0; Card[2].RecyBox=0;
2017-12-28 10:03:04 Card[3].CurrSite=0; Card[3].TagSite=3; Card[3].CardNo=0; Card[3].State=0; Card[3].RecyBox=0;
2017-12-28 10:03:04 Card[4].CurrSite=0; Card[4].TagSite=3; Card[4].CardNo=0; Card[4].State=0; Card[4].RecyBox=0;
2017-12-28 10:03:04 Card[5].CurrSite=0; Card[5].TagSite=3; Card[5].CardNo=0; Card[5].State=0; Card[5].RecyBox=0;
2017-12-28 10:03:04 Card[6].CurrSite=0; Card[6].TagSite=3; Card[6].CardNo=0; Card[6].State=0; Card[6].RecyBox=0;
2017-12-28 10:03:05 发卡成功
2017-12-28 10:03:05 Card[0].CurrSite=3; Card[0].TagSite=3; Card[0].CardNo=1000000; Card[0].State=1; Card[0].RecyBox=0;
2017-12-28 10:03:05 Card[1].CurrSite=2; Card[1].TagSite=3; Card[1].CardNo=1000001; Card[1].State=1; Card[1].RecyBox=0;
2017-12-28 10:03:05 Card[2].CurrSite=1; Card[2].TagSite=2; Card[2].CardNo=1000002; Card[2].State=1; Card[2].RecyBox=0;
2017-12-28 10:03:05 Card[3].CurrSite=0; Card[3].TagSite=3; Card[3].CardNo=0; Card[3].State=0; Card[3].RecyBox=0;
2017-12-28 10:03:05 Card[4].CurrSite=0; Card[4].TagSite=3; Card[4].CardNo=0; Card[4].State=0; Card[4].RecyBox=0;
2017-12-28 10:03:05 Card[5].CurrSite=0; Card[5].TagSite=3; Card[5].CardNo=0; Card[5].State=0; Card[5].RecyBox=0;
2017-12-28 10:03:05 Card[6].CurrSite=0; Card[6].TagSite=3; Card[6].CardNo=0; Card[6].State=0; Card[6].RecyBox=0;
2017-12-28 10:03:05 Call ACCAPI_MoveCard() Status:
2017-12-28 10:03:05 Card[0].CurrSite=3; Card[0].TagSite=3; Card[0].CardNo=1000000; Card[0].State=1; Card[0].RecyBox=0;
2017-12-28 10:03:05 Card[1].CurrSite=2; Card[1].TagSite=3; Card[1].CardNo=1000001; Card[1].State=1; Card[1].RecyBox=0;
2017-12-28 10:03:05 Card[2].CurrSite=1; Card[2].TagSite=2; Card[2].CardNo=1000002; Card[2].State=1; Card[2].RecyBox=0;
2017-12-28 10:03:05 Card[3].CurrSite=0; Card[3].TagSite=3; Card[3].CardNo=0; Card[3].State=0; Card[3].RecyBox=0;
2017-12-28 10:03:05 Card[4].CurrSite=0; Card[4].TagSite=3; Card[4].CardNo=0; Card[4].State=0; Card[4].RecyBox=0;
2017-12-28 10:03:05 Card[5].CurrSite=0; Card[5].TagSite=3; Card[5].CardNo=0; Card[5].State=0; Card[5].RecyBox=0;
2017-12-28 10:03:05 Card[6].CurrSite=0; Card[6].TagSite=3; Card[6].CardNo=0; Card[6].State=0; Card[6].RecyBox=0;
2017-12-28 10:03:05 走卡之前
2017-12-28 10:03:05 电磁铁状态：0x1
2017-12-28 10:03:05 走卡前开始结束状态：0x60  0x30
2017-12-28 10:03:05 走卡成功
2017-12-28 10:03:05 Card[0].CurrSite=0; Card[0].TagSite=0; Card[0].CardNo=1000000; Card[0].State=2; Card[0].RecyBox=1;
2017-12-28 10:03:05 Card[1].CurrSite=3; Card[1].TagSite=3; Card[1].CardNo=1000001; Card[1].State=1; Card[1].RecyBox=0;
2017-12-28 10:03:05 Card[2].CurrSite=2; Card[2].TagSite=2; Card[2].CardNo=1000002; Card[2].State=1; Card[2].RecyBox=0;
2017-12-28 10:03:05 Card[3].CurrSite=0; Card[3].TagSite=3; Card[3].CardNo=0; Card[3].State=0; Card[3].RecyBox=0;
2017-12-28 10:03:05 Card[4].CurrSite=0; Card[4].TagSite=3; Card[4].CardNo=0; Card[4].State=0; Card[4].RecyBox=0;
2017-12-28 10:03:05 Card[5].CurrSite=0; Card[5].TagSite=3; Card[5].CardNo=0; Card[5].State=0; Card[5].RecyBox=0;
2017-12-28 10:03:05 Card[6].CurrSite=0; Card[6].TagSite=3; Card[6].CardNo=0; Card[6].State=0; Card[6].RecyBox=0;
2017-12-28 10:03:05 走卡后开始结束状态：0x70  0x30
2017-12-28 10:03:05 Call ACCAPI_SendCard() Status:
2017-12-28 10:03:05 Card[0].CurrSite=0; Card[0].TagSite=3; Card[0].CardNo=1000000; Card[0].State=2; Card[0].RecyBox=1;
2017-12-28 10:03:05 Card[1].CurrSite=3; Card[1].TagSite=3; Card[1].CardNo=1000001; Card[1].State=1; Card[1].RecyBox=0;
2017-12-28 10:03:05 Card[2].CurrSite=2; Card[2].TagSite=3; Card[2].CardNo=1000002; Card[2].State=1; Card[2].RecyBox=0;
2017-12-28 10:03:05 Card[3].CurrSite=0; Card[3].TagSite=3; Card[3].CardNo=0; Card[3].State=0; Card[3].RecyBox=0;
2017-12-28 10:03:05 Card[4].CurrSite=0; Card[4].TagSite=3; Card[4].CardNo=0; Card[4].State=0; Card[4].RecyBox=0;
2017-12-28 10:03:05 Card[5].CurrSite=0; Card[5].TagSite=3; Card[5].CardNo=0; Card[5].State=0; Card[5].RecyBox=0;
2017-12-28 10:03:05 Card[6].CurrSite=0; Card[6].TagSite=3; Card[6].CardNo=0; Card[6].State=0; Card[6].RecyBox=0;
2017-12-28 10:03:06 发卡成功
2017-12-28 10:03:06 Card[0].CurrSite=1; Card[0].TagSite=2; Card[0].CardNo=1000003; Card[0].State=1; Card[0].RecyBox=0;
2017-12-28 10:03:06 Card[1].CurrSite=3; Card[1].TagSite=3; Card[1].CardNo=1000001; Card[1].State=1; Card[1].RecyBox=0;
2017-12-28 10:03:06 Card[2].CurrSite=2; Card[2].TagSite=3; Card[2].CardNo=1000002; Card[2].State=1; Card[2].RecyBox=0;
2017-12-28 10:03:06 Card[3].CurrSite=0; Card[3].TagSite=3; Card[3].CardNo=0; Card[3].State=0; Card[3].RecyBox=0;
2017-12-28 10:03:06 Card[4].CurrSite=0; Card[4].TagSite=3; Card[4].CardNo=0; Card[4].State=0; Card[4].RecyBox=0;
2017-12-28 10:03:06 Card[5].CurrSite=0; Card[5].TagSite=3; Card[5].CardNo=0; Card[5].State=0; Card[5].RecyBox=0;
2017-12-28 10:03:06 Card[6].CurrSite=0; Card[6].TagSite=3; Card[6].CardNo=0; Card[6].State=0; Card[6].RecyBox=0;
2017-12-28 10:03:06 Call ACCAPI_MoveCard() Status:
2017-12-28 10:03:06 Card[0].CurrSite=1; Card[0].TagSite=2; Card[0].CardNo=1000003; Card[0].State=1; Card[0].RecyBox=0;
2017-12-28 10:03:06 Card[1].CurrSite=3; Card[1].TagSite=3; Card[1].CardNo=1000001; Card[1].State=1; Card[1].RecyBox=0;
2017-12-28 10:03:06 Card[2].CurrSite=2; Card[2].TagSite=3; Card[2].CardNo=1000002; Card[2].State=1; Card[2].RecyBox=0;
2017-12-28 10:03:06 Card[3].CurrSite=0; Card[3].TagSite=3; Card[3].CardNo=0; Card[3].State=0; Card[3].RecyBox=0;
2017-12-28 10:03:06 Card[4].CurrSite=0; Card[4].TagSite=3; Card[4].CardNo=0; Card[4].State=0; Card[4].RecyBox=0;
2017-12-28 10:03:06 Card[5].CurrSite=0; Card[5].TagSite=3; Card[5].CardNo=0; Card[5].State=0; Card[5].RecyBox=0;
2017-12-28 10:03:06 Card[6].CurrSite=0; Card[6].TagSite=3; Card[6].CardNo=0; Card[6].State=0; Card[6].RecyBox=0;
2017-12-28 10:03:06 走卡之前
2017-12-28 10:03:06 电磁铁状态：0x1
2017-12-28 10:03:06 走卡前开始结束状态：0x70  0x30
2017-12-28 10:03:06 走卡成功
2017-12-28 10:03:06 Card[0].CurrSite=2; Card[0].TagSite=2; Card[0].CardNo=1000003; Card[0].State=1; Card[0].RecyBox=0;
2017-12-28 10:03:06 Card[1].CurrSite=0; Card[1].TagSite=0; Card[1].CardNo=1000001; Card[1].State=2; Card[1].RecyBox=1;
2017-12-28 10:03:06 Card[2].CurrSite=3; Card[2].TagSite=3; Card[2].CardNo=1000002; Card[2].State=1; Card[2].RecyBox=0;
2017-12-28 10:03:06 Card[3].CurrSite=0; Card[3].TagSite=3; Card[3].CardNo=0; Card[3].State=0; Card[3].RecyBox=0;
2017-12-28 10:03:06 Card[4].CurrSite=0; Card[4].TagSite=3; Card[4].CardNo=0; Card[4].State=0; Card[4].RecyBox=0;
2017-12-28 10:03:06 Card[5].CurrSite=0; Card[5].TagSite=3; Card[5].CardNo=0; Card[5].State=0; Card[5].RecyBox=0;
2017-12-28 10:03:06 Card[6].CurrSite=0; Card[6].TagSite=3; Card[6].CardNo=0; Card[6].State=0; Card[6].RecyBox=0;
2017-12-28 10:03:06 走卡后开始结束状态：0x70  0x30
2017-12-28 10:03:06 Call ACCAPI_SendCard() Status:
2017-12-28 10:03:06 Card[0].CurrSite=2; Card[0].TagSite=3; Card[0].CardNo=1000003; Card[0].State=1; Card[0].RecyBox=0;
2017-12-28 10:03:06 Card[1].CurrSite=0; Card[1].TagSite=3; Card[1].CardNo=1000001; Card[1].State=2; Card[1].RecyBox=1;
2017-12-28 10:03:06 Card[2].CurrSite=3; Card[2].TagSite=3; Card[2].CardNo=1000002; Card[2].State=1; Card[2].RecyBox=0;
2017-12-28 10:03:06 Card[3].CurrSite=0; Card[3].TagSite=3; Card[3].CardNo=0; Card[3].State=0; Card[3].RecyBox=0;
2017-12-28 10:03:06 Card[4].CurrSite=0; Card[4].TagSite=3; Card[4].CardNo=0; Card[4].State=0; Card[4].RecyBox=0;
2017-12-28 10:03:06 Card[5].CurrSite=0; Card[5].TagSite=3; Card[5].CardNo=0; Card[5].State=0; Card[5].RecyBox=0;
2017-12-28 10:03:06 Card[6].CurrSite=0; Card[6].TagSite=3; Card[6].CardNo=0; Card[6].State=0; Card[6].RecyBox=0;
2017-12-28 10:03:06 发卡成功
2017-12-28 10:03:06 Card[0].CurrSite=2; Card[0].TagSite=3; Card[0].CardNo=1000003; Card[0].State=1; Card[0].RecyBox=0;
2017-12-28 10:03:06 Card[1].CurrSite=1; Card[1].TagSite=2; Card[1].CardNo=1000004; Card[1].State=1; Card[1].RecyBox=0;
2017-12-28 10:03:06 Card[2].CurrSite=3; Card[2].TagSite=3; Card[2].CardNo=1000002; Card[2].State=1; Card[2].RecyBox=0;
2017-12-28 10:03:06 Card[3].CurrSite=0; Card[3].TagSite=3; Card[3].CardNo=0; Card[3].State=0; Card[3].RecyBox=0;
2017-12-28 10:03:06 Card[4].CurrSite=0; Card[4].TagSite=3; Card[4].CardNo=0; Card[4].State=0; Card[4].RecyBox=0;
2017-12-28 10:03:06 Card[5].CurrSite=0; Card[5].TagSite=3; Card[5].CardNo=0; Card[5].State=0; Card[5].RecyBox=0;
2017-12-28 10:03:06 Card[6].CurrSite=0; Card[6].TagSite=3; Card[6].CardNo=0; Card[6].State=0; Card[6].RecyBox=0;
2017-12-28 10:03:06 Call ACCAPI_MoveCard() Status:
2017-12-28 10:03:06 Card[0].CurrSite=2; Card[0].TagSite=3; Card[0].CardNo=1000003; Card[0].State=1; Card[0].RecyBox=0;
2017-12-28 10:03:06 Card[1].CurrSite=1; Card[1].TagSite=2; Card[1].CardNo=1000004; Card[1].State=1; Card[1].RecyBox=0;
2017-12-28 10:03:06 Card[2].CurrSite=3; Card[2].TagSite=3; Card[2].CardNo=1000002; Card[2].State=1; Card[2].RecyBox=0;
2017-12-28 10:03:06 Card[3].CurrSite=0; Card[3].TagSite=3; Card[3].CardNo=0; Card[3].State=0; Card[3].RecyBox=0;
2017-12-28 10:03:06 Card[4].CurrSite=0; Card[4].TagSite=3; Card[4].CardNo=0; Card[4].State=0; Card[4].RecyBox=0;
2017-12-28 10:03:06 Card[5].CurrSite=0; Card[5].TagSite=3; Card[5].CardNo=0; Card[5].State=0; Card[5].RecyBox=0;
2017-12-28 10:03:06 Card[6].CurrSite=0; Card[6].TagSite=3; Card[6].CardNo=0; Card[6].State=0; Card[6].RecyBox=0;
2017-12-28 10:03:06 走卡之前
2017-12-28 10:03:06 电磁铁状态：0x1
2017-12-28 10:03:06 走卡前开始结束状态：0x70  0x30
2017-12-28 10:03:07 走卡成功
2017-12-28 10:03:07 Card[0].CurrSite=3; Card[0].TagSite=3; Card[0].CardNo=1000003; Card[0].State=1; Card[0].RecyBox=0;
2017-12-28 10:03:07 Card[1].CurrSite=2; Card[1].TagSite=2; Card[1].CardNo=1000004; Card[1].State=1; Card[1].RecyBox=0;
2017-12-28 10:03:07 Card[2].CurrSite=0; Card[2].TagSite=0; Card[2].CardNo=1000002; Card[2].State=2; Card[2].RecyBox=1;
2017-12-28 10:03:07 Card[3].CurrSite=0; Card[3].TagSite=3; Card[3].CardNo=0; Card[3].State=0; Card[3].RecyBox=0;
2017-12-28 10:03:07 Card[4].CurrSite=0; Card[4].TagSite=3; Card[4].CardNo=0; Card[4].State=0; Card[4].RecyBox=0;
2017-12-28 10:03:07 Card[5].CurrSite=0; Card[5].TagSite=3; Card[5].CardNo=0; Card[5].State=0; Card[5].RecyBox=0;
2017-12-28 10:03:07 Card[6].CurrSite=0; Card[6].TagSite=3; Card[6].CardNo=0; Card[6].State=0; Card[6].RecyBox=0;
2017-12-28 10:03:07 走卡后开始结束状态：0x70  0x30
2017-12-28 10:03:07 Call ACCAPI_SendCard() Status:
2017-12-28 10:03:07 Card[0].CurrSite=3; Card[0].TagSite=3; Card[0].CardNo=1000003; Card[0].State=1; Card[0].RecyBox=0;
2017-12-28 10:03:07 Card[1].CurrSite=2; Card[1].TagSite=3; Card[1].CardNo=1000004; Card[1].State=1; Card[1].RecyBox=0;
2017-12-28 10:03:07 Card[2].CurrSite=0; Card[2].TagSite=3; Card[2].CardNo=1000002; Card[2].State=2; Card[2].RecyBox=1;
2017-12-28 10:03:07 Card[3].CurrSite=0; Card[3].TagSite=3; Card[3].CardNo=0; Card[3].State=0; Card[3].RecyBox=0;
2017-12-28 10:03:07 Card[4].CurrSite=0; Card[4].TagSite=3; Card[4].CardNo=0; Card[4].State=0; Card[4].RecyBox=0;
2017-12-28 10:03:07 Card[5].CurrSite=0; Card[5].TagSite=3; Card[5].CardNo=0; Card[5].State=0; Card[5].RecyBox=0;
2017-12-28 10:03:07 Card[6].CurrSite=0; Card[6].TagSite=3; Card[6].CardNo=0; Card[6].State=0; Card[6].RecyBox=0;
2017-12-28 10:03:07 发卡成功
2017-12-28 10:03:07 Card[0].CurrSite=3; Card[0].TagSite=3; Card[0].CardNo=1000003; Card[0].State=1; Card[0].RecyBox=0;
2017-12-28 10:03:07 Card[1].CurrSite=2; Card[1].TagSite=3; Card[1].CardNo=1000004; Card[1].State=1; Card[1].RecyBox=0;
2017-12-28 10:03:07 Card[2].CurrSite=1; Card[2].TagSite=2; Card[2].CardNo=1000005; Card[2].State=1; Card[2].RecyBox=0;
2017-12-28 10:03:07 Card[3].CurrSite=0; Card[3].TagSite=3; Card[3].CardNo=0; Card[3].State=0; Card[3].RecyBox=0;
2017-12-28 10:03:07 Card[4].CurrSite=0; Card[4].TagSite=3; Card[4].CardNo=0; Card[4].State=0; Card[4].RecyBox=0;
2017-12-28 10:03:07 Card[5].CurrSite=0; Card[5].TagSite=3; Card[5].CardNo=0; Card[5].State=0; Card[5].RecyBox=0;
2017-12-28 10:03:07 Card[6].CurrSite=0; Card[6].TagSite=3; Card[6].CardNo=0; Card[6].State=0; Card[6].RecyBox=0;
2017-12-28 10:03:07 Call ACCAPI_MoveCard() Status:
2017-12-28 10:03:07 Card[0].CurrSite=3; Card[0].TagSite=3; Card[0].CardNo=1000003; Card[0].State=1; Card[0].RecyBox=0;
2017-12-28 10:03:07 Card[1].CurrSite=2; Card[1].TagSite=3; Card[1].CardNo=1000004; Card[1].State=1; Card[1].RecyBox=0;
2017-12-28 10:03:07 Card[2].CurrSite=1; Card[2].TagSite=2; Card[2].CardNo=1000005; Card[2].State=1; Card[2].RecyBox=0;
2017-12-28 10:03:07 Card[3].CurrSite=0; Card[3].TagSite=3; Card[3].CardNo=0; Card[3].State=0; Card[3].RecyBox=0;
2017-12-28 10:03:07 Card[4].CurrSite=0; Card[4].TagSite=3; Card[4].CardNo=0; Card[4].State=0; Card[4].RecyBox=0;
2017-12-28 10:03:07 Card[5].CurrSite=0; Card[5].TagSite=3; Card[5].CardNo=0; Card[5].State=0; Card[5].RecyBox=0;
2017-12-28 10:03:07 Card[6].CurrSite=0; Card[6].TagSite=3; Card[6].CardNo=0; Card[6].State=0; Card[6].RecyBox=0;
2017-12-28 10:03:07 走卡之前
2017-12-28 10:03:07 电磁铁状态：0x1
2017-12-28 10:03:07 走卡前开始结束状态：0x70  0x30
2017-12-28 10:03:08 走卡成功
2017-12-28 10:03:08 Card[0].CurrSite=0; Card[0].TagSite=0; Card[0].CardNo=1000003; Card[0].State=2; Card[0].RecyBox=1;
2017-12-28 10:03:08 Card[1].CurrSite=3; Card[1].TagSite=3; Card[1].CardNo=1000004; Card[1].State=1; Card[1].RecyBox=0;
2017-12-28 10:03:08 Card[2].CurrSite=2; Card[2].TagSite=2; Card[2].CardNo=1000005; Card[2].State=1; Card[2].RecyBox=0;
2017-12-28 10:03:08 Card[3].CurrSite=0; Card[3].TagSite=3; Card[3].CardNo=0; Card[3].State=0; Card[3].RecyBox=0;
2017-12-28 10:03:08 Card[4].CurrSite=0; Card[4].TagSite=3; Card[4].CardNo=0; Card[4].State=0; Card[4].RecyBox=0;
2017-12-28 10:03:08 Card[5].CurrSite=0; Card[5].TagSite=3; Card[5].CardNo=0; Card[5].State=0; Card[5].RecyBox=0;
2017-12-28 10:03:08 Card[6].CurrSite=0; Card[6].TagSite=3; Card[6].CardNo=0; Card[6].State=0; Card[6].RecyBox=0;
2017-12-28 10:03:08 走卡后开始结束状态：0x70  0x30
2017-12-28 10:03:08 Call ACCAPI_SendCard() Status:
2017-12-28 10:03:08 Card[0].CurrSite=0; Card[0].TagSite=3; Card[0].CardNo=1000003; Card[0].State=2; Card[0].RecyBox=1;
2017-12-28 10:03:08 Card[1].CurrSite=3; Card[1].TagSite=3; Card[1].CardNo=1000004; Card[1].State=1; Card[1].RecyBox=0;
2017-12-28 10:03:08 Card[2].CurrSite=2; Card[2].TagSite=3; Card[2].CardNo=1000005; Card[2].State=1; Card[2].RecyBox=0;
2017-12-28 10:03:08 Card[3].CurrSite=0; Card[3].TagSite=3; Card[3].CardNo=0; Card[3].State=0; Card[3].RecyBox=0;
2017-12-28 10:03:08 Card[4].CurrSite=0; Card[4].TagSite=3; Card[4].CardNo=0; Card[4].State=0; Card[4].RecyBox=0;
2017-12-28 10:03:08 Card[5].CurrSite=0; Card[5].TagSite=3; Card[5].CardNo=0; Card[5].State=0; Card[5].RecyBox=0;
2017-12-28 10:03:08 Card[6].CurrSite=0; Card[6].TagSite=3; Card[6].CardNo=0; Card[6].State=0; Card[6].RecyBox=0;
2017-12-28 10:03:08 发卡成功
2017-12-28 10:03:08 Card[0].CurrSite=1; Card[0].TagSite=2; Card[0].CardNo=1000006; Card[0].State=1; Card[0].RecyBox=0;
2017-12-28 10:03:08 Card[1].CurrSite=3; Card[1].TagSite=3; Card[1].CardNo=1000004; Card[1].State=1; Card[1].RecyBox=0;
2017-12-28 10:03:08 Card[2].CurrSite=2; Card[2].TagSite=3; Card[2].CardNo=1000005; Card[2].State=1; Card[2].RecyBox=0;
2017-12-28 10:03:08 Card[3].CurrSite=0; Card[3].TagSite=3; Card[3].CardNo=0; Card[3].State=0; Card[3].RecyBox=0;
2017-12-28 10:03:08 Card[4].CurrSite=0; Card[4].TagSite=3; Card[4].CardNo=0; Card[4].State=0; Card[4].RecyBox=0;
2017-12-28 10:03:08 Card[5].CurrSite=0; Card[5].TagSite=3; Card[5].CardNo=0; Card[5].State=0; Card[5].RecyBox=0;
2017-12-28 10:03:08 Card[6].CurrSite=0; Card[6].TagSite=3; Card[6].CardNo=0; Card[6].State=0; Card[6].RecyBox=0;
2017-12-28 10:03:08 Call ACCAPI_MoveCard() Status:
2017-12-28 10:03:08 Card[0].CurrSite=1; Card[0].TagSite=2; Card[0].CardNo=1000006; Card[0].State=1; Card[0].RecyBox=0;
2017-12-28 10:03:08 Card[1].CurrSite=3; Card[1].TagSite=3; Card[1].CardNo=1000004; Card[1].State=1; Card[1].RecyBox=0;
2017-12-28 10:03:08 Card[2].CurrSite=2; Card[2].TagSite=3; Card[2].CardNo=1000005; Card[2].State=1; Card[2].RecyBox=0;
2017-12-28 10:03:08 Card[3].CurrSite=0; Card[3].TagSite=3; Card[3].CardNo=0; Card[3].State=0; Card[3].RecyBox=0;
2017-12-28 10:03:08 Card[4].CurrSite=0; Card[4].TagSite=3; Card[4].CardNo=0; Card[4].State=0; Card[4].RecyBox=0;
2017-12-28 10:03:08 Card[5].CurrSite=0; Card[5].TagSite=3; Card[5].CardNo=0; Card[5].State=0; Card[5].RecyBox=0;
2017-12-28 10:03:08 Card[6].CurrSite=0; Card[6].TagSite=3; Card[6].CardNo=0; Card[6].State=0; Card[6].RecyBox=0;
2017-12-28 10:03:08 走卡之前
2017-12-28 10:03:08 电磁铁状态：0x1
2017-12-28 10:03:08 走卡前开始结束状态：0x70  0x30
2017-12-28 10:03:09 走卡成功
2017-12-28 10:03:09 Card[0].CurrSite=2; Card[0].TagSite=2; Card[0].CardNo=1000006; Card[0].State=1; Card[0].RecyBox=0;
2017-12-28 10:03:09 Card[1].CurrSite=0; Card[1].TagSite=0; Card[1].CardNo=1000004; Card[1].State=2; Card[1].RecyBox=1;
2017-12-28 10:03:09 Card[2].CurrSite=3; Card[2].TagSite=3; Card[2].CardNo=1000005; Card[2].State=1; Card[2].RecyBox=0;
2017-12-28 10:03:09 Card[3].CurrSite=0; Card[3].TagSite=3; Card[3].CardNo=0; Card[3].State=0; Card[3].RecyBox=0;
2017-12-28 10:03:09 Card[4].CurrSite=0; Card[4].TagSite=3; Card[4].CardNo=0; Card[4].State=0; Card[4].RecyBox=0;
2017-12-28 10:03:09 Card[5].CurrSite=0; Card[5].TagSite=3; Card[5].CardNo=0; Card[5].State=0; Card[5].RecyBox=0;
2017-12-28 10:03:09 Card[6].CurrSite=0; Card[6].TagSite=3; Card[6].CardNo=0; Card[6].State=0; Card[6].RecyBox=0;
2017-12-28 10:03:09 走卡后开始结束状态：0x70  0x30
2017-12-28 10:03:09 Call ACCAPI_SendCard() Status:
2017-12-28 10:03:09 Card[0].CurrSite=2; Card[0].TagSite=3; Card[0].CardNo=1000006; Card[0].State=1; Card[0].RecyBox=0;
2017-12-28 10:03:09 Card[1].CurrSite=0; Card[1].TagSite=3; Card[1].CardNo=1000004; Card[1].State=2; Card[1].RecyBox=1;
2017-12-28 10:03:09 Card[2].CurrSite=3; Card[2].TagSite=3; Card[2].CardNo=1000005; Card[2].State=1; Card[2].RecyBox=0;
2017-12-28 10:03:09 Card[3].CurrSite=0; Card[3].TagSite=3; Card[3].CardNo=0; Card[3].State=0; Card[3].RecyBox=0;
2017-12-28 10:03:09 Card[4].CurrSite=0; Card[4].TagSite=3; Card[4].CardNo=0; Card[4].State=0; Card[4].RecyBox=0;
2017-12-28 10:03:09 Card[5].CurrSite=0; Card[5].TagSite=3; Card[5].CardNo=0; Card[5].State=0; Card[5].RecyBox=0;
2017-12-28 10:03:09 Card[6].CurrSite=0; Card[6].TagSite=3; Card[6].CardNo=0; Card[6].State=0; Card[6].RecyBox=0;
2017-12-28 10:03:09 发卡成功
2017-12-28 10:03:09 Card[0].CurrSite=2; Card[0].TagSite=3; Card[0].CardNo=1000006; Card[0].State=1; Card[0].RecyBox=0;
2017-12-28 10:03:09 Card[1].CurrSite=1; Card[1].TagSite=2; Card[1].CardNo=1000007; Card[1].State=1; Card[1].RecyBox=0;
2017-12-28 10:03:09 Card[2].CurrSite=3; Card[2].TagSite=3; Card[2].CardNo=1000005; Card[2].State=1; Card[2].RecyBox=0;
2017-12-28 10:03:09 Card[3].CurrSite=0; Card[3].TagSite=3; Card[3].CardNo=0; Card[3].State=0; Card[3].RecyBox=0;
2017-12-28 10:03:09 Card[4].CurrSite=0; Card[4].TagSite=3; Card[4].CardNo=0; Card[4].State=0; Card[4].RecyBox=0;
2017-12-28 10:03:09 Card[5].CurrSite=0; Card[5].TagSite=3; Card[5].CardNo=0; Card[5].State=0; Card[5].RecyBox=0;
2017-12-28 10:03:09 Card[6].CurrSite=0; Card[6].TagSite=3; Card[6].CardNo=0; Card[6].State=0; Card[6].RecyBox=0;
2017-12-28 10:03:09 Call ACCAPI_MoveCard() Status:
2017-12-28 10:03:09 Card[0].CurrSite=2; Card[0].TagSite=3; Card[0].CardNo=1000006; Card[0].State=1; Card[0].RecyBox=0;
2017-12-28 10:03:09 Card[1].CurrSite=1; Card[1].TagSite=2; Card[1].CardNo=1000007; Card[1].State=1; Card[1].RecyBox=0;
2017-12-28 10:03:09 Card[2].CurrSite=3; Card[2].TagSite=3; Card[2].CardNo=1000005; Card[2].State=1; Card[2].RecyBox=0;
2017-12-28 10:03:09 Card[3].CurrSite=0; Card[3].TagSite=3; Card[3].CardNo=0; Card[3].State=0; Card[3].RecyBox=0;
2017-12-28 10:03:09 Card[4].CurrSite=0; Card[4].TagSite=3; Card[4].CardNo=0; Card[4].State=0; Card[4].RecyBox=0;
2017-12-28 10:03:09 Card[5].CurrSite=0; Card[5].TagSite=3; Card[5].CardNo=0; Card[5].State=0; Card[5].RecyBox=0;
2017-12-28 10:03:09 Card[6].CurrSite=0; Card[6].TagSite=3; Card[6].CardNo=0; Card[6].State=0; Card[6].RecyBox=0;
2017-12-28 10:03:09 走卡之前
2017-12-28 10:03:09 电磁铁状态：0x1
2017-12-28 10:03:09 走卡前开始结束状态：0x70  0x30
2017-12-28 10:03:10 走卡成功
2017-12-28 10:03:10 Card[0].CurrSite=3; Card[0].TagSite=3; Card[0].CardNo=1000006; Card[0].State=1; Card[0].RecyBox=0;
2017-12-28 10:03:10 Card[1].CurrSite=2; Card[1].TagSite=2; Card[1].CardNo=1000007; Card[1].State=1; Card[1].RecyBox=0;
2017-12-28 10:03:10 Card[2].CurrSite=0; Card[2].TagSite=0; Card[2].CardNo=1000005; Card[2].State=2; Card[2].RecyBox=1;
2017-12-28 10:03:10 Card[3].CurrSite=0; Card[3].TagSite=3; Card[3].CardNo=0; Card[3].State=0; Card[3].RecyBox=0;
2017-12-28 10:03:10 Card[4].CurrSite=0; Card[4].TagSite=3; Card[4].CardNo=0; Card[4].State=0; Card[4].RecyBox=0;
2017-12-28 10:03:10 Card[5].CurrSite=0; Card[5].TagSite=3; Card[5].CardNo=0; Card[5].State=0; Card[5].RecyBox=0;
2017-12-28 10:03:10 Card[6].CurrSite=0; Card[6].TagSite=3; Card[6].CardNo=0; Card[6].State=0; Card[6].RecyBox=0;
2017-12-28 10:03:10 走卡后开始结束状态：0x70  0x30
2017-12-28 10:03:10 Call ACCAPI_SendCard() Status:
2017-12-28 10:03:10 Card[0].CurrSite=3; Card[0].TagSite=3; Card[0].CardNo=1000006; Card[0].State=1; Card[0].RecyBox=0;
2017-12-28 10:03:10 Card[1].CurrSite=2; Card[1].TagSite=3; Card[1].CardNo=1000007; Card[1].State=1; Card[1].RecyBox=0;
2017-12-28 10:03:10 Card[2].CurrSite=0; Card[2].TagSite=3; Card[2].CardNo=1000005; Card[2].State=2; Card[2].RecyBox=1;
2017-12-28 10:03:10 Card[3].CurrSite=0; Card[3].TagSite=3; Card[3].CardNo=0; Card[3].State=0; Card[3].RecyBox=0;
2017-12-28 10:03:10 Card[4].CurrSite=0; Card[4].TagSite=3; Card[4].CardNo=0; Card[4].State=0; Card[4].RecyBox=0;
2017-12-28 10:03:10 Card[5].CurrSite=0; Card[5].TagSite=3; Card[5].CardNo=0; Card[5].State=0; Card[5].RecyBox=0;
2017-12-28 10:03:10 Card[6].CurrSite=0; Card[6].TagSite=3; Card[6].CardNo=0; Card[6].State=0; Card[6].RecyBox=0;
2017-12-28 10:03:10 发卡成功
2017-12-28 10:03:10 Card[0].CurrSite=3; Card[0].TagSite=3; Card[0].CardNo=1000006; Card[0].State=1; Card[0].RecyBox=0;
2017-12-28 10:03:10 Card[1].CurrSite=2; Card[1].TagSite=3; Card[1].CardNo=1000007; Card[1].State=1; Card[1].RecyBox=0;
2017-12-28 10:03:10 Card[2].CurrSite=1; Card[2].TagSite=2; Card[2].CardNo=1000008; Card[2].State=1; Card[2].RecyBox=0;
2017-12-28 10:03:10 Card[3].CurrSite=0; Card[3].TagSite=3; Card[3].CardNo=0; Card[3].State=0; Card[3].RecyBox=0;
2017-12-28 10:03:10 Card[4].CurrSite=0; Card[4].TagSite=3; Card[4].CardNo=0; Card[4].State=0; Card[4].RecyBox=0;
2017-12-28 10:03:10 Card[5].CurrSite=0; Card[5].TagSite=3; Card[5].CardNo=0; Card[5].State=0; Card[5].RecyBox=0;
2017-12-28 10:03:10 Card[6].CurrSite=0; Card[6].TagSite=3; Card[6].CardNo=0; Card[6].State=0; Card[6].RecyBox=0;
2017-12-28 10:03:10 Call ACCAPI_MoveCard() Status:
2017-12-28 10:03:10 Card[0].CurrSite=3; Card[0].TagSite=3; Card[0].CardNo=1000006; Card[0].State=1; Card[0].RecyBox=0;
2017-12-28 10:03:10 Card[1].CurrSite=2; Card[1].TagSite=3; Card[1].CardNo=1000007; Card[1].State=1; Card[1].RecyBox=0;
2017-12-28 10:03:10 Card[2].CurrSite=1; Card[2].TagSite=2; Card[2].CardNo=1000008; Card[2].State=1; Card[2].RecyBox=0;
2017-12-28 10:03:10 Card[3].CurrSite=0; Card[3].TagSite=3; Card[3].CardNo=0; Card[3].State=0; Card[3].RecyBox=0;
2017-12-28 10:03:10 Card[4].CurrSite=0; Card[4].TagSite=3; Card[4].CardNo=0; Card[4].State=0; Card[4].RecyBox=0;
2017-12-28 10:03:10 Card[5].CurrSite=0; Card[5].TagSite=3; Card[5].CardNo=0; Card[5].State=0; Card[5].RecyBox=0;
2017-12-28 10:03:10 Card[6].CurrSite=0; Card[6].TagSite=3; Card[6].CardNo=0; Card[6].State=0; Card[6].RecyBox=0;
2017-12-28 10:03:10 走卡之前
2017-12-28 10:03:10 电磁铁状态：0x1
2017-12-28 10:03:10 走卡前开始结束状态：0x70  0x30
2017-12-28 10:03:10 走卡成功
2017-12-28 10:03:10 Card[0].CurrSite=0; Card[0].TagSite=0; Card[0].CardNo=1000006; Card[0].State=2; Card[0].RecyBox=1;
2017-12-28 10:03:10 Card[1].CurrSite=3; Card[1].TagSite=3; Card[1].CardNo=1000007; Card[1].State=1; Card[1].RecyBox=0;
2017-12-28 10:03:10 Card[2].CurrSite=2; Card[2].TagSite=2; Card[2].CardNo=1000008; Card[2].State=1; Card[2].RecyBox=0;
2017-12-28 10:03:10 Card[3].CurrSite=0; Card[3].TagSite=3; Card[3].CardNo=0; Card[3].State=0; Card[3].RecyBox=0;
2017-12-28 10:03:10 Card[4].CurrSite=0; Card[4].TagSite=3; Card[4].CardNo=0; Card[4].State=0; Card[4].RecyBox=0;
2017-12-28 10:03:10 Card[5].CurrSite=0; Card[5].TagSite=3; Card[5].CardNo=0; Card[5].State=0; Card[5].RecyBox=0;
2017-12-28 10:03:10 Card[6].CurrSite=0; Card[6].TagSite=3; Card[6].CardNo=0; Card[6].State=0; Card[6].RecyBox=0;
2017-12-28 10:03:10 走卡后开始结束状态：0x70  0x30
2017-12-28 10:03:10 Call ACCAPI_SendCard() Status:
2017-12-28 10:03:10 Card[0].CurrSite=0; Card[0].TagSite=3; Card[0].CardNo=1000006; Card[0].State=2; Card[0].RecyBox=1;
2017-12-28 10:03:10 Card[1].CurrSite=3; Card[1].TagSite=3; Card[1].CardNo=1000007; Card[1].State=1; Card[1].RecyBox=0;
2017-12-28 10:03:10 Card[2].CurrSite=2; Card[2].TagSite=3; Card[2].CardNo=1000008; Card[2].State=1; Card[2].RecyBox=0;
2017-12-28 10:03:10 Card[3].CurrSite=0; Card[3].TagSite=3; Card[3].CardNo=0; Card[3].State=0; Card[3].RecyBox=0;
2017-12-28 10:03:10 Card[4].CurrSite=0; Card[4].TagSite=3; Card[4].CardNo=0; Card[4].State=0; Card[4].RecyBox=0;
2017-12-28 10:03:10 Card[5].CurrSite=0; Card[5].TagSite=3; Card[5].CardNo=0; Card[5].State=0; Card[5].RecyBox=0;
2017-12-28 10:03:10 Card[6].CurrSite=0; Card[6].TagSite=3; Card[6].CardNo=0; Card[6].State=0; Card[6].RecyBox=0;
2017-12-28 10:03:11 发卡成功
2017-12-28 10:03:11 Card[0].CurrSite=1; Card[0].TagSite=2; Card[0].CardNo=1000009; Card[0].State=1; Card[0].RecyBox=0;
2017-12-28 10:03:11 Card[1].CurrSite=3; Card[1].TagSite=3; Card[1].CardNo=1000007; Card[1].State=1; Card[1].RecyBox=0;
2017-12-28 10:03:11 Card[2].CurrSite=2; Card[2].TagSite=3; Card[2].CardNo=1000008; Card[2].State=1; Card[2].RecyBox=0;
2017-12-28 10:03:11 Card[3].CurrSite=0; Card[3].TagSite=3; Card[3].CardNo=0; Card[3].State=0; Card[3].RecyBox=0;
2017-12-28 10:03:11 Card[4].CurrSite=0; Card[4].TagSite=3; Card[4].CardNo=0; Card[4].State=0; Card[4].RecyBox=0;
2017-12-28 10:03:11 Card[5].CurrSite=0; Card[5].TagSite=3; Card[5].CardNo=0; Card[5].State=0; Card[5].RecyBox=0;
2017-12-28 10:03:11 Card[6].CurrSite=0; Card[6].TagSite=3; Card[6].CardNo=0; Card[6].State=0; Card[6].RecyBox=0;
2017-12-28 10:03:11 Call ACCAPI_MoveCard() Status:
2017-12-28 10:03:11 Card[0].CurrSite=1; Card[0].TagSite=2; Card[0].CardNo=1000009; Card[0].State=1; Card[0].RecyBox=0;
2017-12-28 10:03:11 Card[1].CurrSite=3; Card[1].TagSite=3; Card[1].CardNo=1000007; Card[1].State=1; Card[1].RecyBox=0;
2017-12-28 10:03:11 Card[2].CurrSite=2; Card[2].TagSite=3; Card[2].CardNo=1000008; Card[2].State=1; Card[2].RecyBox=0;
2017-12-28 10:03:11 Card[3].CurrSite=0; Card[3].TagSite=3; Card[3].CardNo=0; Card[3].State=0; Card[3].RecyBox=0;
2017-12-28 10:03:11 Card[4].CurrSite=0; Card[4].TagSite=3; Card[4].CardNo=0; Card[4].State=0; Card[4].RecyBox=0;
2017-12-28 10:03:11 Card[5].CurrSite=0; Card[5].TagSite=3; Card[5].CardNo=0; Card[5].State=0; Card[5].RecyBox=0;
2017-12-28 10:03:11 Card[6].CurrSite=0; Card[6].TagSite=3; Card[6].CardNo=0; Card[6].State=0; Card[6].RecyBox=0;
2017-12-28 10:03:11 走卡之前
2017-12-28 10:03:11 电磁铁状态：0x1
2017-12-28 10:03:11 走卡前开始结束状态：0x70  0x30
2017-12-28 10:03:11 走卡成功
2017-12-28 10:03:11 Card[0].CurrSite=2; Card[0].TagSite=2; Card[0].CardNo=1000009; Card[0].State=1; Card[0].RecyBox=0;
2017-12-28 10:03:11 Card[1].CurrSite=0; Card[1].TagSite=0; Card[1].CardNo=1000007; Card[1].State=2; Card[1].RecyBox=1;
2017-12-28 10:03:11 Card[2].CurrSite=3; Card[2].TagSite=3; Card[2].CardNo=1000008; Card[2].State=1; Card[2].RecyBox=0;
2017-12-28 10:03:11 Card[3].CurrSite=0; Card[3].TagSite=3; Card[3].CardNo=0; Card[3].State=0; Card[3].RecyBox=0;
2017-12-28 10:03:11 Card[4].CurrSite=0; Card[4].TagSite=3; Card[4].CardNo=0; Card[4].State=0; Card[4].RecyBox=0;
2017-12-28 10:03:11 Card[5].CurrSite=0; Card[5].TagSite=3; Card[5].CardNo=0; Card[5].State=0; Card[5].RecyBox=0;
2017-12-28 10:03:11 Card[6].CurrSite=0; Card[6].TagSite=3; Card[6].CardNo=0; Card[6].State=0; Card[6].RecyBox=0;
2017-12-28 10:03:11 走卡后开始结束状态：0x70  0x30
2017-12-28 10:03:11 Call ACCAPI_SendCard() Status:
2017-12-28 10:03:11 Card[0].CurrSite=2; Card[0].TagSite=3; Card[0].CardNo=1000009; Card[0].State=1; Card[0].RecyBox=0;
2017-12-28 10:03:11 Card[1].CurrSite=0; Card[1].TagSite=3; Card[1].CardNo=1000007; Card[1].State=2; Card[1].RecyBox=1;
2017-12-28 10:03:11 Card[2].CurrSite=3; Card[2].TagSite=3; Card[2].CardNo=1000008; Card[2].State=1; Card[2].RecyBox=0;
2017-12-28 10:03:11 Card[3].CurrSite=0; Card[3].TagSite=3; Card[3].CardNo=0; Card[3].State=0; Card[3].RecyBox=0;
2017-12-28 10:03:11 Card[4].CurrSite=0; Card[4].TagSite=3; Card[4].CardNo=0; Card[4].State=0; Card[4].RecyBox=0;
2017-12-28 10:03:11 Card[5].CurrSite=0; Card[5].TagSite=3; Card[5].CardNo=0; Card[5].State=0; Card[5].RecyBox=0;
2017-12-28 10:03:11 Card[6].CurrSite=0; Card[6].TagSite=3; Card[6].CardNo=0; Card[6].State=0; Card[6].RecyBox=0;
2017-12-28 10:03:12 发卡成功
2017-12-28 10:03:12 Card[0].CurrSite=2; Card[0].TagSite=3; Card[0].CardNo=1000009; Card[0].State=1; Card[0].RecyBox=0;
2017-12-28 10:03:12 Card[1].CurrSite=1; Card[1].TagSite=2; Card[1].CardNo=1000010; Card[1].State=1; Card[1].RecyBox=0;
2017-12-28 10:03:12 Card[2].CurrSite=3; Card[2].TagSite=3; Card[2].CardNo=1000008; Card[2].State=1; Card[2].RecyBox=0;
2017-12-28 10:03:12 Card[3].CurrSite=0; Card[3].TagSite=3; Card[3].CardNo=0; Card[3].State=0; Card[3].RecyBox=0;
2017-12-28 10:03:12 Card[4].CurrSite=0; Card[4].TagSite=3; Card[4].CardNo=0; Card[4].State=0; Card[4].RecyBox=0;
2017-12-28 10:03:12 Card[5].CurrSite=0; Card[5].TagSite=3; Card[5].CardNo=0; Card[5].State=0; Card[5].RecyBox=0;
2017-12-28 10:03:12 Card[6].CurrSite=0; Card[6].TagSite=3; Card[6].CardNo=0; Card[6].State=0; Card[6].RecyBox=0;
2017-12-28 10:03:12 Call ACCAPI_MoveCard() Status:
2017-12-28 10:03:12 Card[0].CurrSite=2; Card[0].TagSite=3; Card[0].CardNo=1000009; Card[0].State=1; Card[0].RecyBox=0;
2017-12-28 10:03:12 Card[1].CurrSite=1; Card[1].TagSite=2; Card[1].CardNo=1000010; Card[1].State=1; Card[1].RecyBox=0;
2017-12-28 10:03:12 Card[2].CurrSite=3; Card[2].TagSite=3; Card[2].CardNo=1000008; Card[2].State=1; Card[2].RecyBox=0;
2017-12-28 10:03:12 Card[3].CurrSite=0; Card[3].TagSite=3; Card[3].CardNo=0; Card[3].State=0; Card[3].RecyBox=0;
2017-12-28 10:03:12 Card[4].CurrSite=0; Card[4].TagSite=3; Card[4].CardNo=0; Card[4].State=0; Card[4].RecyBox=0;
2017-12-28 10:03:12 Card[5].CurrSite=0; Card[5].TagSite=3; Card[5].CardNo=0; Card[5].State=0; Card[5].RecyBox=0;
2017-12-28 10:03:12 Card[6].CurrSite=0; Card[6].TagSite=3; Card[6].CardNo=0; Card[6].State=0; Card[6].RecyBox=0;
2017-12-28 10:03:12 走卡之前
2017-12-28 10:03:12 电磁铁状态：0x1
2017-12-28 10:03:12 走卡前开始结束状态：0x70  0x30
2017-12-28 10:03:12 走卡成功
2017-12-28 10:03:12 Card[0].CurrSite=3; Card[0].TagSite=3; Card[0].CardNo=1000009; Card[0].State=1; Card[0].RecyBox=0;
2017-12-28 10:03:12 Card[1].CurrSite=2; Card[1].TagSite=2; Card[1].CardNo=1000010; Card[1].State=1; Card[1].RecyBox=0;
2017-12-28 10:03:12 Card[2].CurrSite=0; Card[2].TagSite=0; Card[2].CardNo=1000008; Card[2].State=2; Card[2].RecyBox=1;
2017-12-28 10:03:12 Card[3].CurrSite=0; Card[3].TagSite=3; Card[3].CardNo=0; Card[3].State=0; Card[3].RecyBox=0;
2017-12-28 10:03:12 Card[4].CurrSite=0; Card[4].TagSite=3; Card[4].CardNo=0; Card[4].State=0; Card[4].RecyBox=0;
2017-12-28 10:03:12 Card[5].CurrSite=0; Card[5].TagSite=3; Card[5].CardNo=0; Card[5].State=0; Card[5].RecyBox=0;
2017-12-28 10:03:12 Card[6].CurrSite=0; Card[6].TagSite=3; Card[6].CardNo=0; Card[6].State=0; Card[6].RecyBox=0;
2017-12-28 10:03:12 走卡后开始结束状态：0x70  0x30
2017-12-28 10:03:12 Call ACCAPI_SendCard() Status:
2017-12-28 10:03:12 Card[0].CurrSite=3; Card[0].TagSite=3; Card[0].CardNo=1000009; Card[0].State=1; Card[0].RecyBox=0;
2017-12-28 10:03:12 Card[1].CurrSite=2; Card[1].TagSite=3; Card[1].CardNo=1000010; Card[1].State=1; Card[1].RecyBox=0;
2017-12-28 10:03:12 Card[2].CurrSite=0; Card[2].TagSite=3; Card[2].CardNo=1000008; Card[2].State=2; Card[2].RecyBox=1;
2017-12-28 10:03:12 Card[3].CurrSite=0; Card[3].TagSite=3; Card[3].CardNo=0; Card[3].State=0; Card[3].RecyBox=0;
2017-12-28 10:03:12 Card[4].CurrSite=0; Card[4].TagSite=3; Card[4].CardNo=0; Card[4].State=0; Card[4].RecyBox=0;
2017-12-28 10:03:12 Card[5].CurrSite=0; Card[5].TagSite=3; Card[5].CardNo=0; Card[5].State=0; Card[5].RecyBox=0;
2017-12-28 10:03:12 Card[6].CurrSite=0; Card[6].TagSite=3; Card[6].CardNo=0; Card[6].State=0; Card[6].RecyBox=0;
2017-12-28 10:03:13 发卡成功
2017-12-28 10:03:13 Card[0].CurrSite=3; Card[0].TagSite=3; Card[0].CardNo=1000009; Card[0].State=1; Card[0].RecyBox=0;
2017-12-28 10:03:13 Card[1].CurrSite=2; Card[1].TagSite=3; Card[1].CardNo=1000010; Card[1].State=1; Card[1].RecyBox=0;
2017-12-28 10:03:13 Card[2].CurrSite=1; Card[2].TagSite=2; Card[2].CardNo=1000011; Card[2].State=1; Card[2].RecyBox=0;
2017-12-28 10:03:13 Card[3].CurrSite=0; Card[3].TagSite=3; Card[3].CardNo=0; Card[3].State=0; Card[3].RecyBox=0;
2017-12-28 10:03:13 Card[4].CurrSite=0; Card[4].TagSite=3; Card[4].CardNo=0; Card[4].State=0; Card[4].RecyBox=0;
2017-12-28 10:03:13 Card[5].CurrSite=0; Card[5].TagSite=3; Card[5].CardNo=0; Card[5].State=0; Card[5].RecyBox=0;
2017-12-28 10:03:13 Card[6].CurrSite=0; Card[6].TagSite=3; Card[6].CardNo=0; Card[6].State=0; Card[6].RecyBox=0;
2017-12-28 10:03:13 Call ACCAPI_MoveCard() Status:
2017-12-28 10:03:13 Card[0].CurrSite=3; Card[0].TagSite=3; Card[0].CardNo=1000009; Card[0].State=1; Card[0].RecyBox=0;
2017-12-28 10:03:13 Card[1].CurrSite=2; Card[1].TagSite=3; Card[1].CardNo=1000010; Card[1].State=1; Card[1].RecyBox=0;
2017-12-28 10:03:13 Card[2].CurrSite=1; Card[2].TagSite=2; Card[2].CardNo=1000011; Card[2].State=1; Card[2].RecyBox=0;
2017-12-28 10:03:13 Card[3].CurrSite=0; Card[3].TagSite=3; Card[3].CardNo=0; Card[3].State=0; Card[3].RecyBox=0;
2017-12-28 10:03:13 Card[4].CurrSite=0; Card[4].TagSite=3; Card[4].CardNo=0; Card[4].State=0; Card[4].RecyBox=0;
2017-12-28 10:03:13 Card[5].CurrSite=0; Card[5].TagSite=3; Card[5].CardNo=0; Card[5].State=0; Card[5].RecyBox=0;
2017-12-28 10:03:13 Card[6].CurrSite=0; Card[6].TagSite=3; Card[6].CardNo=0; Card[6].State=0; Card[6].RecyBox=0;
2017-12-28 10:03:13 走卡之前
2017-12-28 10:03:13 电磁铁状态：0x1
2017-12-28 10:03:13 走卡前开始结束状态：0x70  0x30
2017-12-28 10:03:13 走卡成功
2017-12-28 10:03:13 Card[0].CurrSite=0; Card[0].TagSite=0; Card[0].CardNo=1000009; Card[0].State=2; Card[0].RecyBox=1;
2017-12-28 10:03:13 Card[1].CurrSite=3; Card[1].TagSite=3; Card[1].CardNo=1000010; Card[1].State=1; Card[1].RecyBox=0;
2017-12-28 10:03:13 Card[2].CurrSite=2; Card[2].TagSite=2; Card[2].CardNo=1000011; Card[2].State=1; Card[2].RecyBox=0;
2017-12-28 10:03:13 Card[3].CurrSite=0; Card[3].TagSite=3; Card[3].CardNo=0; Card[3].State=0; Card[3].RecyBox=0;
2017-12-28 10:03:13 Card[4].CurrSite=0; Card[4].TagSite=3; Card[4].CardNo=0; Card[4].State=0; Card[4].RecyBox=0;
2017-12-28 10:03:13 Card[5].CurrSite=0; Card[5].TagSite=3; Card[5].CardNo=0; Card[5].State=0; Card[5].RecyBox=0;
2017-12-28 10:03:13 Card[6].CurrSite=0; Card[6].TagSite=3; Card[6].CardNo=0; Card[6].State=0; Card[6].RecyBox=0;
2017-12-28 10:03:13 走卡后开始结束状态：0x70  0x30
2017-12-28 10:03:13 Call ACCAPI_SendCard() Status:
2017-12-28 10:03:13 Card[0].CurrSite=0; Card[0].TagSite=3; Card[0].CardNo=1000009; Card[0].State=2; Card[0].RecyBox=1;
2017-12-28 10:03:13 Card[1].CurrSite=3; Card[1].TagSite=3; Card[1].CardNo=1000010; Card[1].State=1; Card[1].RecyBox=0;
2017-12-28 10:03:13 Card[2].CurrSite=2; Card[2].TagSite=3; Card[2].CardNo=1000011; Card[2].State=1; Card[2].RecyBox=0;
2017-12-28 10:03:13 Card[3].CurrSite=0; Card[3].TagSite=3; Card[3].CardNo=0; Card[3].State=0; Card[3].RecyBox=0;
2017-12-28 10:03:13 Card[4].CurrSite=0; Card[4].TagSite=3; Card[4].CardNo=0; Card[4].State=0; Card[4].RecyBox=0;
2017-12-28 10:03:13 Card[5].CurrSite=0; Card[5].TagSite=3; Card[5].CardNo=0; Card[5].State=0; Card[5].RecyBox=0;
2017-12-28 10:03:13 Card[6].CurrSite=0; Card[6].TagSite=3; Card[6].CardNo=0; Card[6].State=0; Card[6].RecyBox=0;
2017-12-28 10:03:14 发卡成功
2017-12-28 10:03:14 Card[0].CurrSite=1; Card[0].TagSite=2; Card[0].CardNo=1000012; Card[0].State=1; Card[0].RecyBox=0;
2017-12-28 10:03:14 Card[1].CurrSite=3; Card[1].TagSite=3; Card[1].CardNo=1000010; Card[1].State=1; Card[1].RecyBox=0;
2017-12-28 10:03:14 Card[2].CurrSite=2; Card[2].TagSite=3; Card[2].CardNo=1000011; Card[2].State=1; Card[2].RecyBox=0;
2017-12-28 10:03:14 Card[3].CurrSite=0; Card[3].TagSite=3; Card[3].CardNo=0; Card[3].State=0; Card[3].RecyBox=0;
2017-12-28 10:03:14 Card[4].CurrSite=0; Card[4].TagSite=3; Card[4].CardNo=0; Card[4].State=0; Card[4].RecyBox=0;
2017-12-28 10:03:14 Card[5].CurrSite=0; Card[5].TagSite=3; Card[5].CardNo=0; Card[5].State=0; Card[5].RecyBox=0;
2017-12-28 10:03:14 Card[6].CurrSite=0; Card[6].TagSite=3; Card[6].CardNo=0; Card[6].State=0; Card[6].RecyBox=0;
2017-12-28 10:03:14 Call ACCAPI_MoveCard() Status:
2017-12-28 10:03:14 Card[0].CurrSite=1; Card[0].TagSite=2; Card[0].CardNo=1000012; Card[0].State=1; Card[0].RecyBox=0;
2017-12-28 10:03:14 Card[1].CurrSite=3; Card[1].TagSite=3; Card[1].CardNo=1000010; Card[1].State=1; Card[1].RecyBox=0;
2017-12-28 10:03:14 Card[2].CurrSite=2; Card[2].TagSite=3; Card[2].CardNo=1000011; Card[2].State=1; Card[2].RecyBox=0;
2017-12-28 10:03:14 Card[3].CurrSite=0; Card[3].TagSite=3; Card[3].CardNo=0; Card[3].State=0; Card[3].RecyBox=0;
2017-12-28 10:03:14 Card[4].CurrSite=0; Card[4].TagSite=3; Card[4].CardNo=0; Card[4].State=0; Card[4].RecyBox=0;
2017-12-28 10:03:14 Card[5].CurrSite=0; Card[5].TagSite=3; Card[5].CardNo=0; Card[5].State=0; Card[5].RecyBox=0;
2017-12-28 10:03:14 Card[6].CurrSite=0; Card[6].TagSite=3; Card[6].CardNo=0; Card[6].State=0; Card[6].RecyBox=0;
2017-12-28 10:03:14 走卡之前
2017-12-28 10:03:14 电磁铁状态：0x1
2017-12-28 10:03:14 走卡前开始结束状态：0x70  0x30
2017-12-28 10:03:14 走卡成功
2017-12-28 10:03:14 Card[0].CurrSite=2; Card[0].TagSite=2; Card[0].CardNo=1000012; Card[0].State=1; Card[0].RecyBox=0;
2017-12-28 10:03:14 Card[1].CurrSite=0; Card[1].TagSite=0; Card[1].CardNo=1000010; Card[1].State=2; Card[1].RecyBox=1;
2017-12-28 10:03:14 Card[2].CurrSite=3; Card[2].TagSite=3; Card[2].CardNo=1000011; Card[2].State=1; Card[2].RecyBox=0;
2017-12-28 10:03:14 Card[3].CurrSite=0; Card[3].TagSite=3; Card[3].CardNo=0; Card[3].State=0; Card[3].RecyBox=0;
2017-12-28 10:03:14 Card[4].CurrSite=0; Card[4].TagSite=3; Card[4].CardNo=0; Card[4].State=0; Card[4].RecyBox=0;
2017-12-28 10:03:14 Card[5].CurrSite=0; Card[5].TagSite=3; Card[5].CardNo=0; Card[5].State=0; Card[5].RecyBox=0;
2017-12-28 10:03:14 Card[6].CurrSite=0; Card[6].TagSite=3; Card[6].CardNo=0; Card[6].State=0; Card[6].RecyBox=0;
2017-12-28 10:03:14 走卡后开始结束状态：0x70  0x30
2017-12-28 10:03:14 Call ACCAPI_SendCard() Status:
2017-12-28 10:03:14 Card[0].CurrSite=2; Card[0].TagSite=3; Card[0].CardNo=1000012; Card[0].State=1; Card[0].RecyBox=0;
2017-12-28 10:03:14 Card[1].CurrSite=0; Card[1].TagSite=3; Card[1].CardNo=1000010; Card[1].State=2; Card[1].RecyBox=1;
2017-12-28 10:03:14 Card[2].CurrSite=3; Card[2].TagSite=3; Card[2].CardNo=1000011; Card[2].State=1; Card[2].RecyBox=0;
2017-12-28 10:03:14 Card[3].CurrSite=0; Card[3].TagSite=3; Card[3].CardNo=0; Card[3].State=0; Card[3].RecyBox=0;
2017-12-28 10:03:14 Card[4].CurrSite=0; Card[4].TagSite=3; Card[4].CardNo=0; Card[4].State=0; Card[4].RecyBox=0;
2017-12-28 10:03:14 Card[5].CurrSite=0; Card[5].TagSite=3; Card[5].CardNo=0; Card[5].State=0; Card[5].RecyBox=0;
2017-12-28 10:03:14 Card[6].CurrSite=0; Card[6].TagSite=3; Card[6].CardNo=0; Card[6].State=0; Card[6].RecyBox=0;
2017-12-28 10:03:15 发卡成功
2017-12-28 10:03:15 Card[0].CurrSite=2; Card[0].TagSite=3; Card[0].CardNo=1000012; Card[0].State=1; Card[0].RecyBox=0;
2017-12-28 10:03:15 Card[1].CurrSite=1; Card[1].TagSite=2; Card[1].CardNo=1000013; Card[1].State=1; Card[1].RecyBox=0;
2017-12-28 10:03:15 Card[2].CurrSite=3; Card[2].TagSite=3; Card[2].CardNo=1000011; Card[2].State=1; Card[2].RecyBox=0;
2017-12-28 10:03:15 Card[3].CurrSite=0; Card[3].TagSite=3; Card[3].CardNo=0; Card[3].State=0; Card[3].RecyBox=0;
2017-12-28 10:03:15 Card[4].CurrSite=0; Card[4].TagSite=3; Card[4].CardNo=0; Card[4].State=0; Card[4].RecyBox=0;
2017-12-28 10:03:15 Card[5].CurrSite=0; Card[5].TagSite=3; Card[5].CardNo=0; Card[5].State=0; Card[5].RecyBox=0;
2017-12-28 10:03:15 Card[6].CurrSite=0; Card[6].TagSite=3; Card[6].CardNo=0; Card[6].State=0; Card[6].RecyBox=0;
2017-12-28 10:03:15 Call ACCAPI_MoveCard() Status:
2017-12-28 10:03:15 Card[0].CurrSite=2; Card[0].TagSite=3; Card[0].CardNo=1000012; Card[0].State=1; Card[0].RecyBox=0;
2017-12-28 10:03:15 Card[1].CurrSite=1; Card[1].TagSite=2; Card[1].CardNo=1000013; Card[1].State=1; Card[1].RecyBox=0;
2017-12-28 10:03:15 Card[2].CurrSite=3; Card[2].TagSite=3; Card[2].CardNo=1000011; Card[2].State=1; Card[2].RecyBox=0;
2017-12-28 10:03:15 Card[3].CurrSite=0; Card[3].TagSite=3; Card[3].CardNo=0; Card[3].State=0; Card[3].RecyBox=0;
2017-12-28 10:03:15 Card[4].CurrSite=0; Card[4].TagSite=3; Card[4].CardNo=0; Card[4].State=0; Card[4].RecyBox=0;
2017-12-28 10:03:15 Card[5].CurrSite=0; Card[5].TagSite=3; Card[5].CardNo=0; Card[5].State=0; Card[5].RecyBox=0;
2017-12-28 10:03:15 Card[6].CurrSite=0; Card[6].TagSite=3; Card[6].CardNo=0; Card[6].State=0; Card[6].RecyBox=0;
2017-12-28 10:03:15 走卡之前
2017-12-28 10:03:15 电磁铁状态：0x1
2017-12-28 10:03:15 走卡前开始结束状态：0x70  0x30
2017-12-28 10:03:15 走卡成功
2017-12-28 10:03:15 Card[0].CurrSite=3; Card[0].TagSite=3; Card[0].CardNo=1000012; Card[0].State=1; Card[0].RecyBox=0;
2017-12-28 10:03:15 Card[1].CurrSite=2; Card[1].TagSite=2; Card[1].CardNo=1000013; Card[1].State=1; Card[1].RecyBox=0;
2017-12-28 10:03:15 Card[2].CurrSite=0; Card[2].TagSite=0; Card[2].CardNo=1000011; Card[2].State=2; Card[2].RecyBox=1;
2017-12-28 10:03:15 Card[3].CurrSite=0; Card[3].TagSite=3; Card[3].CardNo=0; Card[3].State=0; Card[3].RecyBox=0;
2017-12-28 10:03:15 Card[4].CurrSite=0; Card[4].TagSite=3; Card[4].CardNo=0; Card[4].State=0; Card[4].RecyBox=0;
2017-12-28 10:03:15 Card[5].CurrSite=0; Card[5].TagSite=3; Card[5].CardNo=0; Card[5].State=0; Card[5].RecyBox=0;
2017-12-28 10:03:15 Card[6].CurrSite=0; Card[6].TagSite=3; Card[6].CardNo=0; Card[6].State=0; Card[6].RecyBox=0;
2017-12-28 10:03:15 走卡后开始结束状态：0x70  0x30
2017-12-28 10:03:15 Call ACCAPI_SendCard() Status:
2017-12-28 10:03:15 Card[0].CurrSite=3; Card[0].TagSite=3; Card[0].CardNo=1000012; Card[0].State=1; Card[0].RecyBox=0;
2017-12-28 10:03:15 Card[1].CurrSite=2; Card[1].TagSite=3; Card[1].CardNo=1000013; Card[1].State=1; Card[1].RecyBox=0;
2017-12-28 10:03:15 Card[2].CurrSite=0; Card[2].TagSite=3; Card[2].CardNo=1000011; Card[2].State=2; Card[2].RecyBox=1;
2017-12-28 10:03:15 Card[3].CurrSite=0; Card[3].TagSite=3; Card[3].CardNo=0; Card[3].State=0; Card[3].RecyBox=0;
2017-12-28 10:03:15 Card[4].CurrSite=0; Card[4].TagSite=3; Card[4].CardNo=0; Card[4].State=0; Card[4].RecyBox=0;
2017-12-28 10:03:15 Card[5].CurrSite=0; Card[5].TagSite=3; Card[5].CardNo=0; Card[5].State=0; Card[5].RecyBox=0;
2017-12-28 10:03:15 Card[6].CurrSite=0; Card[6].TagSite=3; Card[6].CardNo=0; Card[6].State=0; Card[6].RecyBox=0;
2017-12-28 10:03:16 发卡成功
2017-12-28 10:03:16 Card[0].CurrSite=3; Card[0].TagSite=3; Card[0].CardNo=1000012; Card[0].State=1; Card[0].RecyBox=0;
2017-12-28 10:03:16 Card[1].CurrSite=2; Card[1].TagSite=3; Card[1].CardNo=1000013; Card[1].State=1; Card[1].RecyBox=0;
2017-12-28 10:03:16 Card[2].CurrSite=1; Card[2].TagSite=2; Card[2].CardNo=1000014; Card[2].State=1; Card[2].RecyBox=0;
2017-12-28 10:03:16 Card[3].CurrSite=0; Card[3].TagSite=3; Card[3].CardNo=0; Card[3].State=0; Card[3].RecyBox=0;
2017-12-28 10:03:16 Card[4].CurrSite=0; Card[4].TagSite=3; Card[4].CardNo=0; Card[4].State=0; Card[4].RecyBox=0;
2017-12-28 10:03:16 Card[5].CurrSite=0; Card[5].TagSite=3; Card[5].CardNo=0; Card[5].State=0; Card[5].RecyBox=0;
2017-12-28 10:03:16 Card[6].CurrSite=0; Card[6].TagSite=3; Card[6].CardNo=0; Card[6].State=0; Card[6].RecyBox=0;
2017-12-28 10:03:16 Call ACCAPI_MoveCard() Status:
2017-12-28 10:03:16 Card[0].CurrSite=3; Card[0].TagSite=3; Card[0].CardNo=1000012; Card[0].State=1; Card[0].RecyBox=0;
2017-12-28 10:03:16 Card[1].CurrSite=2; Card[1].TagSite=3; Card[1].CardNo=1000013; Card[1].State=1; Card[1].RecyBox=0;
2017-12-28 10:03:16 Card[2].CurrSite=1; Card[2].TagSite=2; Card[2].CardNo=1000014; Card[2].State=1; Card[2].RecyBox=0;
2017-12-28 10:03:16 Card[3].CurrSite=0; Card[3].TagSite=3; Card[3].CardNo=0; Card[3].State=0; Card[3].RecyBox=0;
2017-12-28 10:03:16 Card[4].CurrSite=0; Card[4].TagSite=3; Card[4].CardNo=0; Card[4].State=0; Card[4].RecyBox=0;
2017-12-28 10:03:16 Card[5].CurrSite=0; Card[5].TagSite=3; Card[5].CardNo=0; Card[5].State=0; Card[5].RecyBox=0;
2017-12-28 10:03:16 Card[6].CurrSite=0; Card[6].TagSite=3; Card[6].CardNo=0; Card[6].State=0; Card[6].RecyBox=0;
2017-12-28 10:03:16 走卡之前
2017-12-28 10:03:16 电磁铁状态：0x1
2017-12-28 10:03:16 走卡前开始结束状态：0x70  0x30
2017-12-28 10:03:16 走卡成功
2017-12-28 10:03:16 Card[0].CurrSite=0; Card[0].TagSite=0; Card[0].CardNo=1000012; Card[0].State=2; Card[0].RecyBox=1;
2017-12-28 10:03:16 Card[1].CurrSite=3; Card[1].TagSite=3; Card[1].CardNo=1000013; Card[1].State=1; Card[1].RecyBox=0;
2017-12-28 10:03:16 Card[2].CurrSite=2; Card[2].TagSite=2; Card[2].CardNo=1000014; Card[2].State=1; Card[2].RecyBox=0;
2017-12-28 10:03:16 Card[3].CurrSite=0; Card[3].TagSite=3; Card[3].CardNo=0; Card[3].State=0; Card[3].RecyBox=0;
2017-12-28 10:03:16 Card[4].CurrSite=0; Card[4].TagSite=3; Card[4].CardNo=0; Card[4].State=0; Card[4].RecyBox=0;
2017-12-28 10:03:16 Card[5].CurrSite=0; Card[5].TagSite=3; Card[5].CardNo=0; Card[5].State=0; Card[5].RecyBox=0;
2017-12-28 10:03:16 Card[6].CurrSite=0; Card[6].TagSite=3; Card[6].CardNo=0; Card[6].State=0; Card[6].RecyBox=0;
2017-12-28 10:03:16 走卡后开始结束状态：0x70  0x30
2017-12-28 10:03:16 Call ACCAPI_SendCard() Status:
2017-12-28 10:03:16 Card[0].CurrSite=0; Card[0].TagSite=3; Card[0].CardNo=1000012; Card[0].State=2; Card[0].RecyBox=1;
2017-12-28 10:03:16 Card[1].CurrSite=3; Card[1].TagSite=3; Card[1].CardNo=1000013; Card[1].State=1; Card[1].RecyBox=0;
2017-12-28 10:03:16 Card[2].CurrSite=2; Card[2].TagSite=3; Card[2].CardNo=1000014; Card[2].State=1; Card[2].RecyBox=0;
2017-12-28 10:03:16 Card[3].CurrSite=0; Card[3].TagSite=3; Card[3].CardNo=0; Card[3].State=0; Card[3].RecyBox=0;
2017-12-28 10:03:16 Card[4].CurrSite=0; Card[4].TagSite=3; Card[4].CardNo=0; Card[4].State=0; Card[4].RecyBox=0;
2017-12-28 10:03:16 Card[5].CurrSite=0; Card[5].TagSite=3; Card[5].CardNo=0; Card[5].State=0; Card[5].RecyBox=0;
2017-12-28 10:03:16 Card[6].CurrSite=0; Card[6].TagSite=3; Card[6].CardNo=0; Card[6].State=0; Card[6].RecyBox=0;
2017-12-28 10:03:16 发卡成功
2017-12-28 10:03:16 Card[0].CurrSite=1; Card[0].TagSite=2; Card[0].CardNo=1000015; Card[0].State=1; Card[0].RecyBox=0;
2017-12-28 10:03:16 Card[1].CurrSite=3; Card[1].TagSite=3; Card[1].CardNo=1000013; Card[1].State=1; Card[1].RecyBox=0;
2017-12-28 10:03:16 Card[2].CurrSite=2; Card[2].TagSite=3; Card[2].CardNo=1000014; Card[2].State=1; Card[2].RecyBox=0;
2017-12-28 10:03:16 Card[3].CurrSite=0; Card[3].TagSite=3; Card[3].CardNo=0; Card[3].State=0; Card[3].RecyBox=0;
2017-12-28 10:03:16 Card[4].CurrSite=0; Card[4].TagSite=3; Card[4].CardNo=0; Card[4].State=0; Card[4].RecyBox=0;
2017-12-28 10:03:16 Card[5].CurrSite=0; Card[5].TagSite=3; Card[5].CardNo=0; Card[5].State=0; Card[5].RecyBox=0;
2017-12-28 10:03:16 Card[6].CurrSite=0; Card[6].TagSite=3; Card[6].CardNo=0; Card[6].State=0; Card[6].RecyBox=0;
2017-12-28 10:03:16 Call ACCAPI_MoveCard() Status:
2017-12-28 10:03:16 Card[0].CurrSite=1; Card[0].TagSite=2; Card[0].CardNo=1000015; Card[0].State=1; Card[0].RecyBox=0;
2017-12-28 10:03:16 Card[1].CurrSite=3; Card[1].TagSite=3; Card[1].CardNo=1000013; Card[1].State=1; Card[1].RecyBox=0;
2017-12-28 10:03:16 Card[2].CurrSite=2; Card[2].TagSite=3; Card[2].CardNo=1000014; Card[2].State=1; Card[2].RecyBox=0;
2017-12-28 10:03:16 Card[3].CurrSite=0; Card[3].TagSite=3; Card[3].CardNo=0; Card[3].State=0; Card[3].RecyBox=0;
2017-12-28 10:03:16 Card[4].CurrSite=0; Card[4].TagSite=3; Card[4].CardNo=0; Card[4].State=0; Card[4].RecyBox=0;
2017-12-28 10:03:16 Card[5].CurrSite=0; Card[5].TagSite=3; Card[5].CardNo=0; Card[5].State=0; Card[5].RecyBox=0;
2017-12-28 10:03:16 Card[6].CurrSite=0; Card[6].TagSite=3; Card[6].CardNo=0; Card[6].State=0; Card[6].RecyBox=0;
2017-12-28 10:03:16 走卡之前
2017-12-28 10:03:16 电磁铁状态：0x1
2017-12-28 10:03:16 走卡前开始结束状态：0x70  0x30
2017-12-28 10:03:17 走卡成功
2017-12-28 10:03:17 Card[0].CurrSite=2; Card[0].TagSite=2; Card[0].CardNo=1000015; Card[0].State=1; Card[0].RecyBox=0;
2017-12-28 10:03:17 Card[1].CurrSite=0; Card[1].TagSite=0; Card[1].CardNo=1000013; Card[1].State=2; Card[1].RecyBox=1;
2017-12-28 10:03:17 Card[2].CurrSite=3; Card[2].TagSite=3; Card[2].CardNo=1000014; Card[2].State=1; Card[2].RecyBox=0;
2017-12-28 10:03:17 Card[3].CurrSite=0; Card[3].TagSite=3; Card[3].CardNo=0; Card[3].State=0; Card[3].RecyBox=0;
2017-12-28 10:03:17 Card[4].CurrSite=0; Card[4].TagSite=3; Card[4].CardNo=0; Card[4].State=0; Card[4].RecyBox=0;
2017-12-28 10:03:17 Card[5].CurrSite=0; Card[5].TagSite=3; Card[5].CardNo=0; Card[5].State=0; Card[5].RecyBox=0;
2017-12-28 10:03:17 Card[6].CurrSite=0; Card[6].TagSite=3; Card[6].CardNo=0; Card[6].State=0; Card[6].RecyBox=0;
2017-12-28 10:03:17 走卡后开始结束状态：0x70  0x30
2017-12-28 10:03:17 Call ACCAPI_SendCard() Status:
2017-12-28 10:03:17 Card[0].CurrSite=2; Card[0].TagSite=3; Card[0].CardNo=1000015; Card[0].State=1; Card[0].RecyBox=0;
2017-12-28 10:03:17 Card[1].CurrSite=0; Card[1].TagSite=3; Card[1].CardNo=1000013; Card[1].State=2; Card[1].RecyBox=1;
2017-12-28 10:03:17 Card[2].CurrSite=3; Card[2].TagSite=3; Card[2].CardNo=1000014; Card[2].State=1; Card[2].RecyBox=0;
2017-12-28 10:03:17 Card[3].CurrSite=0; Card[3].TagSite=3; Card[3].CardNo=0; Card[3].State=0; Card[3].RecyBox=0;
2017-12-28 10:03:17 Card[4].CurrSite=0; Card[4].TagSite=3; Card[4].CardNo=0; Card[4].State=0; Card[4].RecyBox=0;
2017-12-28 10:03:17 Card[5].CurrSite=0; Card[5].TagSite=3; Card[5].CardNo=0; Card[5].State=0; Card[5].RecyBox=0;
2017-12-28 10:03:17 Card[6].CurrSite=0; Card[6].TagSite=3; Card[6].CardNo=0; Card[6].State=0; Card[6].RecyBox=0;
2017-12-28 10:03:17 发卡成功
2017-12-28 10:03:17 Card[0].CurrSite=2; Card[0].TagSite=3; Card[0].CardNo=1000015; Card[0].State=1; Card[0].RecyBox=0;
2017-12-28 10:03:17 Card[1].CurrSite=1; Card[1].TagSite=2; Card[1].CardNo=1000016; Card[1].State=1; Card[1].RecyBox=0;
2017-12-28 10:03:17 Card[2].CurrSite=3; Card[2].TagSite=3; Card[2].CardNo=1000014; Card[2].State=1; Card[2].RecyBox=0;
2017-12-28 10:03:17 Card[3].CurrSite=0; Card[3].TagSite=3; Card[3].CardNo=0; Card[3].State=0; Card[3].RecyBox=0;
2017-12-28 10:03:17 Card[4].CurrSite=0; Card[4].TagSite=3; Card[4].CardNo=0; Card[4].State=0; Card[4].RecyBox=0;
2017-12-28 10:03:17 Card[5].CurrSite=0; Card[5].TagSite=3; Card[5].CardNo=0; Card[5].State=0; Card[5].RecyBox=0;
2017-12-28 10:03:17 Card[6].CurrSite=0; Card[6].TagSite=3; Card[6].CardNo=0; Card[6].State=0; Card[6].RecyBox=0;
2017-12-28 10:03:17 Call ACCAPI_MoveCard() Status:
2017-12-28 10:03:17 Card[0].CurrSite=2; Card[0].TagSite=3; Card[0].CardNo=1000015; Card[0].State=1; Card[0].RecyBox=0;
2017-12-28 10:03:17 Card[1].CurrSite=1; Card[1].TagSite=2; Card[1].CardNo=1000016; Card[1].State=1; Card[1].RecyBox=0;
2017-12-28 10:03:17 Card[2].CurrSite=3; Card[2].TagSite=3; Card[2].CardNo=1000014; Card[2].State=1; Card[2].RecyBox=0;
2017-12-28 10:03:17 Card[3].CurrSite=0; Card[3].TagSite=3; Card[3].CardNo=0; Card[3].State=0; Card[3].RecyBox=0;
2017-12-28 10:03:17 Card[4].CurrSite=0; Card[4].TagSite=3; Card[4].CardNo=0; Card[4].State=0; Card[4].RecyBox=0;
2017-12-28 10:03:17 Card[5].CurrSite=0; Card[5].TagSite=3; Card[5].CardNo=0; Card[5].State=0; Card[5].RecyBox=0;
2017-12-28 10:03:17 Card[6].CurrSite=0; Card[6].TagSite=3; Card[6].CardNo=0; Card[6].State=0; Card[6].RecyBox=0;
2017-12-28 10:03:17 走卡之前
2017-12-28 10:03:17 电磁铁状态：0x1
2017-12-28 10:03:17 走卡前开始结束状态：0x70  0x30
2017-12-28 10:03:18 走卡成功
2017-12-28 10:03:18 Card[0].CurrSite=3; Card[0].TagSite=3; Card[0].CardNo=1000015; Card[0].State=1; Card[0].RecyBox=0;
2017-12-28 10:03:18 Card[1].CurrSite=2; Card[1].TagSite=2; Card[1].CardNo=1000016; Card[1].State=1; Card[1].RecyBox=0;
2017-12-28 10:03:18 Card[2].CurrSite=0; Card[2].TagSite=0; Card[2].CardNo=1000014; Card[2].State=2; Card[2].RecyBox=1;
2017-12-28 10:03:18 Card[3].CurrSite=0; Card[3].TagSite=3; Card[3].CardNo=0; Card[3].State=0; Card[3].RecyBox=0;
2017-12-28 10:03:18 Card[4].CurrSite=0; Card[4].TagSite=3; Card[4].CardNo=0; Card[4].State=0; Card[4].RecyBox=0;
2017-12-28 10:03:18 Card[5].CurrSite=0; Card[5].TagSite=3; Card[5].CardNo=0; Card[5].State=0; Card[5].RecyBox=0;
2017-12-28 10:03:18 Card[6].CurrSite=0; Card[6].TagSite=3; Card[6].CardNo=0; Card[6].State=0; Card[6].RecyBox=0;
2017-12-28 10:03:18 走卡后开始结束状态：0x70  0x30
2017-12-28 10:03:18 Call ACCAPI_SendCard() Status:
2017-12-28 10:03:18 Card[0].CurrSite=3; Card[0].TagSite=3; Card[0].CardNo=1000015; Card[0].State=1; Card[0].RecyBox=0;
2017-12-28 10:03:18 Card[1].CurrSite=2; Card[1].TagSite=3; Card[1].CardNo=1000016; Card[1].State=1; Card[1].RecyBox=0;
2017-12-28 10:03:18 Card[2].CurrSite=0; Card[2].TagSite=3; Card[2].CardNo=1000014; Card[2].State=2; Card[2].RecyBox=1;
2017-12-28 10:03:18 Card[3].CurrSite=0; Card[3].TagSite=3; Card[3].CardNo=0; Card[3].State=0; Card[3].RecyBox=0;
2017-12-28 10:03:18 Card[4].CurrSite=0; Card[4].TagSite=3; Card[4].CardNo=0; Card[4].State=0; Card[4].RecyBox=0;
2017-12-28 10:03:18 Card[5].CurrSite=0; Card[5].TagSite=3; Card[5].CardNo=0; Card[5].State=0; Card[5].RecyBox=0;
2017-12-28 10:03:18 Card[6].CurrSite=0; Card[6].TagSite=3; Card[6].CardNo=0; Card[6].State=0; Card[6].RecyBox=0;
2017-12-28 10:03:18 发卡成功
2017-12-28 10:03:18 Card[0].CurrSite=3; Card[0].TagSite=3; Card[0].CardNo=1000015; Card[0].State=1; Card[0].RecyBox=0;
2017-12-28 10:03:18 Card[1].CurrSite=2; Card[1].TagSite=3; Card[1].CardNo=1000016; Card[1].State=1; Card[1].RecyBox=0;
2017-12-28 10:03:18 Card[2].CurrSite=1; Card[2].TagSite=2; Card[2].CardNo=1000017; Card[2].State=1; Card[2].RecyBox=0;
2017-12-28 10:03:18 Card[3].CurrSite=0; Card[3].TagSite=3; Card[3].CardNo=0; Card[3].State=0; Card[3].RecyBox=0;
2017-12-28 10:03:18 Card[4].CurrSite=0; Card[4].TagSite=3; Card[4].CardNo=0; Card[4].State=0; Card[4].RecyBox=0;
2017-12-28 10:03:18 Card[5].CurrSite=0; Card[5].TagSite=3; Card[5].CardNo=0; Card[5].State=0; Card[5].RecyBox=0;
2017-12-28 10:03:18 Card[6].CurrSite=0; Card[6].TagSite=3; Card[6].CardNo=0; Card[6].State=0; Card[6].RecyBox=0;
2017-12-28 10:03:18 Call ACCAPI_MoveCard() Status:
2017-12-28 10:03:18 Card[0].CurrSite=3; Card[0].TagSite=3; Card[0].CardNo=1000015; Card[0].State=1; Card[0].RecyBox=0;
2017-12-28 10:03:18 Card[1].CurrSite=2; Card[1].TagSite=3; Card[1].CardNo=1000016; Card[1].State=1; Card[1].RecyBox=0;
2017-12-28 10:03:18 Card[2].CurrSite=1; Card[2].TagSite=2; Card[2].CardNo=1000017; Card[2].State=1; Card[2].RecyBox=0;
2017-12-28 10:03:18 Card[3].CurrSite=0; Card[3].TagSite=3; Card[3].CardNo=0; Card[3].State=0; Card[3].RecyBox=0;
2017-12-28 10:03:18 Card[4].CurrSite=0; Card[4].TagSite=3; Card[4].CardNo=0; Card[4].State=0; Card[4].RecyBox=0;
2017-12-28 10:03:18 Card[5].CurrSite=0; Card[5].TagSite=3; Card[5].CardNo=0; Card[5].State=0; Card[5].RecyBox=0;
2017-12-28 10:03:18 Card[6].CurrSite=0; Card[6].TagSite=3; Card[6].CardNo=0; Card[6].State=0; Card[6].RecyBox=0;
2017-12-28 10:03:18 走卡之前
2017-12-28 10:03:18 电磁铁状态：0x1
2017-12-28 10:03:18 走卡前开始结束状态：0x70  0x30
2017-12-28 10:03:19 走卡成功
2017-12-28 10:03:19 Card[0].CurrSite=0; Card[0].TagSite=0; Card[0].CardNo=1000015; Card[0].State=2; Card[0].RecyBox=1;
2017-12-28 10:03:19 Card[1].CurrSite=3; Card[1].TagSite=3; Card[1].CardNo=1000016; Card[1].State=1; Card[1].RecyBox=0;
2017-12-28 10:03:19 Card[2].CurrSite=2; Card[2].TagSite=2; Card[2].CardNo=1000017; Card[2].State=1; Card[2].RecyBox=0;
2017-12-28 10:03:19 Card[3].CurrSite=0; Card[3].TagSite=3; Card[3].CardNo=0; Card[3].State=0; Card[3].RecyBox=0;
2017-12-28 10:03:19 Card[4].CurrSite=0; Card[4].TagSite=3; Card[4].CardNo=0; Card[4].State=0; Card[4].RecyBox=0;
2017-12-28 10:03:19 Card[5].CurrSite=0; Card[5].TagSite=3; Card[5].CardNo=0; Card[5].State=0; Card[5].RecyBox=0;
2017-12-28 10:03:19 Card[6].CurrSite=0; Card[6].TagSite=3; Card[6].CardNo=0; Card[6].State=0; Card[6].RecyBox=0;
2017-12-28 10:03:19 走卡后开始结束状态：0x70  0x30
2017-12-28 10:03:19 Call ACCAPI_SendCard() Status:
2017-12-28 10:03:19 Card[0].CurrSite=0; Card[0].TagSite=3; Card[0].CardNo=1000015; Card[0].State=2; Card[0].RecyBox=1;
2017-12-28 10:03:19 Card[1].CurrSite=3; Card[1].TagSite=3; Card[1].CardNo=1000016; Card[1].State=1; Card[1].RecyBox=0;
2017-12-28 10:03:19 Card[2].CurrSite=2; Card[2].TagSite=3; Card[2].CardNo=1000017; Card[2].State=1; Card[2].RecyBox=0;
2017-12-28 10:03:19 Card[3].CurrSite=0; Card[3].TagSite=3; Card[3].CardNo=0; Card[3].State=0; Card[3].RecyBox=0;
2017-12-28 10:03:19 Card[4].CurrSite=0; Card[4].TagSite=3; Card[4].CardNo=0; Card[4].State=0; Card[4].RecyBox=0;
2017-12-28 10:03:19 Card[5].CurrSite=0; Card[5].TagSite=3; Card[5].CardNo=0; Card[5].State=0; Card[5].RecyBox=0;
2017-12-28 10:03:19 Card[6].CurrSite=0; Card[6].TagSite=3; Card[6].CardNo=0; Card[6].State=0; Card[6].RecyBox=0;
2017-12-28 10:03:19 发卡成功
2017-12-28 10:03:19 Card[0].CurrSite=1; Card[0].TagSite=2; Card[0].CardNo=1000018; Card[0].State=1; Card[0].RecyBox=0;
2017-12-28 10:03:19 Card[1].CurrSite=3; Card[1].TagSite=3; Card[1].CardNo=1000016; Card[1].State=1; Card[1].RecyBox=0;
2017-12-28 10:03:19 Card[2].CurrSite=2; Card[2].TagSite=3; Card[2].CardNo=1000017; Card[2].State=1; Card[2].RecyBox=0;
2017-12-28 10:03:19 Card[3].CurrSite=0; Card[3].TagSite=3; Card[3].CardNo=0; Card[3].State=0; Card[3].RecyBox=0;
2017-12-28 10:03:19 Card[4].CurrSite=0; Card[4].TagSite=3; Card[4].CardNo=0; Card[4].State=0; Card[4].RecyBox=0;
2017-12-28 10:03:19 Card[5].CurrSite=0; Card[5].TagSite=3; Card[5].CardNo=0; Card[5].State=0; Card[5].RecyBox=0;
2017-12-28 10:03:19 Card[6].CurrSite=0; Card[6].TagSite=3; Card[6].CardNo=0; Card[6].State=0; Card[6].RecyBox=0;
2017-12-28 10:03:19 Call ACCAPI_MoveCard() Status:
2017-12-28 10:03:19 Card[0].CurrSite=1; Card[0].TagSite=2; Card[0].CardNo=1000018; Card[0].State=1; Card[0].RecyBox=0;
2017-12-28 10:03:19 Card[1].CurrSite=3; Card[1].TagSite=3; Card[1].CardNo=1000016; Card[1].State=1; Card[1].RecyBox=0;
2017-12-28 10:03:19 Card[2].CurrSite=2; Card[2].TagSite=3; Card[2].CardNo=1000017; Card[2].State=1; Card[2].RecyBox=0;
2017-12-28 10:03:19 Card[3].CurrSite=0; Card[3].TagSite=3; Card[3].CardNo=0; Card[3].State=0; Card[3].RecyBox=0;
2017-12-28 10:03:19 Card[4].CurrSite=0; Card[4].TagSite=3; Card[4].CardNo=0; Card[4].State=0; Card[4].RecyBox=0;
2017-12-28 10:03:19 Card[5].CurrSite=0; Card[5].TagSite=3; Card[5].CardNo=0; Card[5].State=0; Card[5].RecyBox=0;
2017-12-28 10:03:19 Card[6].CurrSite=0; Card[6].TagSite=3; Card[6].CardNo=0; Card[6].State=0; Card[6].RecyBox=0;
2017-12-28 10:03:19 走卡之前
2017-12-28 10:03:19 电磁铁状态：0x1
2017-12-28 10:03:19 走卡前开始结束状态：0x70  0x30
2017-12-28 10:03:20 走卡成功
2017-12-28 10:03:20 Card[0].CurrSite=2; Card[0].TagSite=2; Card[0].CardNo=1000018; Card[0].State=1; Card[0].RecyBox=0;
2017-12-28 10:03:20 Card[1].CurrSite=0; Card[1].TagSite=0; Card[1].CardNo=1000016; Card[1].State=2; Card[1].RecyBox=1;
2017-12-28 10:03:20 Card[2].CurrSite=3; Card[2].TagSite=3; Card[2].CardNo=1000017; Card[2].State=1; Card[2].RecyBox=0;
2017-12-28 10:03:20 Card[3].CurrSite=0; Card[3].TagSite=3; Card[3].CardNo=0; Card[3].State=0; Card[3].RecyBox=0;
2017-12-28 10:03:20 Card[4].CurrSite=0; Card[4].TagSite=3; Card[4].CardNo=0; Card[4].State=0; Card[4].RecyBox=0;
2017-12-28 10:03:20 Card[5].CurrSite=0; Card[5].TagSite=3; Card[5].CardNo=0; Card[5].State=0; Card[5].RecyBox=0;
2017-12-28 10:03:20 Card[6].CurrSite=0; Card[6].TagSite=3; Card[6].CardNo=0; Card[6].State=0; Card[6].RecyBox=0;
2017-12-28 10:03:20 走卡后开始结束状态：0x70  0x30
2017-12-28 10:03:20 Call ACCAPI_SendCard() Status:
2017-12-28 10:03:20 Card[0].CurrSite=2; Card[0].TagSite=3; Card[0].CardNo=1000018; Card[0].State=1; Card[0].RecyBox=0;
2017-12-28 10:03:20 Card[1].CurrSite=0; Card[1].TagSite=3; Card[1].CardNo=1000016; Card[1].State=2; Card[1].RecyBox=1;
2017-12-28 10:03:20 Card[2].CurrSite=3; Card[2].TagSite=3; Card[2].CardNo=1000017; Card[2].State=1; Card[2].RecyBox=0;
2017-12-28 10:03:20 Card[3].CurrSite=0; Card[3].TagSite=3; Card[3].CardNo=0; Card[3].State=0; Card[3].RecyBox=0;
2017-12-28 10:03:20 Card[4].CurrSite=0; Card[4].TagSite=3; Card[4].CardNo=0; Card[4].State=0; Card[4].RecyBox=0;
2017-12-28 10:03:20 Card[5].CurrSite=0; Card[5].TagSite=3; Card[5].CardNo=0; Card[5].State=0; Card[5].RecyBox=0;
2017-12-28 10:03:20 Card[6].CurrSite=0; Card[6].TagSite=3; Card[6].CardNo=0; Card[6].State=0; Card[6].RecyBox=0;
2017-12-28 10:03:20 发卡成功
2017-12-28 10:03:20 Card[0].CurrSite=2; Card[0].TagSite=3; Card[0].CardNo=1000018; Card[0].State=1; Card[0].RecyBox=0;
2017-12-28 10:03:20 Card[1].CurrSite=1; Card[1].TagSite=2; Card[1].CardNo=1000019; Card[1].State=1; Card[1].RecyBox=0;
2017-12-28 10:03:20 Card[2].CurrSite=3; Card[2].TagSite=3; Card[2].CardNo=1000017; Card[2].State=1; Card[2].RecyBox=0;
2017-12-28 10:03:20 Card[3].CurrSite=0; Card[3].TagSite=3; Card[3].CardNo=0; Card[3].State=0; Card[3].RecyBox=0;
2017-12-28 10:03:20 Card[4].CurrSite=0; Card[4].TagSite=3; Card[4].CardNo=0; Card[4].State=0; Card[4].RecyBox=0;
2017-12-28 10:03:20 Card[5].CurrSite=0; Card[5].TagSite=3; Card[5].CardNo=0; Card[5].State=0; Card[5].RecyBox=0;
2017-12-28 10:03:20 Card[6].CurrSite=0; Card[6].TagSite=3; Card[6].CardNo=0; Card[6].State=0; Card[6].RecyBox=0;
2017-12-28 10:03:20 Call ACCAPI_MoveCard() Status:
2017-12-28 10:03:20 Card[0].CurrSite=2; Card[0].TagSite=3; Card[0].CardNo=1000018; Card[0].State=1; Card[0].RecyBox=0;
2017-12-28 10:03:20 Card[1].CurrSite=1; Card[1].TagSite=2; Card[1].CardNo=1000019; Card[1].State=1; Card[1].RecyBox=0;
2017-12-28 10:03:20 Card[2].CurrSite=3; Card[2].TagSite=3; Card[2].CardNo=1000017; Card[2].State=1; Card[2].RecyBox=0;
2017-12-28 10:03:20 Card[3].CurrSite=0; Card[3].TagSite=3; Card[3].CardNo=0; Card[3].State=0; Card[3].RecyBox=0;
2017-12-28 10:03:20 Card[4].CurrSite=0; Card[4].TagSite=3; Card[4].CardNo=0; Card[4].State=0; Card[4].RecyBox=0;
2017-12-28 10:03:20 Card[5].CurrSite=0; Card[5].TagSite=3; Card[5].CardNo=0; Card[5].State=0; Card[5].RecyBox=0;
2017-12-28 10:03:20 Card[6].CurrSite=0; Card[6].TagSite=3; Card[6].CardNo=0; Card[6].State=0; Card[6].RecyBox=0;
2017-12-28 10:03:20 走卡之前
2017-12-28 10:03:20 电磁铁状态：0x1
2017-12-28 10:03:20 走卡前开始结束状态：0x70  0x30
2017-12-28 10:03:20 走卡成功
2017-12-28 10:03:20 Card[0].CurrSite=3; Card[0].TagSite=3; Card[0].CardNo=1000018; Card[0].State=1; Card[0].RecyBox=0;
2017-12-28 10:03:20 Card[1].CurrSite=2; Card[1].TagSite=2; Card[1].CardNo=1000019; Card[1].State=1; Card[1].RecyBox=0;
2017-12-28 10:03:20 Card[2].CurrSite=0; Card[2].TagSite=0; Card[2].CardNo=1000017; Card[2].State=2; Card[2].RecyBox=1;
2017-12-28 10:03:20 Card[3].CurrSite=0; Card[3].TagSite=3; Card[3].CardNo=0; Card[3].State=0; Card[3].RecyBox=0;
2017-12-28 10:03:20 Card[4].CurrSite=0; Card[4].TagSite=3; Card[4].CardNo=0; Card[4].State=0; Card[4].RecyBox=0;
2017-12-28 10:03:20 Card[5].CurrSite=0; Card[5].TagSite=3; Card[5].CardNo=0; Card[5].State=0; Card[5].RecyBox=0;
2017-12-28 10:03:20 Card[6].CurrSite=0; Card[6].TagSite=3; Card[6].CardNo=0; Card[6].State=0; Card[6].RecyBox=0;
2017-12-28 10:03:20 走卡后开始结束状态：0x70  0x30
2017-12-28 10:03:20 Call ACCAPI_SendCard() Status:
2017-12-28 10:03:20 Card[0].CurrSite=3; Card[0].TagSite=3; Card[0].CardNo=1000018; Card[0].State=1; Card[0].RecyBox=0;
2017-12-28 10:03:20 Card[1].CurrSite=2; Card[1].TagSite=3; Card[1].CardNo=1000019; Card[1].State=1; Card[1].RecyBox=0;
2017-12-28 10:03:20 Card[2].CurrSite=0; Card[2].TagSite=3; Card[2].CardNo=1000017; Card[2].State=2; Card[2].RecyBox=1;
2017-12-28 10:03:20 Card[3].CurrSite=0; Card[3].TagSite=3; Card[3].CardNo=0; Card[3].State=0; Card[3].RecyBox=0;
2017-12-28 10:03:20 Card[4].CurrSite=0; Card[4].TagSite=3; Card[4].CardNo=0; Card[4].State=0; Card[4].RecyBox=0;
2017-12-28 10:03:20 Card[5].CurrSite=0; Card[5].TagSite=3; Card[5].CardNo=0; Card[5].State=0; Card[5].RecyBox=0;
2017-12-28 10:03:20 Card[6].CurrSite=0; Card[6].TagSite=3; Card[6].CardNo=0; Card[6].State=0; Card[6].RecyBox=0;
2017-12-28 10:03:21 发卡成功
2017-12-28 10:03:21 Card[0].CurrSite=3; Card[0].TagSite=3; Card[0].CardNo=1000018; Card[0].State=1; Card[0].RecyBox=0;
2017-12-28 10:03:21 Card[1].CurrSite=2; Card[1].TagSite=3; Card[1].CardNo=1000019; Card[1].State=1; Card[1].RecyBox=0;
2017-12-28 10:03:21 Card[2].CurrSite=1; Card[2].TagSite=2; Card[2].CardNo=1000020; Card[2].State=1; Card[2].RecyBox=0;
2017-12-28 10:03:21 Card[3].CurrSite=0; Card[3].TagSite=3; Card[3].CardNo=0; Card[3].State=0; Card[3].RecyBox=0;
2017-12-28 10:03:21 Card[4].CurrSite=0; Card[4].TagSite=3; Card[4].CardNo=0; Card[4].State=0; Card[4].RecyBox=0;
2017-12-28 10:03:21 Card[5].CurrSite=0; Card[5].TagSite=3; Card[5].CardNo=0; Card[5].State=0; Card[5].RecyBox=0;
2017-12-28 10:03:21 Card[6].CurrSite=0; Card[6].TagSite=3; Card[6].CardNo=0; Card[6].State=0; Card[6].RecyBox=0;
2017-12-28 10:03:21 Call ACCAPI_MoveCard() Status:
2017-12-28 10:03:21 Card[0].CurrSite=3; Card[0].TagSite=3; Card[0].CardNo=1000018; Card[0].State=1; Card[0].RecyBox=0;
2017-12-28 10:03:21 Card[1].CurrSite=2; Card[1].TagSite=3; Card[1].CardNo=1000019; Card[1].State=1; Card[1].RecyBox=0;
2017-12-28 10:03:21 Card[2].CurrSite=1; Card[2].TagSite=2; Card[2].CardNo=1000020; Card[2].State=1; Card[2].RecyBox=0;
2017-12-28 10:03:21 Card[3].CurrSite=0; Card[3].TagSite=3; Card[3].CardNo=0; Card[3].State=0; Card[3].RecyBox=0;
2017-12-28 10:03:21 Card[4].CurrSite=0; Card[4].TagSite=3; Card[4].CardNo=0; Card[4].State=0; Card[4].RecyBox=0;
2017-12-28 10:03:21 Card[5].CurrSite=0; Card[5].TagSite=3; Card[5].CardNo=0; Card[5].State=0; Card[5].RecyBox=0;
2017-12-28 10:03:21 Card[6].CurrSite=0; Card[6].TagSite=3; Card[6].CardNo=0; Card[6].State=0; Card[6].RecyBox=0;
2017-12-28 10:03:21 走卡之前
2017-12-28 10:03:21 电磁铁状态：0x1
2017-12-28 10:03:21 走卡前开始结束状态：0x70  0x30
2017-12-28 10:03:21 走卡成功
2017-12-28 10:03:21 Card[0].CurrSite=0; Card[0].TagSite=0; Card[0].CardNo=1000018; Card[0].State=2; Card[0].RecyBox=1;
2017-12-28 10:03:21 Card[1].CurrSite=3; Card[1].TagSite=3; Card[1].CardNo=1000019; Card[1].State=1; Card[1].RecyBox=0;
2017-12-28 10:03:21 Card[2].CurrSite=2; Card[2].TagSite=2; Card[2].CardNo=1000020; Card[2].State=1; Card[2].RecyBox=0;
2017-12-28 10:03:21 Card[3].CurrSite=0; Card[3].TagSite=3; Card[3].CardNo=0; Card[3].State=0; Card[3].RecyBox=0;
2017-12-28 10:03:21 Card[4].CurrSite=0; Card[4].TagSite=3; Card[4].CardNo=0; Card[4].State=0; Card[4].RecyBox=0;
2017-12-28 10:03:21 Card[5].CurrSite=0; Card[5].TagSite=3; Card[5].CardNo=0; Card[5].State=0; Card[5].RecyBox=0;
2017-12-28 10:03:21 Card[6].CurrSite=0; Card[6].TagSite=3; Card[6].CardNo=0; Card[6].State=0; Card[6].RecyBox=0;
2017-12-28 10:03:21 走卡后开始结束状态：0x70  0x30
2017-12-28 10:03:21 Call ACCAPI_SendCard() Status:
2017-12-28 10:03:21 Card[0].CurrSite=0; Card[0].TagSite=3; Card[0].CardNo=1000018; Card[0].State=2; Card[0].RecyBox=1;
2017-12-28 10:03:21 Card[1].CurrSite=3; Card[1].TagSite=3; Card[1].CardNo=1000019; Card[1].State=1; Card[1].RecyBox=0;
2017-12-28 10:03:21 Card[2].CurrSite=2; Card[2].TagSite=3; Card[2].CardNo=1000020; Card[2].State=1; Card[2].RecyBox=0;
2017-12-28 10:03:21 Card[3].CurrSite=0; Card[3].TagSite=3; Card[3].CardNo=0; Card[3].State=0; Card[3].RecyBox=0;
2017-12-28 10:03:21 Card[4].CurrSite=0; Card[4].TagSite=3; Card[4].CardNo=0; Card[4].State=0; Card[4].RecyBox=0;
2017-12-28 10:03:21 Card[5].CurrSite=0; Card[5].TagSite=3; Card[5].CardNo=0; Card[5].State=0; Card[5].RecyBox=0;
2017-12-28 10:03:21 Card[6].CurrSite=0; Card[6].TagSite=3; Card[6].CardNo=0; Card[6].State=0; Card[6].RecyBox=0;
2017-12-28 10:03:22 发卡成功
2017-12-28 10:03:22 Card[0].CurrSite=1; Card[0].TagSite=2; Card[0].CardNo=1000021; Card[0].State=1; Card[0].RecyBox=0;
2017-12-28 10:03:22 Card[1].CurrSite=3; Card[1].TagSite=3; Card[1].CardNo=1000019; Card[1].State=1; Card[1].RecyBox=0;
2017-12-28 10:03:22 Card[2].CurrSite=2; Card[2].TagSite=3; Card[2].CardNo=1000020; Card[2].State=1; Card[2].RecyBox=0;
2017-12-28 10:03:22 Card[3].CurrSite=0; Card[3].TagSite=3; Card[3].CardNo=0; Card[3].State=0; Card[3].RecyBox=0;
2017-12-28 10:03:22 Card[4].CurrSite=0; Card[4].TagSite=3; Card[4].CardNo=0; Card[4].State=0; Card[4].RecyBox=0;
2017-12-28 10:03:22 Card[5].CurrSite=0; Card[5].TagSite=3; Card[5].CardNo=0; Card[5].State=0; Card[5].RecyBox=0;
2017-12-28 10:03:22 Card[6].CurrSite=0; Card[6].TagSite=3; Card[6].CardNo=0; Card[6].State=0; Card[6].RecyBox=0;
2017-12-28 10:03:22 Call ACCAPI_MoveCard() Status:
2017-12-28 10:03:22 Card[0].CurrSite=1; Card[0].TagSite=2; Card[0].CardNo=1000021; Card[0].State=1; Card[0].RecyBox=0;
2017-12-28 10:03:22 Card[1].CurrSite=3; Card[1].TagSite=3; Card[1].CardNo=1000019; Card[1].State=1; Card[1].RecyBox=0;
2017-12-28 10:03:22 Card[2].CurrSite=2; Card[2].TagSite=3; Card[2].CardNo=1000020; Card[2].State=1; Card[2].RecyBox=0;
2017-12-28 10:03:22 Card[3].CurrSite=0; Card[3].TagSite=3; Card[3].CardNo=0; Card[3].State=0; Card[3].RecyBox=0;
2017-12-28 10:03:22 Card[4].CurrSite=0; Card[4].TagSite=3; Card[4].CardNo=0; Card[4].State=0; Card[4].RecyBox=0;
2017-12-28 10:03:22 Card[5].CurrSite=0; Card[5].TagSite=3; Card[5].CardNo=0; Card[5].State=0; Card[5].RecyBox=0;
2017-12-28 10:03:22 Card[6].CurrSite=0; Card[6].TagSite=3; Card[6].CardNo=0; Card[6].State=0; Card[6].RecyBox=0;
2017-12-28 10:03:22 走卡之前
2017-12-28 10:03:22 电磁铁状态：0x1
2017-12-28 10:03:22 走卡前开始结束状态：0x70  0x30
2017-12-28 10:03:22 走卡成功
2017-12-28 10:03:22 Card[0].CurrSite=2; Card[0].TagSite=2; Card[0].CardNo=1000021; Card[0].State=1; Card[0].RecyBox=0;
2017-12-28 10:03:22 Card[1].CurrSite=0; Card[1].TagSite=0; Card[1].CardNo=1000019; Card[1].State=2; Card[1].RecyBox=1;
2017-12-28 10:03:22 Card[2].CurrSite=3; Card[2].TagSite=3; Card[2].CardNo=1000020; Card[2].State=1; Card[2].RecyBox=0;
2017-12-28 10:03:22 Card[3].CurrSite=0; Card[3].TagSite=3; Card[3].CardNo=0; Card[3].State=0; Card[3].RecyBox=0;
2017-12-28 10:03:22 Card[4].CurrSite=0; Card[4].TagSite=3; Card[4].CardNo=0; Card[4].State=0; Card[4].RecyBox=0;
2017-12-28 10:03:22 Card[5].CurrSite=0; Card[5].TagSite=3; Card[5].CardNo=0; Card[5].State=0; Card[5].RecyBox=0;
2017-12-28 10:03:22 Card[6].CurrSite=0; Card[6].TagSite=3; Card[6].CardNo=0; Card[6].State=0; Card[6].RecyBox=0;
2017-12-28 10:03:22 走卡后开始结束状态：0x70  0x30
2017-12-28 10:03:22 Call ACCAPI_SendCard() Status:
2017-12-28 10:03:22 Card[0].CurrSite=2; Card[0].TagSite=3; Card[0].CardNo=1000021; Card[0].State=1; Card[0].RecyBox=0;
2017-12-28 10:03:22 Card[1].CurrSite=0; Card[1].TagSite=3; Card[1].CardNo=1000019; Card[1].State=2; Card[1].RecyBox=1;
2017-12-28 10:03:22 Card[2].CurrSite=3; Card[2].TagSite=3; Card[2].CardNo=1000020; Card[2].State=1; Card[2].RecyBox=0;
2017-12-28 10:03:22 Card[3].CurrSite=0; Card[3].TagSite=3; Card[3].CardNo=0; Card[3].State=0; Card[3].RecyBox=0;
2017-12-28 10:03:22 Card[4].CurrSite=0; Card[4].TagSite=3; Card[4].CardNo=0; Card[4].State=0; Card[4].RecyBox=0;
2017-12-28 10:03:22 Card[5].CurrSite=0; Card[5].TagSite=3; Card[5].CardNo=0; Card[5].State=0; Card[5].RecyBox=0;
2017-12-28 10:03:22 Card[6].CurrSite=0; Card[6].TagSite=3; Card[6].CardNo=0; Card[6].State=0; Card[6].RecyBox=0;
2017-12-28 10:03:23 发卡成功
2017-12-28 10:03:23 Card[0].CurrSite=2; Card[0].TagSite=3; Card[0].CardNo=1000021; Card[0].State=1; Card[0].RecyBox=0;
2017-12-28 10:03:23 Card[1].CurrSite=1; Card[1].TagSite=2; Card[1].CardNo=1000022; Card[1].State=1; Card[1].RecyBox=0;
2017-12-28 10:03:23 Card[2].CurrSite=3; Card[2].TagSite=3; Card[2].CardNo=1000020; Card[2].State=1; Card[2].RecyBox=0;
2017-12-28 10:03:23 Card[3].CurrSite=0; Card[3].TagSite=3; Card[3].CardNo=0; Card[3].State=0; Card[3].RecyBox=0;
2017-12-28 10:03:23 Card[4].CurrSite=0; Card[4].TagSite=3; Card[4].CardNo=0; Card[4].State=0; Card[4].RecyBox=0;
2017-12-28 10:03:23 Card[5].CurrSite=0; Card[5].TagSite=3; Card[5].CardNo=0; Card[5].State=0; Card[5].RecyBox=0;
2017-12-28 10:03:23 Card[6].CurrSite=0; Card[6].TagSite=3; Card[6].CardNo=0; Card[6].State=0; Card[6].RecyBox=0;
2017-12-28 10:03:23 Call ACCAPI_MoveCard() Status:
2017-12-28 10:03:23 Card[0].CurrSite=2; Card[0].TagSite=3; Card[0].CardNo=1000021; Card[0].State=1; Card[0].RecyBox=0;
2017-12-28 10:03:23 Card[1].CurrSite=1; Card[1].TagSite=2; Card[1].CardNo=1000022; Card[1].State=1; Card[1].RecyBox=0;
2017-12-28 10:03:23 Card[2].CurrSite=3; Card[2].TagSite=3; Card[2].CardNo=1000020; Card[2].State=1; Card[2].RecyBox=0;
2017-12-28 10:03:23 Card[3].CurrSite=0; Card[3].TagSite=3; Card[3].CardNo=0; Card[3].State=0; Card[3].RecyBox=0;
2017-12-28 10:03:23 Card[4].CurrSite=0; Card[4].TagSite=3; Card[4].CardNo=0; Card[4].State=0; Card[4].RecyBox=0;
2017-12-28 10:03:23 Card[5].CurrSite=0; Card[5].TagSite=3; Card[5].CardNo=0; Card[5].State=0; Card[5].RecyBox=0;
2017-12-28 10:03:23 Card[6].CurrSite=0; Card[6].TagSite=3; Card[6].CardNo=0; Card[6].State=0; Card[6].RecyBox=0;
2017-12-28 10:03:23 走卡之前
2017-12-28 10:03:23 电磁铁状态：0x1
2017-12-28 10:03:23 走卡前开始结束状态：0x70  0x30
2017-12-28 10:03:23 走卡成功
2017-12-28 10:03:23 Card[0].CurrSite=3; Card[0].TagSite=3; Card[0].CardNo=1000021; Card[0].State=1; Card[0].RecyBox=0;
2017-12-28 10:03:23 Card[1].CurrSite=2; Card[1].TagSite=2; Card[1].CardNo=1000022; Card[1].State=1; Card[1].RecyBox=0;
2017-12-28 10:03:23 Card[2].CurrSite=0; Card[2].TagSite=0; Card[2].CardNo=1000020; Card[2].State=2; Card[2].RecyBox=1;
2017-12-28 10:03:23 Card[3].CurrSite=0; Card[3].TagSite=3; Card[3].CardNo=0; Card[3].State=0; Card[3].RecyBox=0;
2017-12-28 10:03:23 Card[4].CurrSite=0; Card[4].TagSite=3; Card[4].CardNo=0; Card[4].State=0; Card[4].RecyBox=0;
2017-12-28 10:03:23 Card[5].CurrSite=0; Card[5].TagSite=3; Card[5].CardNo=0; Card[5].State=0; Card[5].RecyBox=0;
2017-12-28 10:03:23 Card[6].CurrSite=0; Card[6].TagSite=3; Card[6].CardNo=0; Card[6].State=0; Card[6].RecyBox=0;
2017-12-28 10:03:23 走卡后开始结束状态：0x70  0x30
2017-12-28 10:03:23 Call ACCAPI_SendCard() Status:
2017-12-28 10:03:23 Card[0].CurrSite=3; Card[0].TagSite=3; Card[0].CardNo=1000021; Card[0].State=1; Card[0].RecyBox=0;
2017-12-28 10:03:23 Card[1].CurrSite=2; Card[1].TagSite=3; Card[1].CardNo=1000022; Card[1].State=1; Card[1].RecyBox=0;
2017-12-28 10:03:23 Card[2].CurrSite=0; Card[2].TagSite=3; Card[2].CardNo=1000020; Card[2].State=2; Card[2].RecyBox=1;
2017-12-28 10:03:23 Card[3].CurrSite=0; Card[3].TagSite=3; Card[3].CardNo=0; Card[3].State=0; Card[3].RecyBox=0;
2017-12-28 10:03:23 Card[4].CurrSite=0; Card[4].TagSite=3; Card[4].CardNo=0; Card[4].State=0; Card[4].RecyBox=0;
2017-12-28 10:03:23 Card[5].CurrSite=0; Card[5].TagSite=3; Card[5].CardNo=0; Card[5].State=0; Card[5].RecyBox=0;
2017-12-28 10:03:23 Card[6].CurrSite=0; Card[6].TagSite=3; Card[6].CardNo=0; Card[6].State=0; Card[6].RecyBox=0;
2017-12-28 10:03:24 发卡成功
2017-12-28 10:03:24 Card[0].CurrSite=3; Card[0].TagSite=3; Card[0].CardNo=1000021; Card[0].State=1; Card[0].RecyBox=0;
2017-12-28 10:03:24 Card[1].CurrSite=2; Card[1].TagSite=3; Card[1].CardNo=1000022; Card[1].State=1; Card[1].RecyBox=0;
2017-12-28 10:03:24 Card[2].CurrSite=1; Card[2].TagSite=2; Card[2].CardNo=1000023; Card[2].State=1; Card[2].RecyBox=0;
2017-12-28 10:03:24 Card[3].CurrSite=0; Card[3].TagSite=3; Card[3].CardNo=0; Card[3].State=0; Card[3].RecyBox=0;
2017-12-28 10:03:24 Card[4].CurrSite=0; Card[4].TagSite=3; Card[4].CardNo=0; Card[4].State=0; Card[4].RecyBox=0;
2017-12-28 10:03:24 Card[5].CurrSite=0; Card[5].TagSite=3; Card[5].CardNo=0; Card[5].State=0; Card[5].RecyBox=0;
2017-12-28 10:03:24 Card[6].CurrSite=0; Card[6].TagSite=3; Card[6].CardNo=0; Card[6].State=0; Card[6].RecyBox=0;
2017-12-28 10:03:24 Call ACCAPI_MoveCard() Status:
2017-12-28 10:03:24 Card[0].CurrSite=3; Card[0].TagSite=3; Card[0].CardNo=1000021; Card[0].State=1; Card[0].RecyBox=0;
2017-12-28 10:03:24 Card[1].CurrSite=2; Card[1].TagSite=3; Card[1].CardNo=1000022; Card[1].State=1; Card[1].RecyBox=0;
2017-12-28 10:03:24 Card[2].CurrSite=1; Card[2].TagSite=2; Card[2].CardNo=1000023; Card[2].State=1; Card[2].RecyBox=0;
2017-12-28 10:03:24 Card[3].CurrSite=0; Card[3].TagSite=3; Card[3].CardNo=0; Card[3].State=0; Card[3].RecyBox=0;
2017-12-28 10:03:24 Card[4].CurrSite=0; Card[4].TagSite=3; Card[4].CardNo=0; Card[4].State=0; Card[4].RecyBox=0;
2017-12-28 10:03:24 Card[5].CurrSite=0; Card[5].TagSite=3; Card[5].CardNo=0; Card[5].State=0; Card[5].RecyBox=0;
2017-12-28 10:03:24 Card[6].CurrSite=0; Card[6].TagSite=3; Card[6].CardNo=0; Card[6].State=0; Card[6].RecyBox=0;
2017-12-28 10:03:24 走卡之前
2017-12-28 10:03:24 电磁铁状态：0x1
2017-12-28 10:03:24 走卡前开始结束状态：0x70  0x30
2017-12-28 10:03:24 走卡成功
2017-12-28 10:03:24 Card[0].CurrSite=0; Card[0].TagSite=0; Card[0].CardNo=1000021; Card[0].State=2; Card[0].RecyBox=1;
2017-12-28 10:03:24 Card[1].CurrSite=3; Card[1].TagSite=3; Card[1].CardNo=1000022; Card[1].State=1; Card[1].RecyBox=0;
2017-12-28 10:03:24 Card[2].CurrSite=2; Card[2].TagSite=2; Card[2].CardNo=1000023; Card[2].State=1; Card[2].RecyBox=0;
2017-12-28 10:03:24 Card[3].CurrSite=0; Card[3].TagSite=3; Card[3].CardNo=0; Card[3].State=0; Card[3].RecyBox=0;
2017-12-28 10:03:24 Card[4].CurrSite=0; Card[4].TagSite=3; Card[4].CardNo=0; Card[4].State=0; Card[4].RecyBox=0;
2017-12-28 10:03:24 Card[5].CurrSite=0; Card[5].TagSite=3; Card[5].CardNo=0; Card[5].State=0; Card[5].RecyBox=0;
2017-12-28 10:03:24 Card[6].CurrSite=0; Card[6].TagSite=3; Card[6].CardNo=0; Card[6].State=0; Card[6].RecyBox=0;
2017-12-28 10:03:24 走卡后开始结束状态：0x70  0x30
2017-12-28 10:03:24 Call ACCAPI_SendCard() Status:
2017-12-28 10:03:24 Card[0].CurrSite=0; Card[0].TagSite=3; Card[0].CardNo=1000021; Card[0].State=2; Card[0].RecyBox=1;
2017-12-28 10:03:24 Card[1].CurrSite=3; Card[1].TagSite=3; Card[1].CardNo=1000022; Card[1].State=1; Card[1].RecyBox=0;
2017-12-28 10:03:24 Card[2].CurrSite=2; Card[2].TagSite=3; Card[2].CardNo=1000023; Card[2].State=1; Card[2].RecyBox=0;
2017-12-28 10:03:24 Card[3].CurrSite=0; Card[3].TagSite=3; Card[3].CardNo=0; Card[3].State=0; Card[3].RecyBox=0;
2017-12-28 10:03:24 Card[4].CurrSite=0; Card[4].TagSite=3; Card[4].CardNo=0; Card[4].State=0; Card[4].RecyBox=0;
2017-12-28 10:03:24 Card[5].CurrSite=0; Card[5].TagSite=3; Card[5].CardNo=0; Card[5].State=0; Card[5].RecyBox=0;
2017-12-28 10:03:24 Card[6].CurrSite=0; Card[6].TagSite=3; Card[6].CardNo=0; Card[6].State=0; Card[6].RecyBox=0;
2017-12-28 10:03:25 发卡成功
2017-12-28 10:03:25 Card[0].CurrSite=1; Card[0].TagSite=2; Card[0].CardNo=1000024; Card[0].State=1; Card[0].RecyBox=0;
2017-12-28 10:03:25 Card[1].CurrSite=3; Card[1].TagSite=3; Card[1].CardNo=1000022; Card[1].State=1; Card[1].RecyBox=0;
2017-12-28 10:03:25 Card[2].CurrSite=2; Card[2].TagSite=3; Card[2].CardNo=1000023; Card[2].State=1; Card[2].RecyBox=0;
2017-12-28 10:03:25 Card[3].CurrSite=0; Card[3].TagSite=3; Card[3].CardNo=0; Card[3].State=0; Card[3].RecyBox=0;
2017-12-28 10:03:25 Card[4].CurrSite=0; Card[4].TagSite=3; Card[4].CardNo=0; Card[4].State=0; Card[4].RecyBox=0;
2017-12-28 10:03:25 Card[5].CurrSite=0; Card[5].TagSite=3; Card[5].CardNo=0; Card[5].State=0; Card[5].RecyBox=0;
2017-12-28 10:03:25 Card[6].CurrSite=0; Card[6].TagSite=3; Card[6].CardNo=0; Card[6].State=0; Card[6].RecyBox=0;
2017-12-28 10:03:25 Call ACCAPI_MoveCard() Status:
2017-12-28 10:03:25 Card[0].CurrSite=1; Card[0].TagSite=2; Card[0].CardNo=1000024; Card[0].State=1; Card[0].RecyBox=0;
2017-12-28 10:03:25 Card[1].CurrSite=3; Card[1].TagSite=3; Card[1].CardNo=1000022; Card[1].State=1; Card[1].RecyBox=0;
2017-12-28 10:03:25 Card[2].CurrSite=2; Card[2].TagSite=3; Card[2].CardNo=1000023; Card[2].State=1; Card[2].RecyBox=0;
2017-12-28 10:03:25 Card[3].CurrSite=0; Card[3].TagSite=3; Card[3].CardNo=0; Card[3].State=0; Card[3].RecyBox=0;
2017-12-28 10:03:25 Card[4].CurrSite=0; Card[4].TagSite=3; Card[4].CardNo=0; Card[4].State=0; Card[4].RecyBox=0;
2017-12-28 10:03:25 Card[5].CurrSite=0; Card[5].TagSite=3; Card[5].CardNo=0; Card[5].State=0; Card[5].RecyBox=0;
2017-12-28 10:03:25 Card[6].CurrSite=0; Card[6].TagSite=3; Card[6].CardNo=0; Card[6].State=0; Card[6].RecyBox=0;
2017-12-28 10:03:25 走卡之前
2017-12-28 10:03:25 电磁铁状态：0x1
2017-12-28 10:03:25 走卡前开始结束状态：0x70  0x30
2017-12-28 10:03:25 走卡成功
2017-12-28 10:03:25 Card[0].CurrSite=2; Card[0].TagSite=2; Card[0].CardNo=1000024; Card[0].State=1; Card[0].RecyBox=0;
2017-12-28 10:03:25 Card[1].CurrSite=0; Card[1].TagSite=0; Card[1].CardNo=1000022; Card[1].State=2; Card[1].RecyBox=1;
2017-12-28 10:03:25 Card[2].CurrSite=3; Card[2].TagSite=3; Card[2].CardNo=1000023; Card[2].State=1; Card[2].RecyBox=0;
2017-12-28 10:03:25 Card[3].CurrSite=0; Card[3].TagSite=3; Card[3].CardNo=0; Card[3].State=0; Card[3].RecyBox=0;
2017-12-28 10:03:25 Card[4].CurrSite=0; Card[4].TagSite=3; Card[4].CardNo=0; Card[4].State=0; Card[4].RecyBox=0;
2017-12-28 10:03:25 Card[5].CurrSite=0; Card[5].TagSite=3; Card[5].CardNo=0; Card[5].State=0; Card[5].RecyBox=0;
2017-12-28 10:03:25 Card[6].CurrSite=0; Card[6].TagSite=3; Card[6].CardNo=0; Card[6].State=0; Card[6].RecyBox=0;
2017-12-28 10:03:25 走卡后开始结束状态：0x70  0x30
2017-12-28 10:03:25 Call ACCAPI_SendCard() Status:
2017-12-28 10:03:25 Card[0].CurrSite=2; Card[0].TagSite=3; Card[0].CardNo=1000024; Card[0].State=1; Card[0].RecyBox=0;
2017-12-28 10:03:25 Card[1].CurrSite=0; Card[1].TagSite=3; Card[1].CardNo=1000022; Card[1].State=2; Card[1].RecyBox=1;
2017-12-28 10:03:25 Card[2].CurrSite=3; Card[2].TagSite=3; Card[2].CardNo=1000023; Card[2].State=1; Card[2].RecyBox=0;
2017-12-28 10:03:25 Card[3].CurrSite=0; Card[3].TagSite=3; Card[3].CardNo=0; Card[3].State=0; Card[3].RecyBox=0;
2017-12-28 10:03:25 Card[4].CurrSite=0; Card[4].TagSite=3; Card[4].CardNo=0; Card[4].State=0; Card[4].RecyBox=0;
2017-12-28 10:03:25 Card[5].CurrSite=0; Card[5].TagSite=3; Card[5].CardNo=0; Card[5].State=0; Card[5].RecyBox=0;
2017-12-28 10:03:25 Card[6].CurrSite=0; Card[6].TagSite=3; Card[6].CardNo=0; Card[6].State=0; Card[6].RecyBox=0;
2017-12-28 10:03:26 发卡成功
2017-12-28 10:03:26 Card[0].CurrSite=2; Card[0].TagSite=3; Card[0].CardNo=1000024; Card[0].State=1; Card[0].RecyBox=0;
2017-12-28 10:03:26 Card[1].CurrSite=1; Card[1].TagSite=2; Card[1].CardNo=1000025; Card[1].State=1; Card[1].RecyBox=0;
2017-12-28 10:03:26 Card[2].CurrSite=3; Card[2].TagSite=3; Card[2].CardNo=1000023; Card[2].State=1; Card[2].RecyBox=0;
2017-12-28 10:03:26 Card[3].CurrSite=0; Card[3].TagSite=3; Card[3].CardNo=0; Card[3].State=0; Card[3].RecyBox=0;
2017-12-28 10:03:26 Card[4].CurrSite=0; Card[4].TagSite=3; Card[4].CardNo=0; Card[4].State=0; Card[4].RecyBox=0;
2017-12-28 10:03:26 Card[5].CurrSite=0; Card[5].TagSite=3; Card[5].CardNo=0; Card[5].State=0; Card[5].RecyBox=0;
2017-12-28 10:03:26 Card[6].CurrSite=0; Card[6].TagSite=3; Card[6].CardNo=0; Card[6].State=0; Card[6].RecyBox=0;
2017-12-28 10:03:26 Call ACCAPI_MoveCard() Status:
2017-12-28 10:03:26 Card[0].CurrSite=2; Card[0].TagSite=3; Card[0].CardNo=1000024; Card[0].State=1; Card[0].RecyBox=0;
2017-12-28 10:03:26 Card[1].CurrSite=1; Card[1].TagSite=2; Card[1].CardNo=1000025; Card[1].State=1; Card[1].RecyBox=0;
2017-12-28 10:03:26 Card[2].CurrSite=3; Card[2].TagSite=3; Card[2].CardNo=1000023; Card[2].State=1; Card[2].RecyBox=0;
2017-12-28 10:03:26 Card[3].CurrSite=0; Card[3].TagSite=3; Card[3].CardNo=0; Card[3].State=0; Card[3].RecyBox=0;
2017-12-28 10:03:26 Card[4].CurrSite=0; Card[4].TagSite=3; Card[4].CardNo=0; Card[4].State=0; Card[4].RecyBox=0;
2017-12-28 10:03:26 Card[5].CurrSite=0; Card[5].TagSite=3; Card[5].CardNo=0; Card[5].State=0; Card[5].RecyBox=0;
2017-12-28 10:03:26 Card[6].CurrSite=0; Card[6].TagSite=3; Card[6].CardNo=0; Card[6].State=0; Card[6].RecyBox=0;
2017-12-28 10:03:26 走卡之前
2017-12-28 10:03:26 电磁铁状态：0x1
2017-12-28 10:03:26 走卡前开始结束状态：0x70  0x30
