2017-10-12 19:19:42,263 [main] INFO  AppSettle - 日志配置设置成功
2017-10-12 19:19:42,319 [main] INFO  AppSettle - 清算系统运行模式：2
2017-10-12 19:19:42,430 [main] DEBUG DbcpHelper - driverName: oracle.jdbc.driver.OracleDriver
2017-10-12 19:19:42,430 [main] DEBUG DbcpHelper - URL: jdbc:oracle:thin:@172.20.19.29:1521:wacc
2017-10-12 19:19:42,431 [main] DEBUG DbcpHelper - dbName: null
2017-10-12 19:19:42,431 [main] DEBUG DbcpHelper - maxActive: 40
2017-10-12 19:19:42,431 [main] DEBUG DbcpHelper - maxIdle: 20
2017-10-12 19:19:42,431 [main] DEBUG DbcpHelper - maxWait: 20000
2017-10-12 19:19:42,432 [main] INFO  AppSettle - 数据连接池DataConnectionPool创建!
2017-10-12 19:19:43,413 [main] INFO  AppSettleBase - ======================================================================
2017-10-12 19:19:43,413 [main] INFO  AppSettleBase - 清算系统版本号：0.01
2017-10-12 19:19:43,414 [main] INFO  AppSettleBase - ======================================================================
2017-10-12 19:19:43,414 [main] INFO  AppSettleBase - 

2017-10-12 19:19:43,475 [main] INFO  AppSettle - 公交结算返回定时任务线程已启动
2017-10-12 19:19:43,476 [Thread-3] INFO  OctImportThreadBase - ======================================================================
2017-10-12 19:19:43,476 [Thread-3] INFO  OctImportThreadBase - 全局清算流水号为空或NULL值，等候清算流水号生成。。。
2017-10-12 19:19:43,476 [main] INFO  AppSettle - 公交交易上传定时任务线程已启动
2017-10-12 19:19:43,477 [Thread-3] INFO  OctImportThreadBase - ======================================================================
2017-10-12 19:19:43,477 [Thread-3] INFO  OctImportThreadBase - 

2017-10-12 19:19:43,478 [Thread-4] INFO  OctImportThreadBase - ======================================================================
2017-10-12 19:19:43,478 [Thread-4] INFO  OctImportThreadBase - 全局清算流水号为空或NULL值，等候清算流水号生成。。。
2017-10-12 19:19:43,478 [Thread-4] INFO  OctImportThreadBase - ======================================================================
2017-10-12 19:19:43,479 [Thread-4] INFO  OctImportThreadBase - 

2017-10-12 19:19:43,482 [main] INFO  ThreadFactory - 交易文件处理线程池 12个处理线程已启动
2017-10-12 19:19:43,483 [Thread-2] INFO  LogLevelThread - 设置日志级别为：1
2017-10-12 19:19:43,485 [main] INFO  ThreadFactory - BCP文件处理线程池 12个处理线程已启动
2017-10-12 19:19:43,489 [main] INFO  ThreadFactory - TAC校验处理线程池 12个处理线程已启动
2017-10-12 19:19:43,492 [main] INFO  ThreadFactory - 收益、审计、寄存器处理线程池 3个处理线程已启动
2017-10-12 19:19:43,494 [main] INFO  ThreadFactory - 互联网支付交易文件处理线程池 5个处理线程已启动
2017-10-12 19:19:43,496 [main] INFO  ThreadFactory - 互联网支付对账处理线程池 2个处理线程已启动
2017-10-12 19:19:43,498 [main] INFO  AppSettle - 定时任务线程已启动
2017-10-12 19:19:43,500 [main] INFO  AppSettle - 清算后台处理日志线程已启动
2017-10-12 19:19:43,503 [main] INFO  AppSettle - 清算明细后台处理日志线程已启动
2017-10-12 19:19:43,505 [main] INFO  AppSettle - 实时结算线程已启动
2017-10-12 19:19:43,505 [main] INFO  AppSettle - ======================================================================
2017-10-12 19:19:43,505 [main] INFO  AppSettle - 清算系统初始化完成
2017-10-12 19:19:43,506 [main] INFO  AppSettle - ======================================================================
2017-10-12 19:19:43,531 [main] INFO  AppSettle - 

2017-10-12 19:19:43,533 [main] INFO  AppSettle - ======================================================================
2017-10-12 19:19:43,533 [main] INFO  AppSettle - 开始清算业务
2017-10-12 19:19:43,534 [main] INFO  AppSettle - ======================================================================
2017-10-12 19:19:43,534 [main] INFO  AppSettle - 

2017-10-12 19:19:43,617 [main] INFO  AppSettle - ======================================================================
2017-10-12 19:19:43,617 [main] INFO  AppSettle - 清算流水号：2017101101 子流水：14 
2017-10-12 19:19:43,617 [main] INFO  AppSettle - ======================================================================
2017-10-12 19:19:43,617 [main] INFO  AppSettle - 

2017-10-12 19:19:43,622 [main] INFO  FlowDao - update W_ACC_ST.W_st_sys_flow_current set begin_TIME=sysdate  where BALANCE_WATER_NO=? and STEP=?
2017-10-12 19:19:43,629 [main] INFO  AppSettle - ======================================================================
2017-10-12 19:19:43,629 [main] INFO  AppSettle - 清算流水号：2017101101 子流水：14 :第1批处理开始
2017-10-12 19:19:43,632 [main] INFO  AppSettle - 清算流水号：2017101101 子流水：14 :没有交易文件需处理
2017-10-12 19:19:43,632 [main] INFO  AppSettle - 清算流水号：2017101101 子流水：14 ：没有审计、寄存器、收益文件需处理
2017-10-12 19:19:43,633 [main] INFO  AppSettle - 清算流水号：2017101101 子流水：14 :没有互联网支付交易文件需处理
2017-10-12 19:19:43,633 [main] INFO  AppSettle - 清算流水号：2017101101 子流水：14 ：没有互联网支付对账、订单文件需处理
2017-10-12 19:19:43,633 [main] INFO  TaskUtil - 清算流水号：2017101101 子流水：14 :任务：交易文件及收益文件等预处理，所有子任务已完成。完成时间为：0秒
2017-10-12 19:19:43,634 [main] INFO  AppSettle - 清算流水号：2017101101 子流水：14 :第1批处理完成
2017-10-12 19:19:43,634 [main] INFO  AppSettle - ======================================================================
2017-10-12 19:19:43,634 [main] INFO  AppSettle - 

2017-10-12 19:19:43,641 [main] INFO  AppSettle - 清算流水号：2017101101 子流水：14 :等待10秒处理下一批次文件。。。
2017-10-12 19:19:53,642 [main] INFO  AppSettle - ======================================================================
2017-10-12 19:19:53,642 [main] INFO  AppSettle - 清算流水号：2017101101 子流水：14 :第2批处理开始
2017-10-12 19:19:53,643 [main] INFO  AppSettle - 清算流水号：2017101101 子流水：14 :没有交易文件需处理
2017-10-12 19:19:53,643 [main] INFO  AppSettle - 清算流水号：2017101101 子流水：14 ：没有审计、寄存器、收益文件需处理
2017-10-12 19:19:53,643 [main] INFO  AppSettle - 清算流水号：2017101101 子流水：14 :没有互联网支付交易文件需处理
2017-10-12 19:19:53,644 [main] INFO  AppSettle - 清算流水号：2017101101 子流水：14 ：没有互联网支付对账、订单文件需处理
2017-10-12 19:19:53,644 [main] INFO  TaskUtil - 清算流水号：2017101101 子流水：14 :任务：交易文件及收益文件等预处理，所有子任务已完成。完成时间为：0秒
2017-10-12 19:19:53,644 [main] INFO  AppSettle - 清算流水号：2017101101 子流水：14 :第2批处理完成
2017-10-12 19:19:53,645 [main] INFO  AppSettle - ======================================================================
2017-10-12 19:19:53,645 [main] INFO  AppSettle - 

2017-10-12 19:19:53,924 [main] INFO  AppSettle - 清算流水号：2017101101 子流水：14 :等待10秒处理下一批次文件。。。
2017-10-12 19:20:03,925 [main] INFO  AppSettle - ======================================================================
2017-10-12 19:20:03,925 [main] INFO  AppSettle - 清算流水号：2017101101 子流水：14 :第3批处理开始
2017-10-12 19:20:03,926 [main] INFO  AppSettle - 清算流水号：2017101101 子流水：14 :交易文件处理数量：1
2017-10-12 19:20:04,002 [0] INFO  HandleThreadBase - 0:普通队列剩余未处理消息 =0
2017-10-12 19:20:04,059 [0] DEBUG CrcUtil - 200 
2017-10-12 19:20:04,060 [0] DEBUG CrcUtil - 200 
2017-10-12 19:20:04,060 [0] DEBUG CrcUtil - 200 
2017-10-12 19:20:04,061 [0] DEBUG CrcUtil - 200 
2017-10-12 19:20:04,062 [0] INFO  HandlerBase - 系统计算CRC码：D8682767 文件计算的CRC:D8682767
2017-10-12 19:20:04,073 [0] INFO  HandlerTrx - 配置文件设置：不校验TAC码
2017-10-12 19:20:04,105 [0] INFO  HandleThreadBase - 0:普通队列剩余未处理消息 =0
2017-10-12 19:20:04,116 [0] INFO  HandlerBcp - sqlldr userid=w_acc_st_app/w_acc_st_app@wacc data='/home/wweb/settle/bcp/2017101101/bcp.54.TRX0101.20171012.007' control='/home/wweb/settle/control/54.ctl' log='/home/wweb/settle/bcplog/2017101101/bcp.54.TRX0101.20171012.007.log' bad='/home/wweb/settle/bcpbad/2017101101/bcp.54.TRX0101.20171012.007.bad' 
2017-10-12 19:20:05,074 [0] INFO  HandlerBase - 完成处理工作耗时：1秒
2017-10-12 19:20:05,074 [0] INFO  HandlerTrx - 完成文件TRX0101.20171012.007的BCP导入及TAC码校验
2017-10-12 19:20:05,384 [0] ERROR BufferToQueueBaseDao - 执行存储过程：up_st_trf_btoq_deal 返回代码：0 返回消息：执行成功清算流水：2017101101 文件名称:TRX0101.20171012.007
2017-10-12 19:20:05,396 [0] INFO  HandlerBase - 移动文件TRX0101.20171012.007到目录：/home/wweb/communfs/settle_file/lcc/his
2017-10-12 19:20:05,397 [0] INFO  FileUtil - 文件 TRX0101.20171012.007 移至/home/wweb/communfs/settle_file/lcc/his
2017-10-12 19:20:05,947 [main] INFO  TaskUtil - 任务：本批次交易文件处理，所有子任务已完成。完成时间为：2秒
2017-10-12 19:20:05,948 [main] INFO  AppSettle - 清算流水号：2017101101 子流水：14 ：没有审计、寄存器、收益文件需处理
2017-10-12 19:20:05,948 [main] INFO  AppSettle - 清算流水号：2017101101 子流水：14 :没有互联网支付交易文件需处理
2017-10-12 19:20:05,949 [main] INFO  AppSettle - 清算流水号：2017101101 子流水：14 ：没有互联网支付对账、订单文件需处理
2017-10-12 19:20:05,949 [main] INFO  TaskUtil - 清算流水号：2017101101 子流水：14 :任务：交易文件及收益文件等预处理，所有子任务已完成。完成时间为：0秒
2017-10-12 19:20:05,949 [main] INFO  AppSettle - 清算流水号：2017101101 子流水：14 :第3批处理完成
2017-10-12 19:20:05,949 [main] INFO  AppSettle - ======================================================================
2017-10-12 19:20:05,949 [main] INFO  AppSettle - 

2017-10-12 19:20:05,959 [main] INFO  AppSettle - 清算流水号：2017101101 子流水：14 :等待10秒处理下一批次文件。。。
2017-10-12 19:20:15,959 [main] INFO  AppSettle - ======================================================================
2017-10-12 19:20:15,960 [main] INFO  AppSettle - 清算流水号：2017101101 子流水：14 :第4批处理开始
2017-10-12 19:20:15,960 [main] INFO  AppSettle - 清算流水号：2017101101 子流水：14 :没有交易文件需处理
2017-10-12 19:20:15,961 [main] INFO  AppSettle - 清算流水号：2017101101 子流水：14 ：没有审计、寄存器、收益文件需处理
2017-10-12 19:20:15,961 [main] INFO  AppSettle - 清算流水号：2017101101 子流水：14 :没有互联网支付交易文件需处理
2017-10-12 19:20:15,961 [main] INFO  AppSettle - 清算流水号：2017101101 子流水：14 ：没有互联网支付对账、订单文件需处理
2017-10-12 19:20:15,961 [main] INFO  TaskUtil - 清算流水号：2017101101 子流水：14 :任务：交易文件及收益文件等预处理，所有子任务已完成。完成时间为：0秒
2017-10-12 19:20:15,962 [main] INFO  AppSettle - 清算流水号：2017101101 子流水：14 :第4批处理完成
2017-10-12 19:20:15,962 [main] INFO  AppSettle - ======================================================================
2017-10-12 19:20:15,962 [main] INFO  AppSettle - 

2017-10-12 19:20:15,971 [main] INFO  AppSettle - 清算流水号：2017101101 子流水：14 :等待10秒处理下一批次文件。。。
2017-10-12 19:20:25,972 [main] INFO  AppSettle - ======================================================================
2017-10-12 19:20:25,972 [main] INFO  AppSettle - 清算流水号：2017101101 子流水：14 :第5批处理开始
2017-10-12 19:20:25,973 [main] INFO  AppSettle - 清算流水号：2017101101 子流水：14 :没有交易文件需处理
2017-10-12 19:20:25,973 [main] INFO  AppSettle - 清算流水号：2017101101 子流水：14 ：没有审计、寄存器、收益文件需处理
2017-10-12 19:20:25,973 [main] INFO  AppSettle - 清算流水号：2017101101 子流水：14 :没有互联网支付交易文件需处理
2017-10-12 19:20:25,973 [main] INFO  AppSettle - 清算流水号：2017101101 子流水：14 ：没有互联网支付对账、订单文件需处理
2017-10-12 19:20:25,974 [main] INFO  TaskUtil - 清算流水号：2017101101 子流水：14 :任务：交易文件及收益文件等预处理，所有子任务已完成。完成时间为：0秒
2017-10-12 19:20:25,974 [main] INFO  AppSettle - 清算流水号：2017101101 子流水：14 :第5批处理完成
2017-10-12 19:20:25,974 [main] INFO  AppSettle - ======================================================================
2017-10-12 19:20:25,974 [main] INFO  AppSettle - 

2017-10-12 19:20:25,983 [main] INFO  AppSettle - 清算流水号：2017101101 子流水：14 :等待10秒处理下一批次文件。。。
2017-10-12 19:20:35,984 [main] INFO  AppSettle - ======================================================================
2017-10-12 19:20:35,984 [main] INFO  AppSettle - 清算流水号：2017101101 子流水：14 :第6批处理开始
2017-10-12 19:20:35,985 [main] INFO  AppSettle - 清算流水号：2017101101 子流水：14 :没有交易文件需处理
2017-10-12 19:20:35,985 [main] INFO  AppSettle - 清算流水号：2017101101 子流水：14 ：没有审计、寄存器、收益文件需处理
2017-10-12 19:20:35,985 [main] INFO  AppSettle - 清算流水号：2017101101 子流水：14 :没有互联网支付交易文件需处理
2017-10-12 19:20:35,986 [main] INFO  AppSettle - 清算流水号：2017101101 子流水：14 ：没有互联网支付对账、订单文件需处理
2017-10-12 19:20:35,986 [main] INFO  TaskUtil - 清算流水号：2017101101 子流水：14 :任务：交易文件及收益文件等预处理，所有子任务已完成。完成时间为：0秒
2017-10-12 19:20:35,986 [main] INFO  AppSettle - 清算流水号：2017101101 子流水：14 :第6批处理完成
2017-10-12 19:20:35,986 [main] INFO  AppSettle - ======================================================================
2017-10-12 19:20:35,987 [main] INFO  AppSettle - 

2017-10-12 19:20:35,996 [main] INFO  AppSettle - 清算流水号：2017101101 子流水：14 :等待10秒处理下一批次文件。。。
